0 verbose cli C:\Program Files\nodejs\node.exe C:\Users\jjcha\AppData\Roaming\npm\node_modules\npm\bin\npm-cli.js
1 info using npm@10.7.0
2 info using node@v22.15.0
3 silly config:load:file:C:\Users\jjcha\AppData\Roaming\npm\node_modules\npm\npmrc
4 silly config:load:file:D:\fairproject\fair_app\.npmrc
5 silly config:load:file:C:\Users\jjcha\.npmrc
6 silly config:load:file:C:\Users\jjcha\AppData\Roaming\npm\etc\npmrc
7 verbose title npm audit fix
8 verbose argv "audit" "fix"
9 verbose logfile logs-max:10 dir:D:\fairproject\fair_app\.npm-cache\_logs\2025-12-06T12_52_01_150Z-
10 verbose logfile D:\fairproject\fair_app\.npm-cache\_logs\2025-12-06T12_52_01_150Z-debug-0.log
11 silly logfile start cleaning logs, removing 1 files
12 silly logfile done cleaning log files
13 silly audit bulk request {
13 silly audit   '@alloc/quick-lru': [ '5.2.0' ],
13 silly audit   '@babel/code-frame': [ '7.27.1' ],
13 silly audit   '@babel/compat-data': [ '7.28.4' ],
13 silly audit   '@babel/core': [ '7.28.4' ],
13 silly audit   semver: [ '6.3.1', '7.6.3', '7.7.3' ],
13 silly audit   '@babel/generator': [ '7.28.3' ],
13 silly audit   '@babel/helper-annotate-as-pure': [ '7.27.3' ],
13 silly audit   '@babel/helper-compilation-targets': [ '7.27.2' ],
13 silly audit   '@babel/helper-create-class-features-plugin': [ '7.28.3' ],
13 silly audit   '@babel/helper-create-regexp-features-plugin': [ '7.27.1' ],
13 silly audit   '@babel/helper-define-polyfill-provider': [ '0.6.5' ],
13 silly audit   '@babel/helper-globals': [ '7.28.0' ],
13 silly audit   '@babel/helper-member-expression-to-functions': [ '7.27.1' ],
13 silly audit   '@babel/helper-module-imports': [ '7.27.1' ],
13 silly audit   '@babel/helper-module-transforms': [ '7.28.3' ],
13 silly audit   '@babel/helper-optimise-call-expression': [ '7.27.1' ],
13 silly audit   '@babel/helper-plugin-utils': [ '7.27.1' ],
13 silly audit   '@babel/helper-remap-async-to-generator': [ '7.27.1' ],
13 silly audit   '@babel/helper-replace-supers': [ '7.27.1' ],
13 silly audit   '@babel/helper-skip-transparent-expression-wrappers': [ '7.27.1' ],
13 silly audit   '@babel/helper-string-parser': [ '7.27.1' ],
13 silly audit   '@babel/helper-validator-identifier': [ '7.27.1' ],
13 silly audit   '@babel/helper-validator-option': [ '7.27.1' ],
13 silly audit   '@babel/helper-wrap-function': [ '7.28.3' ],
13 silly audit   '@babel/helpers': [ '7.28.4' ],
13 silly audit   '@babel/parser': [ '7.28.4' ],
13 silly audit   '@babel/plugin-bugfix-firefox-class-in-computed-class-key': [ '7.27.1' ],
13 silly audit   '@babel/plugin-bugfix-safari-class-field-initializer-scope': [ '7.27.1' ],
13 silly audit   '@babel/plugin-bugfix-safari-id-destructuring-collision-in-function-expression': [ '7.27.1' ],
13 silly audit   '@babel/plugin-bugfix-v8-spread-parameters-in-optional-chaining': [ '7.27.1' ],
13 silly audit   '@babel/plugin-bugfix-v8-static-class-fields-redefine-readonly': [ '7.28.3' ],
13 silly audit   '@babel/plugin-proposal-private-property-in-object': [ '7.21.0-placeholder-for-preset-env.2' ],
13 silly audit   '@babel/plugin-syntax-import-assertions': [ '7.27.1' ],
13 silly audit   '@babel/plugin-syntax-import-attributes': [ '7.27.1' ],
13 silly audit   '@babel/plugin-syntax-unicode-sets-regex': [ '7.18.6' ],
13 silly audit   '@babel/plugin-transform-arrow-functions': [ '7.27.1' ],
13 silly audit   '@babel/plugin-transform-async-generator-functions': [ '7.28.0' ],
13 silly audit   '@babel/plugin-transform-async-to-generator': [ '7.27.1' ],
13 silly audit   '@babel/plugin-transform-block-scoped-functions': [ '7.27.1' ],
13 silly audit   '@babel/plugin-transform-block-scoping': [ '7.28.4' ],
13 silly audit   '@babel/plugin-transform-class-properties': [ '7.27.1' ],
13 silly audit   '@babel/plugin-transform-class-static-block': [ '7.28.3' ],
13 silly audit   '@babel/plugin-transform-classes': [ '7.28.4' ],
13 silly audit   '@babel/plugin-transform-computed-properties': [ '7.27.1' ],
13 silly audit   '@babel/plugin-transform-destructuring': [ '7.28.0' ],
13 silly audit   '@babel/plugin-transform-dotall-regex': [ '7.27.1' ],
13 silly audit   '@babel/plugin-transform-duplicate-keys': [ '7.27.1' ],
13 silly audit   '@babel/plugin-transform-duplicate-named-capturing-groups-regex': [ '7.27.1' ],
13 silly audit   '@babel/plugin-transform-dynamic-import': [ '7.27.1' ],
13 silly audit   '@babel/plugin-transform-explicit-resource-management': [ '7.28.0' ],
13 silly audit   '@babel/plugin-transform-exponentiation-operator': [ '7.27.1' ],
13 silly audit   '@babel/plugin-transform-export-namespace-from': [ '7.27.1' ],
13 silly audit   '@babel/plugin-transform-for-of': [ '7.27.1' ],
13 silly audit   '@babel/plugin-transform-function-name': [ '7.27.1' ],
13 silly audit   '@babel/plugin-transform-json-strings': [ '7.27.1' ],
13 silly audit   '@babel/plugin-transform-literals': [ '7.27.1' ],
13 silly audit   '@babel/plugin-transform-logical-assignment-operators': [ '7.27.1' ],
13 silly audit   '@babel/plugin-transform-member-expression-literals': [ '7.27.1' ],
13 silly audit   '@babel/plugin-transform-modules-amd': [ '7.27.1' ],
13 silly audit   '@babel/plugin-transform-modules-commonjs': [ '7.27.1' ],
13 silly audit   '@babel/plugin-transform-modules-systemjs': [ '7.27.1' ],
13 silly audit   '@babel/plugin-transform-modules-umd': [ '7.27.1' ],
13 silly audit   '@babel/plugin-transform-named-capturing-groups-regex': [ '7.27.1' ],
13 silly audit   '@babel/plugin-transform-new-target': [ '7.27.1' ],
13 silly audit   '@babel/plugin-transform-nullish-coalescing-operator': [ '7.27.1' ],
13 silly audit   '@babel/plugin-transform-numeric-separator': [ '7.27.1' ],
13 silly audit   '@babel/plugin-transform-object-rest-spread': [ '7.28.4' ],
13 silly audit   '@babel/plugin-transform-object-super': [ '7.27.1' ],
13 silly audit   '@babel/plugin-transform-optional-catch-binding': [ '7.27.1' ],
13 silly audit   '@babel/plugin-transform-optional-chaining': [ '7.27.1' ],
13 silly audit   '@babel/plugin-transform-parameters': [ '7.27.7' ],
13 silly audit   '@babel/plugin-transform-private-methods': [ '7.27.1' ],
13 silly audit   '@babel/plugin-transform-private-property-in-object': [ '7.27.1' ],
13 silly audit   '@babel/plugin-transform-property-literals': [ '7.27.1' ],
13 silly audit   '@babel/plugin-transform-regenerator': [ '7.28.4' ],
13 silly audit   '@babel/plugin-transform-regexp-modifiers': [ '7.27.1' ],
13 silly audit   '@babel/plugin-transform-reserved-words': [ '7.27.1' ],
13 silly audit   '@babel/plugin-transform-shorthand-properties': [ '7.27.1' ],
13 silly audit   '@babel/plugin-transform-spread': [ '7.27.1' ],
13 silly audit   '@babel/plugin-transform-sticky-regex': [ '7.27.1' ],
13 silly audit   '@babel/plugin-transform-template-literals': [ '7.27.1' ],
13 silly audit   '@babel/plugin-transform-typeof-symbol': [ '7.27.1' ],
13 silly audit   '@babel/plugin-transform-unicode-escapes': [ '7.27.1' ],
13 silly audit   '@babel/plugin-transform-unicode-property-regex': [ '7.27.1' ],
13 silly audit   '@babel/plugin-transform-unicode-regex': [ '7.27.1' ],
13 silly audit   '@babel/plugin-transform-unicode-sets-regex': [ '7.27.1' ],
13 silly audit   '@babel/preset-env': [ '7.28.3' ],
13 silly audit   '@babel/preset-modules': [ '0.1.6-no-external-plugins' ],
13 silly audit   '@babel/runtime': [ '7.28.4' ],
13 silly audit   '@babel/template': [ '7.27.2' ],
13 silly audit   '@babel/traverse': [ '7.28.4' ],
13 silly audit   '@babel/types': [ '7.28.4' ],
13 silly audit   '@capacitor/camera': [ '7.0.2' ],
13 silly audit   '@capacitor/cli': [ '7.4.3' ],
13 silly audit   chownr: [ '2.0.0', '3.0.0' ],
13 silly audit   commander: [ '12.1.0', '2.20.3' ],
13 silly audit   'fs-extra': [ '11.3.2', '9.1.0' ],
13 silly audit   glob: [ '11.0.3', '7.2.3' ],
13 silly audit   minizlib: [ '2.1.2', '3.1.0' ],
13 silly audit   minipass: [ '3.3.6', '5.0.0', '7.1.2' ],
13 silly audit   rimraf: [ '6.0.1', '2.7.1' ],
13 silly audit   tar: [ '6.2.1', '7.5.1' ],
13 silly audit   yallist: [ '4.0.0', '3.1.1', '5.0.0' ],
13 silly audit   '@capacitor/core': [ '7.4.3' ],
13 silly audit   '@capacitor/filesystem': [ '7.1.4' ],
13 silly audit   '@capacitor/synapse': [ '1.0.4' ],
13 silly audit   '@ducanh2912/next-pwa': [ '10.2.9' ],
13 silly audit   '@apideck/better-ajv-errors': [ '0.3.6' ],
13 silly audit   '@rollup/plugin-node-resolve': [ '15.3.1', '11.2.1' ],
13 silly audit   '@rollup/pluginutils': [ '5.3.0', '3.1.0' ],
13 silly audit   '@types/resolve': [ '1.20.2', '1.17.1' ],
13 silly audit   ajv: [ '8.17.1', '6.12.6' ],
13 silly audit   'estree-walker': [ '2.0.2', '1.0.1' ],
13 silly audit   'fast-glob': [ '3.3.2', '3.3.3' ],
13 silly audit   'json-schema-traverse': [ '1.0.0', '0.4.1' ],
13 silly audit   picomatch: [ '4.0.3', '2.3.1' ],
13 silly audit   'source-map': [ '0.8.0-beta.0', '0.6.1' ],
13 silly audit   'webpack-sources': [ '1.4.3', '3.3.3' ],
13 silly audit   'workbox-background-sync': [ '7.1.0', '6.6.0' ],
13 silly audit   'workbox-broadcast-update': [ '7.1.0', '6.6.0' ],
13 silly audit   'workbox-build': [ '7.1.1', '7.1.0', '6.6.0' ],
13 silly audit   'workbox-cacheable-response': [ '7.1.0', '6.6.0' ],
13 silly audit   'workbox-core': [ '7.1.0', '6.6.0' ],
13 silly audit   'workbox-expiration': [ '7.1.0', '6.6.0' ],
13 silly audit   'workbox-google-analytics': [ '7.1.0', '6.6.0' ],
13 silly audit   'workbox-navigation-preload': [ '7.1.0', '6.6.0' ],
13 silly audit   'workbox-precaching': [ '7.1.0', '6.6.0' ],
13 silly audit   'workbox-range-requests': [ '7.1.0', '6.6.0' ],
13 silly audit   'workbox-recipes': [ '7.1.0', '6.6.0' ],
13 silly audit   'workbox-routing': [ '7.1.0', '6.6.0' ],
13 silly audit   'workbox-strategies': [ '7.1.0', '6.6.0' ],
13 silly audit   'workbox-streams': [ '7.1.0', '6.6.0' ],
13 silly audit   'workbox-sw': [ '7.1.0', '6.6.0' ],
13 silly audit   'workbox-webpack-plugin': [ '7.1.0', '6.6.0' ],
13 silly audit   'workbox-window': [ '7.1.0', '6.6.0' ],
13 silly audit   '@emnapi/runtime': [ '1.5.0' ],
13 silly audit   '@img/colour': [ '1.0.0' ],
13 silly audit   '@img/sharp-darwin-arm64': [ '0.34.4' ],
13 silly audit   '@img/sharp-darwin-x64': [ '0.34.4' ],
13 silly audit   '@img/sharp-libvips-darwin-arm64': [ '1.2.3' ],
13 silly audit   '@img/sharp-libvips-darwin-x64': [ '1.2.3' ],
13 silly audit   '@img/sharp-libvips-linux-arm': [ '1.2.3' ],
13 silly audit   '@img/sharp-libvips-linux-arm64': [ '1.2.3' ],
13 silly audit   '@img/sharp-libvips-linux-ppc64': [ '1.2.3' ],
13 silly audit   '@img/sharp-libvips-linux-s390x': [ '1.2.3' ],
13 silly audit   '@img/sharp-libvips-linux-x64': [ '1.2.3' ],
13 silly audit   '@img/sharp-libvips-linuxmusl-arm64': [ '1.2.3' ],
13 silly audit   '@img/sharp-libvips-linuxmusl-x64': [ '1.2.3' ],
13 silly audit   '@img/sharp-linux-arm': [ '0.34.4' ],
13 silly audit   '@img/sharp-linux-arm64': [ '0.34.4' ],
13 silly audit   '@img/sharp-linux-ppc64': [ '0.34.4' ],
13 silly audit   '@img/sharp-linux-s390x': [ '0.34.4' ],
13 silly audit   '@img/sharp-linux-x64': [ '0.34.4' ],
13 silly audit   '@img/sharp-linuxmusl-arm64': [ '0.34.4' ],
13 silly audit   '@img/sharp-linuxmusl-x64': [ '0.34.4' ],
13 silly audit   '@img/sharp-wasm32': [ '0.34.4' ],
13 silly audit   '@img/sharp-win32-arm64': [ '0.34.4' ],
13 silly audit   '@img/sharp-win32-ia32': [ '0.34.4' ],
13 silly audit   '@img/sharp-win32-x64': [ '0.34.4' ],
13 silly audit   '@ionic/cli-framework-output': [ '2.2.8' ],
13 silly audit   '@ionic/utils-array': [ '2.1.6' ],
13 silly audit   '@ionic/utils-fs': [ '3.1.7' ],
13 silly audit   '@ionic/utils-object': [ '2.1.6' ],
13 silly audit   '@ionic/utils-process': [ '2.1.12' ],
13 silly audit   '@ionic/utils-stream': [ '3.1.7' ],
13 silly audit   '@ionic/utils-subprocess': [ '3.0.1' ],
13 silly audit   '@ionic/utils-terminal': [ '2.3.5' ],
13 silly audit   '@isaacs/balanced-match': [ '4.0.1' ],
13 silly audit   '@isaacs/brace-expansion': [ '5.0.0' ],
13 silly audit   '@isaacs/cliui': [ '8.0.2' ],
13 silly audit   'ansi-regex': [ '6.2.2', '5.0.1' ],
13 silly audit   'ansi-styles': [ '6.2.3', '4.3.0' ],
13 silly audit   'emoji-regex': [ '9.2.2', '8.0.0' ],
13 silly audit   'string-width': [ '5.1.2', '4.2.3' ],
13 silly audit   'strip-ansi': [ '7.1.2', '6.0.1' ],
13 silly audit   'wrap-ansi': [ '8.1.0', '7.0.0' ],
13 silly audit   '@isaacs/fs-minipass': [ '4.0.1' ],
13 silly audit   '@jridgewell/gen-mapping': [ '0.3.13' ],
13 silly audit   '@jridgewell/remapping': [ '2.3.5' ],
13 silly audit   '@jridgewell/resolve-uri': [ '3.1.2' ],
13 silly audit   '@jridgewell/source-map': [ '0.3.11' ],
13 silly audit   '@jridgewell/sourcemap-codec': [ '1.5.5' ],
13 silly audit   '@jridgewell/trace-mapping': [ '0.3.31' ],
13 silly audit   '@mongodb-js/saslprep': [ '1.3.2' ],
13 silly audit   '@next/env': [ '16.0.7' ],
13 silly audit   '@next/swc-darwin-arm64': [ '16.0.7' ],
13 silly audit   '@next/swc-darwin-x64': [ '16.0.7' ],
13 silly audit   '@next/swc-linux-arm64-gnu': [ '16.0.7' ],
13 silly audit   '@next/swc-linux-arm64-musl': [ '16.0.7' ],
13 silly audit   '@next/swc-linux-x64-gnu': [ '16.0.7' ],
13 silly audit   '@next/swc-linux-x64-musl': [ '16.0.7' ],
13 silly audit   '@next/swc-win32-arm64-msvc': [ '16.0.7' ],
13 silly audit   '@next/swc-win32-x64-msvc': [ '16.0.7' ],
13 silly audit   '@nodelib/fs.scandir': [ '2.1.5' ],
13 silly audit   '@nodelib/fs.stat': [ '2.0.5' ],
13 silly audit   '@nodelib/fs.walk': [ '1.2.8' ],
13 silly audit   '@rollup/plugin-babel': [ '5.3.1' ],
13 silly audit   '@rollup/plugin-replace': [ '2.4.2' ],
13 silly audit   'magic-string': [ '0.25.9', '0.30.19' ],
13 silly audit   '@rollup/plugin-terser': [ '0.4.4' ],
13 silly audit   '@types/estree': [ '0.0.39', '1.0.8' ],
13 silly audit   '@surma/rollup-plugin-off-main-thread': [ '2.2.3' ],
13 silly audit   '@swc/helpers': [ '0.5.15' ],
13 silly audit   '@tailwindcss/node': [ '4.1.14' ],
13 silly audit   '@tailwindcss/oxide': [ '4.1.14' ],
13 silly audit   '@tailwindcss/oxide-android-arm64': [ '4.1.14' ],
13 silly audit   '@tailwindcss/oxide-darwin-arm64': [ '4.1.14' ],
13 silly audit   '@tailwindcss/oxide-darwin-x64': [ '4.1.14' ],
13 silly audit   '@tailwindcss/oxide-freebsd-x64': [ '4.1.14' ],
13 silly audit   '@tailwindcss/oxide-linux-arm-gnueabihf': [ '4.1.14' ],
13 silly audit   '@tailwindcss/oxide-linux-arm64-gnu': [ '4.1.14' ],
13 silly audit   '@tailwindcss/oxide-linux-arm64-musl': [ '4.1.14' ],
13 silly audit   '@tailwindcss/oxide-linux-x64-gnu': [ '4.1.14' ],
13 silly audit   '@tailwindcss/oxide-linux-x64-musl': [ '4.1.14' ],
13 silly audit   '@tailwindcss/oxide-wasm32-wasi': [ '4.1.14' ],
13 silly audit   '@tailwindcss/oxide-win32-arm64-msvc': [ '4.1.14' ],
13 silly audit   '@tailwindcss/oxide-win32-x64-msvc': [ '4.1.14' ],
13 silly audit   '@tailwindcss/postcss': [ '4.1.14' ],
13 silly audit   '@types/bcryptjs': [ '3.0.0' ],
13 silly audit   '@types/eslint': [ '9.6.1' ],
13 silly audit   '@types/eslint-scope': [ '3.7.7' ],
13 silly audit   '@types/fs-extra': [ '8.1.5' ],
13 silly audit   '@types/glob': [ '7.2.0' ],
13 silly audit   '@types/json-schema': [ '7.0.15' ],
13 silly audit   '@types/jsonwebtoken': [ '9.0.10' ],
13 silly audit   '@types/minimatch': [ '6.0.0' ],
13 silly audit   '@types/ms': [ '2.1.0' ],
13 silly audit   '@types/node': [ '20.19.19' ],
13 silly audit   '@types/react': [ '19.2.2' ],
13 silly audit   '@types/react-dom': [ '19.2.1' ],
13 silly audit   '@types/slice-ansi': [ '4.0.0' ],
13 silly audit   '@types/trusted-types': [ '2.0.7' ],
13 silly audit   '@types/webidl-conversions': [ '7.0.3' ],
13 silly audit   '@types/whatwg-url': [ '13.0.0', '11.0.5' ],
13 silly audit   '@webassemblyjs/ast': [ '1.14.1' ],
13 silly audit   '@webassemblyjs/floating-point-hex-parser': [ '1.13.2' ],
13 silly audit   '@webassemblyjs/helper-api-error': [ '1.13.2' ],
13 silly audit   '@webassemblyjs/helper-buffer': [ '1.14.1' ],
13 silly audit   '@webassemblyjs/helper-numbers': [ '1.13.2' ],
13 silly audit   '@webassemblyjs/helper-wasm-bytecode': [ '1.13.2' ],
13 silly audit   '@webassemblyjs/helper-wasm-section': [ '1.14.1' ],
13 silly audit   '@webassemblyjs/ieee754': [ '1.13.2' ],
13 silly audit   '@webassemblyjs/leb128': [ '1.13.2' ],
13 silly audit   '@webassemblyjs/utf8': [ '1.13.2' ],
13 silly audit   '@webassemblyjs/wasm-edit': [ '1.14.1' ],
13 silly audit   '@webassemblyjs/wasm-gen': [ '1.14.1' ],
13 silly audit   '@webassemblyjs/wasm-opt': [ '1.14.1' ],
13 silly audit   '@webassemblyjs/wasm-parser': [ '1.14.1' ],
13 silly audit   '@webassemblyjs/wast-printer': [ '1.14.1' ],
13 silly audit   '@xmldom/xmldom': [ '0.8.11' ],
13 silly audit   '@xtuc/ieee754': [ '1.2.0' ],
13 silly audit   '@xtuc/long': [ '4.2.2' ],
13 silly audit   acorn: [ '8.15.0' ],
13 silly audit   'acorn-import-phases': [ '1.0.4' ],
13 silly audit   'ajv-formats': [ '2.1.1' ],
13 silly audit   'ajv-keywords': [ '3.5.2', '5.1.0' ],
13 silly audit   'array-buffer-byte-length': [ '1.0.2' ],
13 silly audit   'array-union': [ '2.1.0', '1.0.2' ],
13 silly audit   'array-uniq': [ '1.0.3' ],
13 silly audit   'arraybuffer.prototype.slice': [ '1.0.4' ],
13 silly audit   'astral-regex': [ '2.0.0' ],
13 silly audit   async: [ '3.2.6' ],
13 silly audit   'async-function': [ '1.0.0' ],
13 silly audit   'at-least-node': [ '1.0.0' ],
13 silly audit   'available-typed-arrays': [ '1.0.7' ],
13 silly audit   'babel-loader': [ '8.4.1' ],
13 silly audit   'babel-plugin-polyfill-corejs2': [ '0.4.14' ],
13 silly audit   'babel-plugin-polyfill-corejs3': [ '0.13.0' ],
13 silly audit   'babel-plugin-polyfill-regenerator': [ '0.6.5' ],
13 silly audit   'balanced-match': [ '1.0.2' ],
13 silly audit   'base64-js': [ '1.5.1' ],
13 silly audit   'baseline-browser-mapping': [ '2.8.16' ],
13 silly audit   bcryptjs: [ '3.0.3' ],
13 silly audit   'big-integer': [ '1.6.52' ],
13 silly audit   'big.js': [ '5.2.2' ],
13 silly audit   'bplist-parser': [ '0.3.2' ],
13 silly audit   'brace-expansion': [ '2.0.2', '1.1.12' ],
13 silly audit   braces: [ '3.0.3' ],
13 silly audit   browserslist: [ '4.26.3' ],
13 silly audit   bson: [ '7.0.0', '6.10.4' ],
13 silly audit   'buffer-crc32': [ '0.2.13' ],
13 silly audit   'buffer-equal-constant-time': [ '1.0.1' ],
13 silly audit   'buffer-from': [ '1.1.2' ],
13 silly audit   'builtin-modules': [ '3.3.0' ],
13 silly audit   'call-bind': [ '1.0.8' ],
13 silly audit   'call-bind-apply-helpers': [ '1.0.2' ],
13 silly audit   'call-bound': [ '1.0.4' ],
13 silly audit   'caniuse-lite': [ '1.0.30001749' ],
13 silly audit   'chrome-trace-event': [ '1.0.4' ],
13 silly audit   'clean-webpack-plugin': [ '4.0.0' ],
13 silly audit   'client-only': [ '0.0.1' ],
13 silly audit   'color-convert': [ '2.0.1' ],
13 silly audit   'color-name': [ '1.1.4' ],
13 silly audit   'common-tags': [ '1.8.2' ],
13 silly audit   commondir: [ '1.0.1' ],
13 silly audit   'concat-map': [ '0.0.1' ],
13 silly audit   'convert-source-map': [ '2.0.0' ],
13 silly audit   'core-js-compat': [ '3.46.0' ],
13 silly audit   'cross-spawn': [ '7.0.6' ],
13 silly audit   'crypto-random-string': [ '2.0.0' ],
13 silly audit   csstype: [ '3.1.3' ],
13 silly audit   'data-view-buffer': [ '1.0.2' ],
13 silly audit   'data-view-byte-length': [ '1.0.2' ],
13 silly audit   'data-view-byte-offset': [ '1.0.1' ],
13 silly audit   debug: [ '4.4.3' ],
13 silly audit   deepmerge: [ '4.3.1' ],
13 silly audit   'define-data-property': [ '1.1.4' ],
13 silly audit   'define-lazy-prop': [ '2.0.0' ],
13 silly audit   'define-properties': [ '1.2.1' ],
13 silly audit   del: [ '4.1.1' ],
13 silly audit   globby: [ '6.1.0', '11.1.0' ],
13 silly audit   pify: [ '2.3.0', '4.0.1' ],
13 silly audit   'detect-libc': [ '2.1.2' ],
13 silly audit   'dir-glob': [ '3.0.1' ],
13 silly audit   dotenv: [ '17.2.3' ],
13 silly audit   'dunder-proto': [ '1.0.1' ],
13 silly audit   eastasianwidth: [ '0.2.0' ],
13 silly audit   'ecdsa-sig-formatter': [ '1.0.11' ],
13 silly audit   ejs: [ '3.1.10' ],
13 silly audit   'electron-to-chromium': [ '1.5.234' ],
13 silly audit   elementtree: [ '0.1.7' ],
13 silly audit   'emojis-list': [ '3.0.0' ],
13 silly audit   'enhanced-resolve': [ '5.18.3' ],
13 silly audit   'env-paths': [ '2.2.1' ],
13 silly audit   'es-abstract': [ '1.24.0' ],
13 silly audit   'es-define-property': [ '1.0.1' ],
13 silly audit   'es-errors': [ '1.3.0' ],
13 silly audit   'es-module-lexer': [ '1.7.0' ],
13 silly audit   'es-object-atoms': [ '1.1.1' ],
13 silly audit   'es-set-tostringtag': [ '2.1.0' ],
13 silly audit   'es-to-primitive': [ '1.3.0' ],
13 silly audit   escalade: [ '3.2.0' ],
13 silly audit   'eslint-scope': [ '5.1.1' ],
13 silly audit   esrecurse: [ '4.3.0' ],
13 silly audit   estraverse: [ '5.3.0', '4.3.0' ],
13 silly audit   esutils: [ '2.0.3' ],
13 silly audit   events: [ '3.3.0' ],
13 silly audit   'fast-deep-equal': [ '3.1.3' ],
13 silly audit   'fast-json-stable-stringify': [ '2.1.0' ],
13 silly audit   'fast-uri': [ '3.1.0' ],
13 silly audit   fastq: [ '1.19.1' ],
13 silly audit   'fd-slicer': [ '1.1.0' ],
13 silly audit   filelist: [ '1.0.4' ],
13 silly audit   minimatch: [ '5.1.6', '3.1.2', '10.0.3' ],
13 silly audit   'fill-range': [ '7.1.1' ],
13 silly audit   'find-cache-dir': [ '3.3.2' ],
13 silly audit   'find-up': [ '4.1.0' ],
13 silly audit   'for-each': [ '0.3.5' ],
13 silly audit   'foreground-child': [ '3.3.1' ],
13 silly audit   'signal-exit': [ '4.1.0', '3.0.7' ],
13 silly audit   'framer-motion': [ '12.23.24' ],
13 silly audit   'fs-minipass': [ '2.1.0' ],
13 silly audit   'fs.realpath': [ '1.0.0' ],
13 silly audit   fsevents: [ '2.3.3' ],
13 silly audit   'function-bind': [ '1.1.2' ],
13 silly audit   'function.prototype.name': [ '1.1.8' ],
13 silly audit   'functions-have-names': [ '1.2.3' ],
13 silly audit   'generator-function': [ '2.0.1' ],
13 silly audit   gensync: [ '1.0.0-beta.2' ],
13 silly audit   'get-intrinsic': [ '1.3.0' ],
13 silly audit   'get-own-enumerable-property-symbols': [ '3.0.2' ],
13 silly audit   'get-proto': [ '1.0.1' ],
13 silly audit   'get-symbol-description': [ '1.1.0' ],
13 silly audit   'glob-parent': [ '5.1.2' ],
13 silly audit   'glob-to-regexp': [ '0.4.1' ],
13 silly audit   globalthis: [ '1.0.4' ],
13 silly audit   goober: [ '2.1.18' ],
13 silly audit   gopd: [ '1.2.0' ],
13 silly audit   'graceful-fs': [ '4.2.11' ],
13 silly audit   'has-bigints': [ '1.1.0' ],
13 silly audit   'has-flag': [ '4.0.0' ],
13 silly audit   'has-property-descriptors': [ '1.0.2' ],
13 silly audit   'has-proto': [ '1.2.0' ],
13 silly audit   'has-symbols': [ '1.1.0' ],
13 silly audit   'has-tostringtag': [ '1.0.2' ],
13 silly audit   hasown: [ '2.0.2' ],
13 silly audit   idb: [ '7.1.1' ],
13 silly audit   ignore: [ '5.3.2' ],
13 silly audit   inflight: [ '1.0.6' ],
13 silly audit   inherits: [ '2.0.4' ],
13 silly audit   ini: [ '4.1.3' ],
13 silly audit   'internal-slot': [ '1.1.0' ],
13 silly audit   'is-array-buffer': [ '3.0.5' ],
13 silly audit   'is-async-function': [ '2.1.1' ],
13 silly audit   'is-bigint': [ '1.1.0' ],
13 silly audit   'is-boolean-object': [ '1.2.2' ],
13 silly audit   'is-callable': [ '1.2.7' ],
13 silly audit   'is-core-module': [ '2.16.1' ],
13 silly audit   'is-data-view': [ '1.0.2' ],
13 silly audit   'is-date-object': [ '1.1.0' ],
13 silly audit   'is-docker': [ '2.2.1' ],
13 silly audit   'is-extglob': [ '2.1.1' ],
13 silly audit   'is-finalizationregistry': [ '1.1.1' ],
13 silly audit   'is-fullwidth-code-point': [ '3.0.0' ],
13 silly audit   'is-generator-function': [ '1.1.2' ],
13 silly audit   'is-glob': [ '4.0.3' ],
13 silly audit   'is-map': [ '2.0.3' ],
13 silly audit   'is-module': [ '1.0.0' ],
13 silly audit   'is-negative-zero': [ '2.0.3' ],
13 silly audit   'is-number': [ '7.0.0' ],
13 silly audit   'is-number-object': [ '1.1.1' ],
13 silly audit   'is-obj': [ '1.0.1' ],
13 silly audit   'is-path-cwd': [ '2.2.0' ],
13 silly audit   'is-path-in-cwd': [ '2.1.0' ],
13 silly audit   'is-path-inside': [ '2.1.0' ],
13 silly audit   'is-regex': [ '1.2.1' ],
13 silly audit   'is-regexp': [ '1.0.0' ],
13 silly audit   'is-set': [ '2.0.3' ],
13 silly audit   'is-shared-array-buffer': [ '1.0.4' ],
13 silly audit   'is-stream': [ '2.0.1' ],
13 silly audit   'is-string': [ '1.1.1' ],
13 silly audit   'is-symbol': [ '1.1.1' ],
13 silly audit   'is-typed-array': [ '1.1.15' ],
13 silly audit   'is-weakmap': [ '2.0.2' ],
13 silly audit   'is-weakref': [ '1.1.1' ],
13 silly audit   'is-weakset': [ '2.0.4' ],
13 silly audit   'is-wsl': [ '2.2.0' ],
13 silly audit   isarray: [ '2.0.5' ],
13 silly audit   isexe: [ '2.0.0' ],
13 silly audit   jackspeak: [ '4.1.1' ],
13 silly audit   jake: [ '10.9.4' ],
13 silly audit   'jest-worker': [ '27.5.1', '26.6.2' ],
13 silly audit   jiti: [ '2.6.1' ],
13 silly audit   'js-tokens': [ '4.0.0' ],
13 silly audit   jsesc: [ '3.1.0' ],
13 silly audit   'json-parse-even-better-errors': [ '2.3.1' ],
13 silly audit   'json-schema': [ '0.4.0' ],
13 silly audit   json5: [ '2.2.3' ],
13 silly audit   jsonfile: [ '6.2.0' ],
13 silly audit   jsonpointer: [ '5.0.1' ],
13 silly audit   jsonwebtoken: [ '9.0.2' ],
13 silly audit   jwa: [ '1.4.2' ],
13 silly audit   jws: [ '3.2.2' ],
13 silly audit   kareem: [ '2.6.3' ],
13 silly audit   kleur: [ '4.1.5', '3.0.3' ],
13 silly audit   leven: [ '3.1.0' ],
13 silly audit   lightningcss: [ '1.30.1' ],
13 silly audit   'lightningcss-darwin-arm64': [ '1.30.1' ],
13 silly audit   'lightningcss-darwin-x64': [ '1.30.1' ],
13 silly audit   'lightningcss-freebsd-x64': [ '1.30.1' ],
13 silly audit   'lightningcss-linux-arm-gnueabihf': [ '1.30.1' ],
13 silly audit   'lightningcss-linux-arm64-gnu': [ '1.30.1' ],
13 silly audit   'lightningcss-linux-arm64-musl': [ '1.30.1' ],
13 silly audit   'lightningcss-linux-x64-gnu': [ '1.30.1' ],
13 silly audit   'lightningcss-linux-x64-musl': [ '1.30.1' ],
13 silly audit   'lightningcss-win32-arm64-msvc': [ '1.30.1' ],
13 silly audit   'lightningcss-win32-x64-msvc': [ '1.30.1' ],
13 silly audit   'loader-runner': [ '4.3.1' ],
13 silly audit   'loader-utils': [ '2.0.4' ],
13 silly audit   'locate-path': [ '5.0.0' ],
13 silly audit   lodash: [ '4.17.21' ],
13 silly audit   'lodash.debounce': [ '4.0.8' ],
13 silly audit   'lodash.includes': [ '4.3.0' ],
13 silly audit   'lodash.isboolean': [ '3.0.3' ],
13 silly audit   'lodash.isinteger': [ '4.0.4' ],
13 silly audit   'lodash.isnumber': [ '3.0.3' ],
13 silly audit   'lodash.isplainobject': [ '4.0.6' ],
13 silly audit   'lodash.isstring': [ '4.0.1' ],
13 silly audit   'lodash.once': [ '4.1.1' ],
13 silly audit   'lodash.sortby': [ '4.7.0' ],
13 silly audit   'lru-cache': [ '5.1.1', '11.2.2' ],
13 silly audit   'make-dir': [ '3.1.0' ],
13 silly audit   'math-intrinsics': [ '1.1.0' ],
13 silly audit   'memory-pager': [ '1.5.0' ],
13 silly audit   'merge-stream': [ '2.0.0' ],
13 silly audit   merge2: [ '1.4.1' ],
13 silly audit   micromatch: [ '4.0.8' ],
13 silly audit   'mime-db': [ '1.52.0' ],
13 silly audit   'mime-types': [ '2.1.35' ],
13 silly audit   mkdirp: [ '1.0.4' ],
13 silly audit   mongodb: [ '7.0.0', '6.20.0' ],
13 silly audit   'mongodb-connection-string-url': [ '7.0.0', '3.0.2' ],
13 silly audit   tr46: [ '5.1.1', '1.0.1' ],
13 silly audit   'webidl-conversions': [ '7.0.0', '4.0.2' ],
13 silly audit   'whatwg-url': [ '14.2.0', '7.1.0' ],
13 silly audit   mongoose: [ '8.19.4' ],
13 silly audit   'motion-dom': [ '12.23.23' ],
13 silly audit   'motion-utils': [ '12.23.6' ],
13 silly audit   mpath: [ '0.9.0' ],
13 silly audit   mquery: [ '5.0.0' ],
13 silly audit   ms: [ '2.1.3' ],
13 silly audit   nanoid: [ '3.3.11' ],
13 silly audit   'native-run': [ '2.0.1' ],
13 silly audit   'neo-async': [ '2.6.2' ],
13 silly audit   next: [ '16.0.7' ],
13 silly audit   'next-pwa': [ '5.6.0' ],
13 silly audit   postcss: [ '8.4.31', '8.5.6' ],
13 silly audit   'node-releases': [ '2.0.23' ],
13 silly audit   'object-assign': [ '4.1.1' ],
13 silly audit   'object-inspect': [ '1.13.4' ],
13 silly audit   'object-keys': [ '1.1.1' ],
13 silly audit   'object.assign': [ '4.1.7' ],
13 silly audit   once: [ '1.4.0' ],
13 silly audit   open: [ '8.4.2' ],
13 silly audit   'own-keys': [ '1.0.1' ],
13 silly audit   'p-limit': [ '2.3.0' ],
13 silly audit   'p-locate': [ '4.1.0' ],
13 silly audit   'p-map': [ '2.1.0' ],
13 silly audit   'p-try': [ '2.2.0' ],
13 silly audit   'package-json-from-dist': [ '1.0.1' ],
13 silly audit   'path-exists': [ '4.0.0' ],
13 silly audit   'path-is-absolute': [ '1.0.1' ],
13 silly audit   'path-is-inside': [ '1.0.2' ],
13 silly audit   'path-key': [ '3.1.1' ],
13 silly audit   'path-parse': [ '1.0.7' ],
13 silly audit   'path-scurry': [ '2.0.0' ],
13 silly audit   'path-type': [ '4.0.0' ],
13 silly audit   pend: [ '1.2.0' ],
13 silly audit   picocolors: [ '1.1.1' ],
13 silly audit   pinkie: [ '2.0.4' ],
13 silly audit   'pinkie-promise': [ '2.0.1' ],
13 silly audit   'pkg-dir': [ '4.2.0' ],
13 silly audit   plist: [ '3.1.0' ],
13 silly audit   'possible-typed-array-names': [ '1.1.0' ],
13 silly audit   'pretty-bytes': [ '5.6.0' ],
13 silly audit   prompts: [ '2.4.2' ],
13 silly audit   punycode: [ '2.3.1' ],
13 silly audit   'queue-microtask': [ '1.2.3' ],
13 silly audit   randombytes: [ '2.1.0' ],
13 silly audit   react: [ '19.1.0' ],
13 silly audit   'react-dom': [ '19.1.0' ],
13 silly audit   'react-hot-toast': [ '2.6.0' ],
13 silly audit   'readable-stream': [ '3.6.2' ],
13 silly audit   'reflect.getprototypeof': [ '1.0.10' ],
13 silly audit   regenerate: [ '1.4.2' ],
13 silly audit   'regenerate-unicode-properties': [ '10.2.2' ],
13 silly audit   'regexp.prototype.flags': [ '1.5.4' ],
13 silly audit   'regexpu-core': [ '6.4.0' ],
13 silly audit   regjsgen: [ '0.8.0' ],
13 silly audit   regjsparser: [ '0.13.0' ],
13 silly audit   'require-from-string': [ '2.0.2' ],
13 silly audit   resolve: [ '1.22.10' ],
13 silly audit   reusify: [ '1.1.0' ],
13 silly audit   rollup: [ '2.79.2' ],
13 silly audit   'rollup-plugin-terser': [ '7.0.2' ],
13 silly audit   'serialize-javascript': [ '4.0.0', '6.0.2' ],
13 silly audit   'supports-color': [ '7.2.0', '8.1.1' ],
13 silly audit   'run-parallel': [ '1.2.0' ],
13 silly audit   'safe-array-concat': [ '1.1.3' ],
13 silly audit   'safe-buffer': [ '5.2.1' ],
13 silly audit   'safe-push-apply': [ '1.0.0' ],
13 silly audit   'safe-regex-test': [ '1.1.0' ],
13 silly audit   sax: [ '1.1.4' ],
13 silly audit   scheduler: [ '0.26.0' ],
13 silly audit   'schema-utils': [ '2.7.1', '4.3.3' ],
13 silly audit   'set-function-length': [ '1.2.2' ],
13 silly audit   'set-function-name': [ '2.0.2' ],
13 silly audit   'set-proto': [ '1.0.0' ],
13 silly audit   sharp: [ '0.34.4' ],
13 silly audit   'shebang-command': [ '2.0.0' ],
13 silly audit   'shebang-regex': [ '3.0.0' ],
13 silly audit   'side-channel': [ '1.1.0' ],
13 silly audit   'side-channel-list': [ '1.0.0' ],
13 silly audit   'side-channel-map': [ '1.0.1' ],
13 silly audit   'side-channel-weakmap': [ '1.0.2' ],
13 silly audit   sift: [ '17.1.3' ],
13 silly audit   sisteransi: [ '1.0.5' ],
13 silly audit   slash: [ '3.0.0' ],
13 silly audit   'slice-ansi': [ '4.0.0' ],
13 silly audit   smob: [ '1.5.0' ],
13 silly audit   'source-list-map': [ '2.0.1' ],
13 silly audit   'source-map-js': [ '1.2.1' ],
13 silly audit   'source-map-support': [ '0.5.21' ],
13 silly audit   'sourcemap-codec': [ '1.4.8' ],
13 silly audit   'sparse-bitfield': [ '3.0.3' ],
13 silly audit   split2: [ '4.2.0' ],
13 silly audit   'stop-iteration-iterator': [ '1.1.0' ],
13 silly audit   string_decoder: [ '1.3.0' ],
13 silly audit   'string.prototype.matchall': [ '4.0.12' ],
13 silly audit   'string.prototype.trim': [ '1.2.10' ],
13 silly audit   'string.prototype.trimend': [ '1.0.9' ],
13 silly audit   'string.prototype.trimstart': [ '1.0.8' ],
13 silly audit   'stringify-object': [ '3.3.0' ],
13 silly audit   'strip-comments': [ '2.0.1' ],
13 silly audit   'styled-jsx': [ '5.1.6' ],
13 silly audit   'supports-preserve-symlinks-flag': [ '1.0.0' ],
13 silly audit   tailwindcss: [ '4.1.14' ],
13 silly audit   tapable: [ '2.3.0' ],
13 silly audit   'temp-dir': [ '2.0.0' ],
13 silly audit   tempy: [ '0.6.0' ],
13 silly audit   terser: [ '5.44.0' ],
13 silly audit   'terser-webpack-plugin': [ '5.3.14' ],
13 silly audit   through2: [ '4.0.2' ],
13 silly audit   'to-regex-range': [ '5.0.1' ],
13 silly audit   'tree-kill': [ '1.2.2' ],
13 silly audit   tslib: [ '2.8.1' ],
13 silly audit   'type-fest': [ '0.16.0' ],
13 silly audit   'typed-array-buffer': [ '1.0.3' ],
13 silly audit   'typed-array-byte-length': [ '1.0.3' ],
13 silly audit   'typed-array-byte-offset': [ '1.0.4' ],
13 silly audit   'typed-array-length': [ '1.0.7' ],
13 silly audit   typescript: [ '5.9.3' ],
13 silly audit   'unbox-primitive': [ '1.1.0' ],
13 silly audit   'undici-types': [ '6.21.0' ],
13 silly audit   'unicode-canonical-property-names-ecmascript': [ '2.0.1' ],
13 silly audit   'unicode-match-property-ecmascript': [ '2.0.0' ],
13 silly audit   'unicode-match-property-value-ecmascript': [ '2.2.1' ],
13 silly audit   'unicode-property-aliases-ecmascript': [ '2.2.0' ],
13 silly audit   'unique-string': [ '2.0.0' ],
13 silly audit   universalify: [ '2.0.1' ],
13 silly audit   untildify: [ '4.0.0' ],
13 silly audit   upath: [ '1.2.0' ],
13 silly audit   'update-browserslist-db': [ '1.1.3' ],
13 silly audit   'uri-js': [ '4.4.1' ],
13 silly audit   'util-deprecate': [ '1.0.2' ],
13 silly audit   watchpack: [ '2.4.4' ],
13 silly audit   webpack: [ '5.102.1' ],
13 silly audit   which: [ '2.0.2' ],
13 silly audit   'which-boxed-primitive': [ '1.1.1' ],
13 silly audit   'which-builtin-type': [ '1.2.1' ],
13 silly audit   'which-collection': [ '1.0.2' ],
13 silly audit   'which-typed-array': [ '1.1.19' ],
13 silly audit   wrappy: [ '1.0.2' ],
13 silly audit   xml2js: [ '0.6.2' ],
13 silly audit   xmlbuilder: [ '11.0.1', '15.1.1' ],
13 silly audit   yauzl: [ '2.10.0' ]
13 silly audit }
14 http fetch POST 200 https://registry.npmjs.org/-/npm/v1/security/advisories/bulk 334ms
15 silly audit report {
15 silly audit report   glob: [
15 silly audit report     {
15 silly audit report       id: 1109843,
15 silly audit report       url: 'https://github.com/advisories/GHSA-5j98-mcp5-4vw2',
15 silly audit report       title: 'glob CLI: Command injection via -c/--cmd executes matches with shell:true',
15 silly audit report       severity: 'high',
15 silly audit report       vulnerable_versions: '>=11.0.0 <11.1.0',
15 silly audit report       cwe: [Array],
15 silly audit report       cvss: [Object]
15 silly audit report     }
15 silly audit report   ],
15 silly audit report   tar: [
15 silly audit report     {
15 silly audit report       id: 1109463,
15 silly audit report       url: 'https://github.com/advisories/GHSA-29xp-372q-xqph',
15 silly audit report       title: 'node-tar has a race condition leading to uninitialized memory exposure',
15 silly audit report       severity: 'moderate',
15 silly audit report       vulnerable_versions: '=7.5.1',
15 silly audit report       cwe: [Array],
15 silly audit report       cvss: [Object]
15 silly audit report     }
15 silly audit report   ],
15 silly audit report   jws: [
15 silly audit report     {
15 silly audit report       id: 1111244,
15 silly audit report       url: 'https://github.com/advisories/GHSA-869p-cjfg-cm3x',
15 silly audit report       title: 'auth0/node-jws Improperly Verifies HMAC Signature',
15 silly audit report       severity: 'high',
15 silly audit report       vulnerable_versions: '<3.2.3',
15 silly audit report       cwe: [Array],
15 silly audit report       cvss: [Object]
15 silly audit report     }
15 silly audit report   ]
15 silly audit report }
16 http fetch GET 200 https://registry.npmjs.org/tar 20ms (cache hit)
17 http fetch GET 200 https://registry.npmjs.org/jws 21ms (cache hit)
18 http fetch GET 200 https://registry.npmjs.org/glob 22ms (cache hit)
19 http fetch GET 200 https://registry.npmjs.org/rimraf 8ms (cache hit)
20 http fetch GET 200 https://registry.npmjs.org/@tailwindcss%2foxide 13ms (cache hit)
21 http fetch GET 200 https://registry.npmjs.org/jsonwebtoken 9ms (cache hit)
22 silly idealTree buildDeps
23 silly fetch manifest tar@^7.5.1
24 silly placeDep ROOT tar@7.5.2 REPLACE for: @tailwindcss/oxide@4.1.14 want: ^7.5.1
25 silly fetch manifest jws@^3.2.2
26 silly placeDep ROOT jws@3.2.3 REPLACE for: jsonwebtoken@9.0.2 want: ^3.2.2
27 silly fetch manifest glob@^11.0.0
28 silly placeDep node_modules/@capacitor/cli glob@11.1.0 REPLACE for: rimraf@6.0.1 want: ^11.0.0
29 silly fetch manifest minimatch@^10.1.1
30 http fetch GET 200 https://registry.npmjs.org/minimatch 269ms (cache updated)
31 silly placeDep ROOT minimatch@10.1.1 REPLACE for: glob@11.1.0 want: ^10.1.1
32 silly reify mark retired [
32 silly reify   'D:\\fairproject\\fair_app\\node_modules\\@capacitor\\cli\\node_modules\\glob',
32 silly reify   'D:\\fairproject\\fair_app\\node_modules\\@capacitor\\cli\\node_modules\\.bin\\glob',
32 silly reify   'D:\\fairproject\\fair_app\\node_modules\\@capacitor\\cli\\node_modules\\.bin\\glob.cmd',
32 silly reify   'D:\\fairproject\\fair_app\\node_modules\\@capacitor\\cli\\node_modules\\.bin\\glob.ps1'
32 silly reify ]
33 silly reify mark retired [ 'D:\\fairproject\\fair_app\\node_modules\\jws' ]
34 silly reify mark retired [ 'D:\\fairproject\\fair_app\\node_modules\\minimatch' ]
35 silly reify mark retired [ 'D:\\fairproject\\fair_app\\node_modules\\tar' ]
36 silly reify moves {
36 silly reify   'D:\\fairproject\\fair_app\\node_modules\\@capacitor\\cli\\node_modules\\glob': 'D:\\fairproject\\fair_app\\node_modules\\@capacitor\\cli\\node_modules\\.glob-3YN4h9je',
36 silly reify   'D:\\fairproject\\fair_app\\node_modules\\@capacitor\\cli\\node_modules\\.bin\\glob': 'D:\\fairproject\\fair_app\\node_modules\\@capacitor\\cli\\node_modules\\.bin\\.glob-4z4MQmMH',
36 silly reify   'D:\\fairproject\\fair_app\\node_modules\\@capacitor\\cli\\node_modules\\.bin\\glob.cmd': 'D:\\fairproject\\fair_app\\node_modules\\@capacitor\\cli\\node_modules\\.bin\\.glob.cmd-HnMBTCQ5',
36 silly reify   'D:\\fairproject\\fair_app\\node_modules\\@capacitor\\cli\\node_modules\\.bin\\glob.ps1': 'D:\\fairproject\\fair_app\\node_modules\\@capacitor\\cli\\node_modules\\.bin\\.glob.ps1-hjgHZUGY',
36 silly reify   'D:\\fairproject\\fair_app\\node_modules\\jws': 'D:\\fairproject\\fair_app\\node_modules\\.jws-YlmBXXpC',
36 silly reify   'D:\\fairproject\\fair_app\\node_modules\\minimatch': 'D:\\fairproject\\fair_app\\node_modules\\.minimatch-Zvbm6RO6',
36 silly reify   'D:\\fairproject\\fair_app\\node_modules\\tar': 'D:\\fairproject\\fair_app\\node_modules\\.tar-OV3GWqSk'
36 silly reify }
37 verbose reify failed optional dependency D:\fairproject\fair_app\node_modules\@tailwindcss\oxide-wasm32-wasi
38 silly reify mark deleted [
38 silly reify   'D:\\fairproject\\fair_app\\node_modules\\@tailwindcss\\oxide-wasm32-wasi'
38 silly reify ]
39 silly audit bulk request {
39 silly audit   '@alloc/quick-lru': [ '5.2.0' ],
39 silly audit   '@babel/code-frame': [ '7.27.1' ],
39 silly audit   '@babel/compat-data': [ '7.28.4' ],
39 silly audit   '@babel/core': [ '7.28.4' ],
39 silly audit   semver: [ '6.3.1', '7.6.3', '7.7.3' ],
39 silly audit   '@babel/generator': [ '7.28.3' ],
39 silly audit   '@babel/helper-annotate-as-pure': [ '7.27.3' ],
39 silly audit   '@babel/helper-compilation-targets': [ '7.27.2' ],
39 silly audit   '@babel/helper-create-class-features-plugin': [ '7.28.3' ],
39 silly audit   '@babel/helper-create-regexp-features-plugin': [ '7.27.1' ],
39 silly audit   '@babel/helper-define-polyfill-provider': [ '0.6.5' ],
39 silly audit   '@babel/helper-globals': [ '7.28.0' ],
39 silly audit   '@babel/helper-member-expression-to-functions': [ '7.27.1' ],
39 silly audit   '@babel/helper-module-imports': [ '7.27.1' ],
39 silly audit   '@babel/helper-module-transforms': [ '7.28.3' ],
39 silly audit   '@babel/helper-optimise-call-expression': [ '7.27.1' ],
39 silly audit   '@babel/helper-plugin-utils': [ '7.27.1' ],
39 silly audit   '@babel/helper-remap-async-to-generator': [ '7.27.1' ],
39 silly audit   '@babel/helper-replace-supers': [ '7.27.1' ],
39 silly audit   '@babel/helper-skip-transparent-expression-wrappers': [ '7.27.1' ],
39 silly audit   '@babel/helper-string-parser': [ '7.27.1' ],
39 silly audit   '@babel/helper-validator-identifier': [ '7.27.1' ],
39 silly audit   '@babel/helper-validator-option': [ '7.27.1' ],
39 silly audit   '@babel/helper-wrap-function': [ '7.28.3' ],
39 silly audit   '@babel/helpers': [ '7.28.4' ],
39 silly audit   '@babel/parser': [ '7.28.4' ],
39 silly audit   '@babel/plugin-bugfix-firefox-class-in-computed-class-key': [ '7.27.1' ],
39 silly audit   '@babel/plugin-bugfix-safari-class-field-initializer-scope': [ '7.27.1' ],
39 silly audit   '@babel/plugin-bugfix-safari-id-destructuring-collision-in-function-expression': [ '7.27.1' ],
39 silly audit   '@babel/plugin-bugfix-v8-spread-parameters-in-optional-chaining': [ '7.27.1' ],
39 silly audit   '@babel/plugin-bugfix-v8-static-class-fields-redefine-readonly': [ '7.28.3' ],
39 silly audit   '@babel/plugin-proposal-private-property-in-object': [ '7.21.0-placeholder-for-preset-env.2' ],
39 silly audit   '@babel/plugin-syntax-import-assertions': [ '7.27.1' ],
39 silly audit   '@babel/plugin-syntax-import-attributes': [ '7.27.1' ],
39 silly audit   '@babel/plugin-syntax-unicode-sets-regex': [ '7.18.6' ],
39 silly audit   '@babel/plugin-transform-arrow-functions': [ '7.27.1' ],
39 silly audit   '@babel/plugin-transform-async-generator-functions': [ '7.28.0' ],
39 silly audit   '@babel/plugin-transform-async-to-generator': [ '7.27.1' ],
39 silly audit   '@babel/plugin-transform-block-scoped-functions': [ '7.27.1' ],
39 silly audit   '@babel/plugin-transform-block-scoping': [ '7.28.4' ],
39 silly audit   '@babel/plugin-transform-class-properties': [ '7.27.1' ],
39 silly audit   '@babel/plugin-transform-class-static-block': [ '7.28.3' ],
39 silly audit   '@babel/plugin-transform-classes': [ '7.28.4' ],
39 silly audit   '@babel/plugin-transform-computed-properties': [ '7.27.1' ],
39 silly audit   '@babel/plugin-transform-destructuring': [ '7.28.0' ],
39 silly audit   '@babel/plugin-transform-dotall-regex': [ '7.27.1' ],
39 silly audit   '@babel/plugin-transform-duplicate-keys': [ '7.27.1' ],
39 silly audit   '@babel/plugin-transform-duplicate-named-capturing-groups-regex': [ '7.27.1' ],
39 silly audit   '@babel/plugin-transform-dynamic-import': [ '7.27.1' ],
39 silly audit   '@babel/plugin-transform-explicit-resource-management': [ '7.28.0' ],
39 silly audit   '@babel/plugin-transform-exponentiation-operator': [ '7.27.1' ],
39 silly audit   '@babel/plugin-transform-export-namespace-from': [ '7.27.1' ],
39 silly audit   '@babel/plugin-transform-for-of': [ '7.27.1' ],
39 silly audit   '@babel/plugin-transform-function-name': [ '7.27.1' ],
39 silly audit   '@babel/plugin-transform-json-strings': [ '7.27.1' ],
39 silly audit   '@babel/plugin-transform-literals': [ '7.27.1' ],
39 silly audit   '@babel/plugin-transform-logical-assignment-operators': [ '7.27.1' ],
39 silly audit   '@babel/plugin-transform-member-expression-literals': [ '7.27.1' ],
39 silly audit   '@babel/plugin-transform-modules-amd': [ '7.27.1' ],
39 silly audit   '@babel/plugin-transform-modules-commonjs': [ '7.27.1' ],
39 silly audit   '@babel/plugin-transform-modules-systemjs': [ '7.27.1' ],
39 silly audit   '@babel/plugin-transform-modules-umd': [ '7.27.1' ],
39 silly audit   '@babel/plugin-transform-named-capturing-groups-regex': [ '7.27.1' ],
39 silly audit   '@babel/plugin-transform-new-target': [ '7.27.1' ],
39 silly audit   '@babel/plugin-transform-nullish-coalescing-operator': [ '7.27.1' ],
39 silly audit   '@babel/plugin-transform-numeric-separator': [ '7.27.1' ],
39 silly audit   '@babel/plugin-transform-object-rest-spread': [ '7.28.4' ],
39 silly audit   '@babel/plugin-transform-object-super': [ '7.27.1' ],
39 silly audit   '@babel/plugin-transform-optional-catch-binding': [ '7.27.1' ],
39 silly audit   '@babel/plugin-transform-optional-chaining': [ '7.27.1' ],
39 silly audit   '@babel/plugin-transform-parameters': [ '7.27.7' ],
39 silly audit   '@babel/plugin-transform-private-methods': [ '7.27.1' ],
39 silly audit   '@babel/plugin-transform-private-property-in-object': [ '7.27.1' ],
39 silly audit   '@babel/plugin-transform-property-literals': [ '7.27.1' ],
39 silly audit   '@babel/plugin-transform-regenerator': [ '7.28.4' ],
39 silly audit   '@babel/plugin-transform-regexp-modifiers': [ '7.27.1' ],
39 silly audit   '@babel/plugin-transform-reserved-words': [ '7.27.1' ],
39 silly audit   '@babel/plugin-transform-shorthand-properties': [ '7.27.1' ],
39 silly audit   '@babel/plugin-transform-spread': [ '7.27.1' ],
39 silly audit   '@babel/plugin-transform-sticky-regex': [ '7.27.1' ],
39 silly audit   '@babel/plugin-transform-template-literals': [ '7.27.1' ],
39 silly audit   '@babel/plugin-transform-typeof-symbol': [ '7.27.1' ],
39 silly audit   '@babel/plugin-transform-unicode-escapes': [ '7.27.1' ],
39 silly audit   '@babel/plugin-transform-unicode-property-regex': [ '7.27.1' ],
39 silly audit   '@babel/plugin-transform-unicode-regex': [ '7.27.1' ],
39 silly audit   '@babel/plugin-transform-unicode-sets-regex': [ '7.27.1' ],
39 silly audit   '@babel/preset-env': [ '7.28.3' ],
39 silly audit   '@babel/preset-modules': [ '0.1.6-no-external-plugins' ],
39 silly audit   '@babel/runtime': [ '7.28.4' ],
39 silly audit   '@babel/template': [ '7.27.2' ],
39 silly audit   '@babel/traverse': [ '7.28.4' ],
39 silly audit   '@babel/types': [ '7.28.4' ],
39 silly audit   '@capacitor/camera': [ '7.0.2' ],
39 silly audit   '@capacitor/cli': [ '7.4.3' ],
39 silly audit   chownr: [ '2.0.0', '3.0.0' ],
39 silly audit   commander: [ '12.1.0', '2.20.3' ],
39 silly audit   'fs-extra': [ '11.3.2', '9.1.0' ],
39 silly audit   glob: [ '7.2.3', '11.1.0' ],
39 silly audit   minizlib: [ '2.1.2', '3.1.0' ],
39 silly audit   minipass: [ '3.3.6', '5.0.0', '7.1.2' ],
39 silly audit   rimraf: [ '6.0.1', '2.7.1' ],
39 silly audit   tar: [ '6.2.1', '7.5.2' ],
39 silly audit   yallist: [ '4.0.0', '3.1.1', '5.0.0' ],
39 silly audit   '@capacitor/core': [ '7.4.3' ],
39 silly audit   '@capacitor/filesystem': [ '7.1.4' ],
39 silly audit   '@capacitor/synapse': [ '1.0.4' ],
39 silly audit   '@ducanh2912/next-pwa': [ '10.2.9' ],
39 silly audit   '@apideck/better-ajv-errors': [ '0.3.6' ],
39 silly audit   '@rollup/plugin-node-resolve': [ '15.3.1', '11.2.1' ],
39 silly audit   '@rollup/pluginutils': [ '5.3.0', '3.1.0' ],
39 silly audit   '@types/resolve': [ '1.20.2', '1.17.1' ],
39 silly audit   ajv: [ '8.17.1', '6.12.6' ],
39 silly audit   'estree-walker': [ '2.0.2', '1.0.1' ],
39 silly audit   'fast-glob': [ '3.3.2', '3.3.3' ],
39 silly audit   'json-schema-traverse': [ '1.0.0', '0.4.1' ],
39 silly audit   picomatch: [ '4.0.3', '2.3.1' ],
39 silly audit   'source-map': [ '0.8.0-beta.0', '0.6.1' ],
39 silly audit   'webpack-sources': [ '1.4.3', '3.3.3' ],
39 silly audit   'workbox-background-sync': [ '7.1.0', '6.6.0' ],
39 silly audit   'workbox-broadcast-update': [ '7.1.0', '6.6.0' ],
39 silly audit   'workbox-build': [ '7.1.1', '7.1.0', '6.6.0' ],
39 silly audit   'workbox-cacheable-response': [ '7.1.0', '6.6.0' ],
39 silly audit   'workbox-core': [ '7.1.0', '6.6.0' ],
39 silly audit   'workbox-expiration': [ '7.1.0', '6.6.0' ],
39 silly audit   'workbox-google-analytics': [ '7.1.0', '6.6.0' ],
39 silly audit   'workbox-navigation-preload': [ '7.1.0', '6.6.0' ],
39 silly audit   'workbox-precaching': [ '7.1.0', '6.6.0' ],
39 silly audit   'workbox-range-requests': [ '7.1.0', '6.6.0' ],
39 silly audit   'workbox-recipes': [ '7.1.0', '6.6.0' ],
39 silly audit   'workbox-routing': [ '7.1.0', '6.6.0' ],
39 silly audit   'workbox-strategies': [ '7.1.0', '6.6.0' ],
39 silly audit   'workbox-streams': [ '7.1.0', '6.6.0' ],
39 silly audit   'workbox-sw': [ '7.1.0', '6.6.0' ],
39 silly audit   'workbox-webpack-plugin': [ '7.1.0', '6.6.0' ],
39 silly audit   'workbox-window': [ '7.1.0', '6.6.0' ],
39 silly audit   '@emnapi/runtime': [ '1.5.0' ],
39 silly audit   '@img/colour': [ '1.0.0' ],
39 silly audit   '@img/sharp-darwin-arm64': [ '0.34.4' ],
39 silly audit   '@img/sharp-darwin-x64': [ '0.34.4' ],
39 silly audit   '@img/sharp-libvips-darwin-arm64': [ '1.2.3' ],
39 silly audit   '@img/sharp-libvips-darwin-x64': [ '1.2.3' ],
39 silly audit   '@img/sharp-libvips-linux-arm': [ '1.2.3' ],
39 silly audit   '@img/sharp-libvips-linux-arm64': [ '1.2.3' ],
39 silly audit   '@img/sharp-libvips-linux-ppc64': [ '1.2.3' ],
39 silly audit   '@img/sharp-libvips-linux-s390x': [ '1.2.3' ],
39 silly audit   '@img/sharp-libvips-linux-x64': [ '1.2.3' ],
39 silly audit   '@img/sharp-libvips-linuxmusl-arm64': [ '1.2.3' ],
39 silly audit   '@img/sharp-libvips-linuxmusl-x64': [ '1.2.3' ],
39 silly audit   '@img/sharp-linux-arm': [ '0.34.4' ],
39 silly audit   '@img/sharp-linux-arm64': [ '0.34.4' ],
39 silly audit   '@img/sharp-linux-ppc64': [ '0.34.4' ],
39 silly audit   '@img/sharp-linux-s390x': [ '0.34.4' ],
39 silly audit   '@img/sharp-linux-x64': [ '0.34.4' ],
39 silly audit   '@img/sharp-linuxmusl-arm64': [ '0.34.4' ],
39 silly audit   '@img/sharp-linuxmusl-x64': [ '0.34.4' ],
39 silly audit   '@img/sharp-wasm32': [ '0.34.4' ],
39 silly audit   '@img/sharp-win32-arm64': [ '0.34.4' ],
39 silly audit   '@img/sharp-win32-ia32': [ '0.34.4' ],
39 silly audit   '@img/sharp-win32-x64': [ '0.34.4' ],
39 silly audit   '@ionic/cli-framework-output': [ '2.2.8' ],
39 silly audit   '@ionic/utils-array': [ '2.1.6' ],
39 silly audit   '@ionic/utils-fs': [ '3.1.7' ],
39 silly audit   '@ionic/utils-object': [ '2.1.6' ],
39 silly audit   '@ionic/utils-process': [ '2.1.12' ],
39 silly audit   '@ionic/utils-stream': [ '3.1.7' ],
39 silly audit   '@ionic/utils-subprocess': [ '3.0.1' ],
39 silly audit   '@ionic/utils-terminal': [ '2.3.5' ],
39 silly audit   '@isaacs/balanced-match': [ '4.0.1' ],
39 silly audit   '@isaacs/brace-expansion': [ '5.0.0' ],
39 silly audit   '@isaacs/cliui': [ '8.0.2' ],
39 silly audit   'ansi-regex': [ '6.2.2', '5.0.1' ],
39 silly audit   'ansi-styles': [ '6.2.3', '4.3.0' ],
39 silly audit   'emoji-regex': [ '9.2.2', '8.0.0' ],
39 silly audit   'string-width': [ '5.1.2', '4.2.3' ],
39 silly audit   'strip-ansi': [ '7.1.2', '6.0.1' ],
39 silly audit   'wrap-ansi': [ '8.1.0', '7.0.0' ],
39 silly audit   '@isaacs/fs-minipass': [ '4.0.1' ],
39 silly audit   '@jridgewell/gen-mapping': [ '0.3.13' ],
39 silly audit   '@jridgewell/remapping': [ '2.3.5' ],
39 silly audit   '@jridgewell/resolve-uri': [ '3.1.2' ],
39 silly audit   '@jridgewell/source-map': [ '0.3.11' ],
39 silly audit   '@jridgewell/sourcemap-codec': [ '1.5.5' ],
39 silly audit   '@jridgewell/trace-mapping': [ '0.3.31' ],
39 silly audit   '@mongodb-js/saslprep': [ '1.3.2' ],
39 silly audit   '@next/env': [ '16.0.7' ],
39 silly audit   '@next/swc-darwin-arm64': [ '16.0.7' ],
39 silly audit   '@next/swc-darwin-x64': [ '16.0.7' ],
39 silly audit   '@next/swc-linux-arm64-gnu': [ '16.0.7' ],
39 silly audit   '@next/swc-linux-arm64-musl': [ '16.0.7' ],
39 silly audit   '@next/swc-linux-x64-gnu': [ '16.0.7' ],
39 silly audit   '@next/swc-linux-x64-musl': [ '16.0.7' ],
39 silly audit   '@next/swc-win32-arm64-msvc': [ '16.0.7' ],
39 silly audit   '@next/swc-win32-x64-msvc': [ '16.0.7' ],
39 silly audit   '@nodelib/fs.scandir': [ '2.1.5' ],
39 silly audit   '@nodelib/fs.stat': [ '2.0.5' ],
39 silly audit   '@nodelib/fs.walk': [ '1.2.8' ],
39 silly audit   '@rollup/plugin-babel': [ '5.3.1' ],
39 silly audit   '@rollup/plugin-replace': [ '2.4.2' ],
39 silly audit   'magic-string': [ '0.25.9', '0.30.19' ],
39 silly audit   '@rollup/plugin-terser': [ '0.4.4' ],
39 silly audit   '@types/estree': [ '0.0.39', '1.0.8' ],
39 silly audit   '@surma/rollup-plugin-off-main-thread': [ '2.2.3' ],
39 silly audit   '@swc/helpers': [ '0.5.15' ],
39 silly audit   '@tailwindcss/node': [ '4.1.14' ],
39 silly audit   '@tailwindcss/oxide': [ '4.1.14' ],
39 silly audit   '@tailwindcss/oxide-android-arm64': [ '4.1.14' ],
39 silly audit   '@tailwindcss/oxide-darwin-arm64': [ '4.1.14' ],
39 silly audit   '@tailwindcss/oxide-darwin-x64': [ '4.1.14' ],
39 silly audit   '@tailwindcss/oxide-freebsd-x64': [ '4.1.14' ],
39 silly audit   '@tailwindcss/oxide-linux-arm-gnueabihf': [ '4.1.14' ],
39 silly audit   '@tailwindcss/oxide-linux-arm64-gnu': [ '4.1.14' ],
39 silly audit   '@tailwindcss/oxide-linux-arm64-musl': [ '4.1.14' ],
39 silly audit   '@tailwindcss/oxide-linux-x64-gnu': [ '4.1.14' ],
39 silly audit   '@tailwindcss/oxide-linux-x64-musl': [ '4.1.14' ],
39 silly audit   '@tailwindcss/oxide-win32-arm64-msvc': [ '4.1.14' ],
39 silly audit   '@tailwindcss/oxide-win32-x64-msvc': [ '4.1.14' ],
39 silly audit   '@tailwindcss/postcss': [ '4.1.14' ],
39 silly audit   '@types/bcryptjs': [ '3.0.0' ],
39 silly audit   '@types/eslint': [ '9.6.1' ],
39 silly audit   '@types/eslint-scope': [ '3.7.7' ],
39 silly audit   '@types/fs-extra': [ '8.1.5' ],
39 silly audit   '@types/glob': [ '7.2.0' ],
39 silly audit   '@types/json-schema': [ '7.0.15' ],
39 silly audit   '@types/jsonwebtoken': [ '9.0.10' ],
39 silly audit   '@types/minimatch': [ '6.0.0' ],
39 silly audit   '@types/ms': [ '2.1.0' ],
39 silly audit   '@types/node': [ '20.19.19' ],
39 silly audit   '@types/react': [ '19.2.2' ],
39 silly audit   '@types/react-dom': [ '19.2.1' ],
39 silly audit   '@types/slice-ansi': [ '4.0.0' ],
39 silly audit   '@types/trusted-types': [ '2.0.7' ],
39 silly audit   '@types/webidl-conversions': [ '7.0.3' ],
39 silly audit   '@types/whatwg-url': [ '13.0.0', '11.0.5' ],
39 silly audit   '@webassemblyjs/ast': [ '1.14.1' ],
39 silly audit   '@webassemblyjs/floating-point-hex-parser': [ '1.13.2' ],
39 silly audit   '@webassemblyjs/helper-api-error': [ '1.13.2' ],
39 silly audit   '@webassemblyjs/helper-buffer': [ '1.14.1' ],
39 silly audit   '@webassemblyjs/helper-numbers': [ '1.13.2' ],
39 silly audit   '@webassemblyjs/helper-wasm-bytecode': [ '1.13.2' ],
39 silly audit   '@webassemblyjs/helper-wasm-section': [ '1.14.1' ],
39 silly audit   '@webassemblyjs/ieee754': [ '1.13.2' ],
39 silly audit   '@webassemblyjs/leb128': [ '1.13.2' ],
39 silly audit   '@webassemblyjs/utf8': [ '1.13.2' ],
39 silly audit   '@webassemblyjs/wasm-edit': [ '1.14.1' ],
39 silly audit   '@webassemblyjs/wasm-gen': [ '1.14.1' ],
39 silly audit   '@webassemblyjs/wasm-opt': [ '1.14.1' ],
39 silly audit   '@webassemblyjs/wasm-parser': [ '1.14.1' ],
39 silly audit   '@webassemblyjs/wast-printer': [ '1.14.1' ],
39 silly audit   '@xmldom/xmldom': [ '0.8.11' ],
39 silly audit   '@xtuc/ieee754': [ '1.2.0' ],
39 silly audit   '@xtuc/long': [ '4.2.2' ],
39 silly audit   acorn: [ '8.15.0' ],
39 silly audit   'acorn-import-phases': [ '1.0.4' ],
39 silly audit   'ajv-formats': [ '2.1.1' ],
39 silly audit   'ajv-keywords': [ '3.5.2', '5.1.0' ],
39 silly audit   'array-buffer-byte-length': [ '1.0.2' ],
39 silly audit   'array-union': [ '2.1.0', '1.0.2' ],
39 silly audit   'array-uniq': [ '1.0.3' ],
39 silly audit   'arraybuffer.prototype.slice': [ '1.0.4' ],
39 silly audit   'astral-regex': [ '2.0.0' ],
39 silly audit   async: [ '3.2.6' ],
39 silly audit   'async-function': [ '1.0.0' ],
39 silly audit   'at-least-node': [ '1.0.0' ],
39 silly audit   'available-typed-arrays': [ '1.0.7' ],
39 silly audit   'babel-loader': [ '8.4.1' ],
39 silly audit   'babel-plugin-polyfill-corejs2': [ '0.4.14' ],
39 silly audit   'babel-plugin-polyfill-corejs3': [ '0.13.0' ],
39 silly audit   'babel-plugin-polyfill-regenerator': [ '0.6.5' ],
39 silly audit   'balanced-match': [ '1.0.2' ],
39 silly audit   'base64-js': [ '1.5.1' ],
39 silly audit   'baseline-browser-mapping': [ '2.8.16' ],
39 silly audit   bcryptjs: [ '3.0.3' ],
39 silly audit   'big-integer': [ '1.6.52' ],
39 silly audit   'big.js': [ '5.2.2' ],
39 silly audit   'bplist-parser': [ '0.3.2' ],
39 silly audit   'brace-expansion': [ '2.0.2', '1.1.12' ],
39 silly audit   braces: [ '3.0.3' ],
39 silly audit   browserslist: [ '4.26.3' ],
39 silly audit   bson: [ '7.0.0', '6.10.4' ],
39 silly audit   'buffer-crc32': [ '0.2.13' ],
39 silly audit   'buffer-equal-constant-time': [ '1.0.1' ],
39 silly audit   'buffer-from': [ '1.1.2' ],
39 silly audit   'builtin-modules': [ '3.3.0' ],
39 silly audit   'call-bind': [ '1.0.8' ],
39 silly audit   'call-bind-apply-helpers': [ '1.0.2' ],
39 silly audit   'call-bound': [ '1.0.4' ],
39 silly audit   'caniuse-lite': [ '1.0.30001749' ],
39 silly audit   'chrome-trace-event': [ '1.0.4' ],
39 silly audit   'clean-webpack-plugin': [ '4.0.0' ],
39 silly audit   'client-only': [ '0.0.1' ],
39 silly audit   'color-convert': [ '2.0.1' ],
39 silly audit   'color-name': [ '1.1.4' ],
39 silly audit   'common-tags': [ '1.8.2' ],
39 silly audit   commondir: [ '1.0.1' ],
39 silly audit   'concat-map': [ '0.0.1' ],
39 silly audit   'convert-source-map': [ '2.0.0' ],
39 silly audit   'core-js-compat': [ '3.46.0' ],
39 silly audit   'cross-spawn': [ '7.0.6' ],
39 silly audit   'crypto-random-string': [ '2.0.0' ],
39 silly audit   csstype: [ '3.1.3' ],
39 silly audit   'data-view-buffer': [ '1.0.2' ],
39 silly audit   'data-view-byte-length': [ '1.0.2' ],
39 silly audit   'data-view-byte-offset': [ '1.0.1' ],
39 silly audit   debug: [ '4.4.3' ],
39 silly audit   deepmerge: [ '4.3.1' ],
39 silly audit   'define-data-property': [ '1.1.4' ],
39 silly audit   'define-lazy-prop': [ '2.0.0' ],
39 silly audit   'define-properties': [ '1.2.1' ],
39 silly audit   del: [ '4.1.1' ],
39 silly audit   globby: [ '6.1.0', '11.1.0' ],
39 silly audit   pify: [ '2.3.0', '4.0.1' ],
39 silly audit   'detect-libc': [ '2.1.2' ],
39 silly audit   'dir-glob': [ '3.0.1' ],
39 silly audit   dotenv: [ '17.2.3' ],
39 silly audit   'dunder-proto': [ '1.0.1' ],
39 silly audit   eastasianwidth: [ '0.2.0' ],
39 silly audit   'ecdsa-sig-formatter': [ '1.0.11' ],
39 silly audit   ejs: [ '3.1.10' ],
39 silly audit   'electron-to-chromium': [ '1.5.234' ],
39 silly audit   elementtree: [ '0.1.7' ],
39 silly audit   'emojis-list': [ '3.0.0' ],
39 silly audit   'enhanced-resolve': [ '5.18.3' ],
39 silly audit   'env-paths': [ '2.2.1' ],
39 silly audit   'es-abstract': [ '1.24.0' ],
39 silly audit   'es-define-property': [ '1.0.1' ],
39 silly audit   'es-errors': [ '1.3.0' ],
39 silly audit   'es-module-lexer': [ '1.7.0' ],
39 silly audit   'es-object-atoms': [ '1.1.1' ],
39 silly audit   'es-set-tostringtag': [ '2.1.0' ],
39 silly audit   'es-to-primitive': [ '1.3.0' ],
39 silly audit   escalade: [ '3.2.0' ],
39 silly audit   'eslint-scope': [ '5.1.1' ],
39 silly audit   esrecurse: [ '4.3.0' ],
39 silly audit   estraverse: [ '5.3.0', '4.3.0' ],
39 silly audit   esutils: [ '2.0.3' ],
39 silly audit   events: [ '3.3.0' ],
39 silly audit   'fast-deep-equal': [ '3.1.3' ],
39 silly audit   'fast-json-stable-stringify': [ '2.1.0' ],
39 silly audit   'fast-uri': [ '3.1.0' ],
39 silly audit   fastq: [ '1.19.1' ],
39 silly audit   'fd-slicer': [ '1.1.0' ],
39 silly audit   filelist: [ '1.0.4' ],
39 silly audit   minimatch: [ '5.1.6', '3.1.2', '10.1.1' ],
39 silly audit   'fill-range': [ '7.1.1' ],
39 silly audit   'find-cache-dir': [ '3.3.2' ],
39 silly audit   'find-up': [ '4.1.0' ],
39 silly audit   'for-each': [ '0.3.5' ],
39 silly audit   'foreground-child': [ '3.3.1' ],
39 silly audit   'signal-exit': [ '4.1.0', '3.0.7' ],
39 silly audit   'framer-motion': [ '12.23.24' ],
39 silly audit   'fs-minipass': [ '2.1.0' ],
39 silly audit   'fs.realpath': [ '1.0.0' ],
39 silly audit   fsevents: [ '2.3.3' ],
39 silly audit   'function-bind': [ '1.1.2' ],
39 silly audit   'function.prototype.name': [ '1.1.8' ],
39 silly audit   'functions-have-names': [ '1.2.3' ],
39 silly audit   'generator-function': [ '2.0.1' ],
39 silly audit   gensync: [ '1.0.0-beta.2' ],
39 silly audit   'get-intrinsic': [ '1.3.0' ],
39 silly audit   'get-own-enumerable-property-symbols': [ '3.0.2' ],
39 silly audit   'get-proto': [ '1.0.1' ],
39 silly audit   'get-symbol-description': [ '1.1.0' ],
39 silly audit   'glob-parent': [ '5.1.2' ],
39 silly audit   'glob-to-regexp': [ '0.4.1' ],
39 silly audit   globalthis: [ '1.0.4' ],
39 silly audit   goober: [ '2.1.18' ],
39 silly audit   gopd: [ '1.2.0' ],
39 silly audit   'graceful-fs': [ '4.2.11' ],
39 silly audit   'has-bigints': [ '1.1.0' ],
39 silly audit   'has-flag': [ '4.0.0' ],
39 silly audit   'has-property-descriptors': [ '1.0.2' ],
39 silly audit   'has-proto': [ '1.2.0' ],
39 silly audit   'has-symbols': [ '1.1.0' ],
39 silly audit   'has-tostringtag': [ '1.0.2' ],
39 silly audit   hasown: [ '2.0.2' ],
39 silly audit   idb: [ '7.1.1' ],
39 silly audit   ignore: [ '5.3.2' ],
39 silly audit   inflight: [ '1.0.6' ],
39 silly audit   inherits: [ '2.0.4' ],
39 silly audit   ini: [ '4.1.3' ],
39 silly audit   'internal-slot': [ '1.1.0' ],
39 silly audit   'is-array-buffer': [ '3.0.5' ],
39 silly audit   'is-async-function': [ '2.1.1' ],
39 silly audit   'is-bigint': [ '1.1.0' ],
39 silly audit   'is-boolean-object': [ '1.2.2' ],
39 silly audit   'is-callable': [ '1.2.7' ],
39 silly audit   'is-core-module': [ '2.16.1' ],
39 silly audit   'is-data-view': [ '1.0.2' ],
39 silly audit   'is-date-object': [ '1.1.0' ],
39 silly audit   'is-docker': [ '2.2.1' ],
39 silly audit   'is-extglob': [ '2.1.1' ],
39 silly audit   'is-finalizationregistry': [ '1.1.1' ],
39 silly audit   'is-fullwidth-code-point': [ '3.0.0' ],
39 silly audit   'is-generator-function': [ '1.1.2' ],
39 silly audit   'is-glob': [ '4.0.3' ],
39 silly audit   'is-map': [ '2.0.3' ],
39 silly audit   'is-module': [ '1.0.0' ],
39 silly audit   'is-negative-zero': [ '2.0.3' ],
39 silly audit   'is-number': [ '7.0.0' ],
39 silly audit   'is-number-object': [ '1.1.1' ],
39 silly audit   'is-obj': [ '1.0.1' ],
39 silly audit   'is-path-cwd': [ '2.2.0' ],
39 silly audit   'is-path-in-cwd': [ '2.1.0' ],
39 silly audit   'is-path-inside': [ '2.1.0' ],
39 silly audit   'is-regex': [ '1.2.1' ],
39 silly audit   'is-regexp': [ '1.0.0' ],
39 silly audit   'is-set': [ '2.0.3' ],
39 silly audit   'is-shared-array-buffer': [ '1.0.4' ],
39 silly audit   'is-stream': [ '2.0.1' ],
39 silly audit   'is-string': [ '1.1.1' ],
39 silly audit   'is-symbol': [ '1.1.1' ],
39 silly audit   'is-typed-array': [ '1.1.15' ],
39 silly audit   'is-weakmap': [ '2.0.2' ],
39 silly audit   'is-weakref': [ '1.1.1' ],
39 silly audit   'is-weakset': [ '2.0.4' ],
39 silly audit   'is-wsl': [ '2.2.0' ],
39 silly audit   isarray: [ '2.0.5' ],
39 silly audit   isexe: [ '2.0.0' ],
39 silly audit   jackspeak: [ '4.1.1' ],
39 silly audit   jake: [ '10.9.4' ],
39 silly audit   'jest-worker': [ '27.5.1', '26.6.2' ],
39 silly audit   jiti: [ '2.6.1' ],
39 silly audit   'js-tokens': [ '4.0.0' ],
39 silly audit   jsesc: [ '3.1.0' ],
39 silly audit   'json-parse-even-better-errors': [ '2.3.1' ],
39 silly audit   'json-schema': [ '0.4.0' ],
39 silly audit   json5: [ '2.2.3' ],
39 silly audit   jsonfile: [ '6.2.0' ],
39 silly audit   jsonpointer: [ '5.0.1' ],
39 silly audit   jsonwebtoken: [ '9.0.2' ],
39 silly audit   jwa: [ '1.4.2' ],
39 silly audit   kareem: [ '2.6.3' ],
39 silly audit   kleur: [ '4.1.5', '3.0.3' ],
39 silly audit   leven: [ '3.1.0' ],
39 silly audit   lightningcss: [ '1.30.1' ],
39 silly audit   'lightningcss-darwin-arm64': [ '1.30.1' ],
39 silly audit   'lightningcss-darwin-x64': [ '1.30.1' ],
39 silly audit   'lightningcss-freebsd-x64': [ '1.30.1' ],
39 silly audit   'lightningcss-linux-arm-gnueabihf': [ '1.30.1' ],
39 silly audit   'lightningcss-linux-arm64-gnu': [ '1.30.1' ],
39 silly audit   'lightningcss-linux-arm64-musl': [ '1.30.1' ],
39 silly audit   'lightningcss-linux-x64-gnu': [ '1.30.1' ],
39 silly audit   'lightningcss-linux-x64-musl': [ '1.30.1' ],
39 silly audit   'lightningcss-win32-arm64-msvc': [ '1.30.1' ],
39 silly audit   'lightningcss-win32-x64-msvc': [ '1.30.1' ],
39 silly audit   'loader-runner': [ '4.3.1' ],
39 silly audit   'loader-utils': [ '2.0.4' ],
39 silly audit   'locate-path': [ '5.0.0' ],
39 silly audit   lodash: [ '4.17.21' ],
39 silly audit   'lodash.debounce': [ '4.0.8' ],
39 silly audit   'lodash.includes': [ '4.3.0' ],
39 silly audit   'lodash.isboolean': [ '3.0.3' ],
39 silly audit   'lodash.isinteger': [ '4.0.4' ],
39 silly audit   'lodash.isnumber': [ '3.0.3' ],
39 silly audit   'lodash.isplainobject': [ '4.0.6' ],
39 silly audit   'lodash.isstring': [ '4.0.1' ],
39 silly audit   'lodash.once': [ '4.1.1' ],
39 silly audit   'lodash.sortby': [ '4.7.0' ],
39 silly audit   'lru-cache': [ '5.1.1', '11.2.2' ],
39 silly audit   'make-dir': [ '3.1.0' ],
39 silly audit   'math-intrinsics': [ '1.1.0' ],
39 silly audit   'memory-pager': [ '1.5.0' ],
39 silly audit   'merge-stream': [ '2.0.0' ],
39 silly audit   merge2: [ '1.4.1' ],
39 silly audit   micromatch: [ '4.0.8' ],
39 silly audit   'mime-db': [ '1.52.0' ],
39 silly audit   'mime-types': [ '2.1.35' ],
39 silly audit   mkdirp: [ '1.0.4' ],
39 silly audit   mongodb: [ '7.0.0', '6.20.0' ],
39 silly audit   'mongodb-connection-string-url': [ '7.0.0', '3.0.2' ],
39 silly audit   tr46: [ '5.1.1', '1.0.1' ],
39 silly audit   'webidl-conversions': [ '7.0.0', '4.0.2' ],
39 silly audit   'whatwg-url': [ '14.2.0', '7.1.0' ],
39 silly audit   mongoose: [ '8.19.4' ],
39 silly audit   'motion-dom': [ '12.23.23' ],
39 silly audit   'motion-utils': [ '12.23.6' ],
39 silly audit   mpath: [ '0.9.0' ],
39 silly audit   mquery: [ '5.0.0' ],
39 silly audit   ms: [ '2.1.3' ],
39 silly audit   nanoid: [ '3.3.11' ],
39 silly audit   'native-run': [ '2.0.1' ],
39 silly audit   'neo-async': [ '2.6.2' ],
39 silly audit   next: [ '16.0.7' ],
39 silly audit   'next-pwa': [ '5.6.0' ],
39 silly audit   postcss: [ '8.4.31', '8.5.6' ],
39 silly audit   'node-releases': [ '2.0.23' ],
39 silly audit   'object-assign': [ '4.1.1' ],
39 silly audit   'object-inspect': [ '1.13.4' ],
39 silly audit   'object-keys': [ '1.1.1' ],
39 silly audit   'object.assign': [ '4.1.7' ],
39 silly audit   once: [ '1.4.0' ],
39 silly audit   open: [ '8.4.2' ],
39 silly audit   'own-keys': [ '1.0.1' ],
39 silly audit   'p-limit': [ '2.3.0' ],
39 silly audit   'p-locate': [ '4.1.0' ],
39 silly audit   'p-map': [ '2.1.0' ],
39 silly audit   'p-try': [ '2.2.0' ],
39 silly audit   'package-json-from-dist': [ '1.0.1' ],
39 silly audit   'path-exists': [ '4.0.0' ],
39 silly audit   'path-is-absolute': [ '1.0.1' ],
39 silly audit   'path-is-inside': [ '1.0.2' ],
39 silly audit   'path-key': [ '3.1.1' ],
39 silly audit   'path-parse': [ '1.0.7' ],
39 silly audit   'path-scurry': [ '2.0.0' ],
39 silly audit   'path-type': [ '4.0.0' ],
39 silly audit   pend: [ '1.2.0' ],
39 silly audit   picocolors: [ '1.1.1' ],
39 silly audit   pinkie: [ '2.0.4' ],
39 silly audit   'pinkie-promise': [ '2.0.1' ],
39 silly audit   'pkg-dir': [ '4.2.0' ],
39 silly audit   plist: [ '3.1.0' ],
39 silly audit   'possible-typed-array-names': [ '1.1.0' ],
39 silly audit   'pretty-bytes': [ '5.6.0' ],
39 silly audit   prompts: [ '2.4.2' ],
39 silly audit   punycode: [ '2.3.1' ],
39 silly audit   'queue-microtask': [ '1.2.3' ],
39 silly audit   randombytes: [ '2.1.0' ],
39 silly audit   react: [ '19.1.0' ],
39 silly audit   'react-dom': [ '19.1.0' ],
39 silly audit   'react-hot-toast': [ '2.6.0' ],
39 silly audit   'readable-stream': [ '3.6.2' ],
39 silly audit   'reflect.getprototypeof': [ '1.0.10' ],
39 silly audit   regenerate: [ '1.4.2' ],
39 silly audit   'regenerate-unicode-properties': [ '10.2.2' ],
39 silly audit   'regexp.prototype.flags': [ '1.5.4' ],
39 silly audit   'regexpu-core': [ '6.4.0' ],
39 silly audit   regjsgen: [ '0.8.0' ],
39 silly audit   regjsparser: [ '0.13.0' ],
39 silly audit   'require-from-string': [ '2.0.2' ],
39 silly audit   resolve: [ '1.22.10' ],
39 silly audit   reusify: [ '1.1.0' ],
39 silly audit   rollup: [ '2.79.2' ],
39 silly audit   'rollup-plugin-terser': [ '7.0.2' ],
39 silly audit   'serialize-javascript': [ '4.0.0', '6.0.2' ],
39 silly audit   'supports-color': [ '7.2.0', '8.1.1' ],
39 silly audit   'run-parallel': [ '1.2.0' ],
39 silly audit   'safe-array-concat': [ '1.1.3' ],
39 silly audit   'safe-buffer': [ '5.2.1' ],
39 silly audit   'safe-push-apply': [ '1.0.0' ],
39 silly audit   'safe-regex-test': [ '1.1.0' ],
39 silly audit   sax: [ '1.1.4' ],
39 silly audit   scheduler: [ '0.26.0' ],
39 silly audit   'schema-utils': [ '2.7.1', '4.3.3' ],
39 silly audit   'set-function-length': [ '1.2.2' ],
39 silly audit   'set-function-name': [ '2.0.2' ],
39 silly audit   'set-proto': [ '1.0.0' ],
39 silly audit   sharp: [ '0.34.4' ],
39 silly audit   'shebang-command': [ '2.0.0' ],
39 silly audit   'shebang-regex': [ '3.0.0' ],
39 silly audit   'side-channel': [ '1.1.0' ],
39 silly audit   'side-channel-list': [ '1.0.0' ],
39 silly audit   'side-channel-map': [ '1.0.1' ],
39 silly audit   'side-channel-weakmap': [ '1.0.2' ],
39 silly audit   sift: [ '17.1.3' ],
39 silly audit   sisteransi: [ '1.0.5' ],
39 silly audit   slash: [ '3.0.0' ],
39 silly audit   'slice-ansi': [ '4.0.0' ],
39 silly audit   smob: [ '1.5.0' ],
39 silly audit   'source-list-map': [ '2.0.1' ],
39 silly audit   'source-map-js': [ '1.2.1' ],
39 silly audit   'source-map-support': [ '0.5.21' ],
39 silly audit   'sourcemap-codec': [ '1.4.8' ],
39 silly audit   'sparse-bitfield': [ '3.0.3' ],
39 silly audit   split2: [ '4.2.0' ],
39 silly audit   'stop-iteration-iterator': [ '1.1.0' ],
39 silly audit   string_decoder: [ '1.3.0' ],
39 silly audit   'string.prototype.matchall': [ '4.0.12' ],
39 silly audit   'string.prototype.trim': [ '1.2.10' ],
39 silly audit   'string.prototype.trimend': [ '1.0.9' ],
39 silly audit   'string.prototype.trimstart': [ '1.0.8' ],
39 silly audit   'stringify-object': [ '3.3.0' ],
39 silly audit   'strip-comments': [ '2.0.1' ],
39 silly audit   'styled-jsx': [ '5.1.6' ],
39 silly audit   'supports-preserve-symlinks-flag': [ '1.0.0' ],
39 silly audit   tailwindcss: [ '4.1.14' ],
39 silly audit   tapable: [ '2.3.0' ],
39 silly audit   'temp-dir': [ '2.0.0' ],
39 silly audit   tempy: [ '0.6.0' ],
39 silly audit   terser: [ '5.44.0' ],
39 silly audit   'terser-webpack-plugin': [ '5.3.14' ],
39 silly audit   through2: [ '4.0.2' ],
39 silly audit   'to-regex-range': [ '5.0.1' ],
39 silly audit   'tree-kill': [ '1.2.2' ],
39 silly audit   tslib: [ '2.8.1' ],
39 silly audit   'type-fest': [ '0.16.0' ],
39 silly audit   'typed-array-buffer': [ '1.0.3' ],
39 silly audit   'typed-array-byte-length': [ '1.0.3' ],
39 silly audit   'typed-array-byte-offset': [ '1.0.4' ],
39 silly audit   'typed-array-length': [ '1.0.7' ],
39 silly audit   typescript: [ '5.9.3' ],
39 silly audit   'unbox-primitive': [ '1.1.0' ],
39 silly audit   'undici-types': [ '6.21.0' ],
39 silly audit   'unicode-canonical-property-names-ecmascript': [ '2.0.1' ],
39 silly audit   'unicode-match-property-ecmascript': [ '2.0.0' ],
39 silly audit   'unicode-match-property-value-ecmascript': [ '2.2.1' ],
39 silly audit   'unicode-property-aliases-ecmascript': [ '2.2.0' ],
39 silly audit   'unique-string': [ '2.0.0' ],
39 silly audit   universalify: [ '2.0.1' ],
39 silly audit   untildify: [ '4.0.0' ],
39 silly audit   upath: [ '1.2.0' ],
39 silly audit   'update-browserslist-db': [ '1.1.3' ],
39 silly audit   'uri-js': [ '4.4.1' ],
39 silly audit   'util-deprecate': [ '1.0.2' ],
39 silly audit   watchpack: [ '2.4.4' ],
39 silly audit   webpack: [ '5.102.1' ],
39 silly audit   which: [ '2.0.2' ],
39 silly audit   'which-boxed-primitive': [ '1.1.1' ],
39 silly audit   'which-builtin-type': [ '1.2.1' ],
39 silly audit   'which-collection': [ '1.0.2' ],
39 silly audit   'which-typed-array': [ '1.1.19' ],
39 silly audit   wrappy: [ '1.0.2' ],
39 silly audit   xml2js: [ '0.6.2' ],
39 silly audit   xmlbuilder: [ '11.0.1', '15.1.1' ],
39 silly audit   yauzl: [ '2.10.0' ],
39 silly audit   jws: [ '3.2.3' ],
39 silly audit   '@tailwindcss/oxide-wasm32-wasi': [ '4.1.14' ]
39 silly audit }
40 verbose reify failed optional dependency D:\fairproject\fair_app\node_modules\lightningcss-win32-arm64-msvc
41 silly reify mark deleted [
41 silly reify   'D:\\fairproject\\fair_app\\node_modules\\lightningcss-win32-arm64-msvc'
41 silly reify ]
42 verbose reify failed optional dependency D:\fairproject\fair_app\node_modules\lightningcss-linux-x64-musl
43 silly reify mark deleted [
43 silly reify   'D:\\fairproject\\fair_app\\node_modules\\lightningcss-linux-x64-musl'
43 silly reify ]
44 verbose reify failed optional dependency D:\fairproject\fair_app\node_modules\lightningcss-linux-x64-gnu
45 silly reify mark deleted [
45 silly reify   'D:\\fairproject\\fair_app\\node_modules\\lightningcss-linux-x64-gnu'
45 silly reify ]
46 verbose reify failed optional dependency D:\fairproject\fair_app\node_modules\lightningcss-linux-arm64-musl
47 silly reify mark deleted [
47 silly reify   'D:\\fairproject\\fair_app\\node_modules\\lightningcss-linux-arm64-musl'
47 silly reify ]
48 verbose reify failed optional dependency D:\fairproject\fair_app\node_modules\lightningcss-linux-arm64-gnu
49 silly reify mark deleted [
49 silly reify   'D:\\fairproject\\fair_app\\node_modules\\lightningcss-linux-arm64-gnu'
49 silly reify ]
50 verbose reify failed optional dependency D:\fairproject\fair_app\node_modules\lightningcss-linux-arm-gnueabihf
51 silly reify mark deleted [
51 silly reify   'D:\\fairproject\\fair_app\\node_modules\\lightningcss-linux-arm-gnueabihf'
51 silly reify ]
52 verbose reify failed optional dependency D:\fairproject\fair_app\node_modules\lightningcss-freebsd-x64
53 silly reify mark deleted [ 'D:\\fairproject\\fair_app\\node_modules\\lightningcss-freebsd-x64' ]
54 verbose reify failed optional dependency D:\fairproject\fair_app\node_modules\lightningcss-darwin-x64
55 silly reify mark deleted [ 'D:\\fairproject\\fair_app\\node_modules\\lightningcss-darwin-x64' ]
56 verbose reify failed optional dependency D:\fairproject\fair_app\node_modules\lightningcss-darwin-arm64
57 silly reify mark deleted [
57 silly reify   'D:\\fairproject\\fair_app\\node_modules\\lightningcss-darwin-arm64'
57 silly reify ]
58 verbose reify failed optional dependency D:\fairproject\fair_app\node_modules\fsevents
59 silly reify mark deleted [ 'D:\\fairproject\\fair_app\\node_modules\\fsevents' ]
60 verbose reify failed optional dependency D:\fairproject\fair_app\node_modules\@tailwindcss\oxide-win32-arm64-msvc
61 silly reify mark deleted [
61 silly reify   'D:\\fairproject\\fair_app\\node_modules\\@tailwindcss\\oxide-win32-arm64-msvc'
61 silly reify ]
62 verbose reify failed optional dependency D:\fairproject\fair_app\node_modules\@tailwindcss\oxide-linux-x64-musl
63 silly reify mark deleted [
63 silly reify   'D:\\fairproject\\fair_app\\node_modules\\@tailwindcss\\oxide-linux-x64-musl'
63 silly reify ]
64 verbose reify failed optional dependency D:\fairproject\fair_app\node_modules\@tailwindcss\oxide-linux-x64-gnu
65 silly reify mark deleted [
65 silly reify   'D:\\fairproject\\fair_app\\node_modules\\@tailwindcss\\oxide-linux-x64-gnu'
65 silly reify ]
66 verbose reify failed optional dependency D:\fairproject\fair_app\node_modules\@tailwindcss\oxide-linux-arm64-musl
67 silly reify mark deleted [
67 silly reify   'D:\\fairproject\\fair_app\\node_modules\\@tailwindcss\\oxide-linux-arm64-musl'
67 silly reify ]
68 verbose reify failed optional dependency D:\fairproject\fair_app\node_modules\@tailwindcss\oxide-linux-arm64-gnu
69 silly reify mark deleted [
69 silly reify   'D:\\fairproject\\fair_app\\node_modules\\@tailwindcss\\oxide-linux-arm64-gnu'
69 silly reify ]
70 verbose reify failed optional dependency D:\fairproject\fair_app\node_modules\@tailwindcss\oxide-linux-arm-gnueabihf
71 silly reify mark deleted [
71 silly reify   'D:\\fairproject\\fair_app\\node_modules\\@tailwindcss\\oxide-linux-arm-gnueabihf'
71 silly reify ]
72 verbose reify failed optional dependency D:\fairproject\fair_app\node_modules\@tailwindcss\oxide-freebsd-x64
73 silly reify mark deleted [
73 silly reify   'D:\\fairproject\\fair_app\\node_modules\\@tailwindcss\\oxide-freebsd-x64'
73 silly reify ]
74 verbose reify failed optional dependency D:\fairproject\fair_app\node_modules\@tailwindcss\oxide-darwin-x64
75 silly reify mark deleted [
75 silly reify   'D:\\fairproject\\fair_app\\node_modules\\@tailwindcss\\oxide-darwin-x64'
75 silly reify ]
76 verbose reify failed optional dependency D:\fairproject\fair_app\node_modules\@tailwindcss\oxide-darwin-arm64
77 silly reify mark deleted [
77 silly reify   'D:\\fairproject\\fair_app\\node_modules\\@tailwindcss\\oxide-darwin-arm64'
77 silly reify ]
78 verbose reify failed optional dependency D:\fairproject\fair_app\node_modules\@tailwindcss\oxide-android-arm64
79 silly reify mark deleted [
79 silly reify   'D:\\fairproject\\fair_app\\node_modules\\@tailwindcss\\oxide-android-arm64'
79 silly reify ]
80 verbose reify failed optional dependency D:\fairproject\fair_app\node_modules\@next\swc-win32-arm64-msvc
81 silly reify mark deleted [
81 silly reify   'D:\\fairproject\\fair_app\\node_modules\\@next\\swc-win32-arm64-msvc'
81 silly reify ]
82 verbose reify failed optional dependency D:\fairproject\fair_app\node_modules\@next\swc-linux-x64-musl
83 silly reify mark deleted [
83 silly reify   'D:\\fairproject\\fair_app\\node_modules\\@next\\swc-linux-x64-musl'
83 silly reify ]
84 verbose reify failed optional dependency D:\fairproject\fair_app\node_modules\@next\swc-linux-x64-gnu
85 silly reify mark deleted [ 'D:\\fairproject\\fair_app\\node_modules\\@next\\swc-linux-x64-gnu' ]
86 verbose reify failed optional dependency D:\fairproject\fair_app\node_modules\@next\swc-linux-arm64-musl
87 silly reify mark deleted [
87 silly reify   'D:\\fairproject\\fair_app\\node_modules\\@next\\swc-linux-arm64-musl'
87 silly reify ]
88 verbose reify failed optional dependency D:\fairproject\fair_app\node_modules\@next\swc-linux-arm64-gnu
89 silly reify mark deleted [
89 silly reify   'D:\\fairproject\\fair_app\\node_modules\\@next\\swc-linux-arm64-gnu'
89 silly reify ]
90 verbose reify failed optional dependency D:\fairproject\fair_app\node_modules\@next\swc-darwin-x64
91 silly reify mark deleted [ 'D:\\fairproject\\fair_app\\node_modules\\@next\\swc-darwin-x64' ]
92 verbose reify failed optional dependency D:\fairproject\fair_app\node_modules\@next\swc-darwin-arm64
93 silly reify mark deleted [ 'D:\\fairproject\\fair_app\\node_modules\\@next\\swc-darwin-arm64' ]
94 verbose reify failed optional dependency D:\fairproject\fair_app\node_modules\@img\sharp-win32-ia32
95 silly reify mark deleted [ 'D:\\fairproject\\fair_app\\node_modules\\@img\\sharp-win32-ia32' ]
96 verbose reify failed optional dependency D:\fairproject\fair_app\node_modules\@img\sharp-win32-arm64
97 silly reify mark deleted [ 'D:\\fairproject\\fair_app\\node_modules\\@img\\sharp-win32-arm64' ]
98 verbose reify failed optional dependency D:\fairproject\fair_app\node_modules\@img\sharp-wasm32
99 silly reify mark deleted [ 'D:\\fairproject\\fair_app\\node_modules\\@img\\sharp-wasm32' ]
100 verbose reify failed optional dependency D:\fairproject\fair_app\node_modules\@img\sharp-linuxmusl-x64
101 silly reify mark deleted [
101 silly reify   'D:\\fairproject\\fair_app\\node_modules\\@img\\sharp-linuxmusl-x64'
101 silly reify ]
102 verbose reify failed optional dependency D:\fairproject\fair_app\node_modules\@img\sharp-linuxmusl-arm64
103 silly reify mark deleted [
103 silly reify   'D:\\fairproject\\fair_app\\node_modules\\@img\\sharp-linuxmusl-arm64'
103 silly reify ]
104 verbose reify failed optional dependency D:\fairproject\fair_app\node_modules\@img\sharp-linux-x64
105 silly reify mark deleted [ 'D:\\fairproject\\fair_app\\node_modules\\@img\\sharp-linux-x64' ]
106 verbose reify failed optional dependency D:\fairproject\fair_app\node_modules\@img\sharp-linux-s390x
107 silly reify mark deleted [ 'D:\\fairproject\\fair_app\\node_modules\\@img\\sharp-linux-s390x' ]
108 verbose reify failed optional dependency D:\fairproject\fair_app\node_modules\@img\sharp-linux-ppc64
109 silly reify mark deleted [ 'D:\\fairproject\\fair_app\\node_modules\\@img\\sharp-linux-ppc64' ]
110 verbose reify failed optional dependency D:\fairproject\fair_app\node_modules\@img\sharp-linux-arm64
111 silly reify mark deleted [ 'D:\\fairproject\\fair_app\\node_modules\\@img\\sharp-linux-arm64' ]
112 verbose reify failed optional dependency D:\fairproject\fair_app\node_modules\@img\sharp-linux-arm
113 silly reify mark deleted [ 'D:\\fairproject\\fair_app\\node_modules\\@img\\sharp-linux-arm' ]
114 verbose reify failed optional dependency D:\fairproject\fair_app\node_modules\@img\sharp-libvips-linuxmusl-x64
115 silly reify mark deleted [
115 silly reify   'D:\\fairproject\\fair_app\\node_modules\\@img\\sharp-libvips-linuxmusl-x64'
115 silly reify ]
116 verbose reify failed optional dependency D:\fairproject\fair_app\node_modules\@img\sharp-libvips-linuxmusl-arm64
117 silly reify mark deleted [
117 silly reify   'D:\\fairproject\\fair_app\\node_modules\\@img\\sharp-libvips-linuxmusl-arm64'
117 silly reify ]
118 verbose reify failed optional dependency D:\fairproject\fair_app\node_modules\@img\sharp-libvips-linux-x64
119 silly reify mark deleted [
119 silly reify   'D:\\fairproject\\fair_app\\node_modules\\@img\\sharp-libvips-linux-x64'
119 silly reify ]
120 verbose reify failed optional dependency D:\fairproject\fair_app\node_modules\@img\sharp-libvips-linux-s390x
121 silly reify mark deleted [
121 silly reify   'D:\\fairproject\\fair_app\\node_modules\\@img\\sharp-libvips-linux-s390x'
121 silly reify ]
122 verbose reify failed optional dependency D:\fairproject\fair_app\node_modules\@img\sharp-libvips-linux-ppc64
123 silly reify mark deleted [
123 silly reify   'D:\\fairproject\\fair_app\\node_modules\\@img\\sharp-libvips-linux-ppc64'
123 silly reify ]
124 verbose reify failed optional dependency D:\fairproject\fair_app\node_modules\@img\sharp-libvips-linux-arm64
125 silly reify mark deleted [
125 silly reify   'D:\\fairproject\\fair_app\\node_modules\\@img\\sharp-libvips-linux-arm64'
125 silly reify ]
126 verbose reify failed optional dependency D:\fairproject\fair_app\node_modules\@img\sharp-libvips-linux-arm
127 silly reify mark deleted [
127 silly reify   'D:\\fairproject\\fair_app\\node_modules\\@img\\sharp-libvips-linux-arm'
127 silly reify ]
128 verbose reify failed optional dependency D:\fairproject\fair_app\node_modules\@img\sharp-libvips-darwin-x64
129 silly reify mark deleted [
129 silly reify   'D:\\fairproject\\fair_app\\node_modules\\@img\\sharp-libvips-darwin-x64'
129 silly reify ]
130 verbose reify failed optional dependency D:\fairproject\fair_app\node_modules\@img\sharp-libvips-darwin-arm64
131 silly reify mark deleted [
131 silly reify   'D:\\fairproject\\fair_app\\node_modules\\@img\\sharp-libvips-darwin-arm64'
131 silly reify ]
132 verbose reify failed optional dependency D:\fairproject\fair_app\node_modules\@img\sharp-darwin-x64
133 silly reify mark deleted [ 'D:\\fairproject\\fair_app\\node_modules\\@img\\sharp-darwin-x64' ]
134 verbose reify failed optional dependency D:\fairproject\fair_app\node_modules\@img\sharp-darwin-arm64
135 silly reify mark deleted [ 'D:\\fairproject\\fair_app\\node_modules\\@img\\sharp-darwin-arm64' ]
136 silly tarball no local data for tar@https://registry.npmjs.org/tar/-/tar-7.5.2.tgz. Extracting by manifest.
137 silly tarball no local data for jws@https://registry.npmjs.org/jws/-/jws-3.2.3.tgz. Extracting by manifest.
138 silly tarball no local data for minimatch@https://registry.npmjs.org/minimatch/-/minimatch-10.1.1.tgz. Extracting by manifest.
139 silly tarball no local data for glob@https://registry.npmjs.org/glob/-/glob-11.1.0.tgz. Extracting by manifest.
140 http fetch GET 200 https://registry.npmjs.org/jws/-/jws-3.2.3.tgz 170ms (cache miss)
141 http fetch POST 200 https://registry.npmjs.org/-/npm/v1/security/advisories/bulk 236ms
142 silly audit report {}
143 http fetch GET 200 https://registry.npmjs.org/minimatch/-/minimatch-10.1.1.tgz 334ms (cache miss)
144 http fetch GET 200 https://registry.npmjs.org/glob/-/glob-11.1.0.tgz 354ms (cache miss)
145 http fetch GET 200 https://registry.npmjs.org/tar/-/tar-7.5.2.tgz 850ms (cache miss)
146 silly ADD
147 silly ADD
148 silly ADD
149 silly ADD
150 silly ADD
151 silly ADD
152 silly ADD
153 silly ADD
154 silly ADD
155 silly ADD
156 silly ADD
157 silly ADD
158 silly ADD
159 silly ADD
160 silly ADD
161 silly ADD
162 silly ADD
163 silly ADD
164 silly ADD
165 silly ADD
166 silly ADD
167 silly ADD
168 silly ADD
169 silly ADD
170 silly ADD
171 silly ADD
172 silly ADD
173 silly ADD
174 silly ADD
175 silly ADD
176 silly ADD
177 silly ADD
178 silly ADD
179 silly ADD
180 silly ADD
181 silly ADD
182 silly ADD
183 silly ADD
184 silly ADD
185 silly ADD
186 silly ADD
187 silly ADD
188 silly ADD
189 silly ADD
190 silly ADD
191 silly ADD
192 silly ADD
193 silly ADD
194 silly ADD
195 silly CHANGE node_modules/tar
196 silly CHANGE node_modules/minimatch
197 silly CHANGE node_modules/jws
198 silly CHANGE node_modules/@capacitor/cli/node_modules/glob
199 verbose exit 0
200 info ok
