0 verbose cli C:\Program Files\nodejs\node.exe C:\Users\jjcha\AppData\Roaming\npm\node_modules\npm\bin\npm-cli.js
1 info using npm@10.7.0
2 info using node@v22.15.0
3 silly config:load:file:C:\Users\jjcha\AppData\Roaming\npm\node_modules\npm\npmrc
4 silly config:load:file:D:\fairproject\fair_app\.npmrc
5 silly config:load:file:C:\Users\jjcha\.npmrc
6 silly config:load:file:C:\Users\jjcha\AppData\Roaming\npm\etc\npmrc
7 verbose title npm install next@latest
8 verbose argv "install" "next@latest"
9 verbose logfile logs-max:10 dir:D:\fairproject\fair_app\.npm-cache\_logs\2025-12-06T12_51_12_633Z-
10 verbose logfile D:\fairproject\fair_app\.npm-cache\_logs\2025-12-06T12_51_12_633Z-debug-0.log
11 silly logfile start cleaning logs, removing 1 files
12 silly logfile done cleaning log files
13 http fetch GET 200 https://registry.npmjs.org/next 887ms (cache miss)
14 silly idealTree buildDeps
15 silly fetch manifest next@16.0.7
16 silly fetch manifest @opentelemetry/api@^1.1.0
17 http fetch GET 200 https://registry.npmjs.org/@opentelemetry%2fapi 69ms (cache revalidated)
18 silly fetch manifest @playwright/test@^1.51.1
19 http fetch GET 200 https://registry.npmjs.org/@playwright%2ftest 372ms (cache updated)
20 silly fetch manifest babel-plugin-react-compiler@*
21 http fetch GET 200 https://registry.npmjs.org/babel-plugin-react-compiler 91ms (cache updated)
22 silly fetch manifest react@19.1.0
23 http fetch GET 200 https://registry.npmjs.org/react 313ms (cache updated)
24 silly fetch manifest react-dom@19.1.0
25 http fetch GET 200 https://registry.npmjs.org/react-dom 313ms (cache updated)
26 silly fetch manifest sass@^1.3.0
27 http fetch GET 200 https://registry.npmjs.org/sass 97ms (cache updated)
28 silly placeDep ROOT next@16.0.7 REPLACE for: dalgaebi@0.1.0 want: 16.0.7
29 silly fetch manifest @next/env@16.0.7
30 silly fetch manifest @next/swc-darwin-x64@16.0.7
31 silly fetch manifest @next/swc-darwin-arm64@16.0.7
32 silly fetch manifest @next/swc-linux-x64-gnu@16.0.7
33 silly fetch manifest @next/swc-linux-x64-musl@16.0.7
34 silly fetch manifest @next/swc-win32-x64-msvc@16.0.7
35 silly fetch manifest @next/swc-linux-arm64-gnu@16.0.7
36 silly fetch manifest @next/swc-linux-arm64-musl@16.0.7
37 silly fetch manifest @next/swc-win32-arm64-msvc@16.0.7
38 http fetch GET 200 https://registry.npmjs.org/@next%2fenv 665ms (cache miss)
39 http fetch GET 200 https://registry.npmjs.org/@next%2fswc-darwin-arm64 1311ms (cache miss)
40 http fetch GET 200 https://registry.npmjs.org/@next%2fswc-linux-arm64-musl 1466ms (cache miss)
41 http fetch GET 200 https://registry.npmjs.org/@next%2fswc-linux-x64-gnu 1524ms (cache miss)
42 http fetch GET 200 https://registry.npmjs.org/@next%2fswc-linux-x64-musl 1556ms (cache miss)
43 http fetch GET 200 https://registry.npmjs.org/@next%2fswc-darwin-x64 1601ms (cache miss)
44 http fetch GET 200 https://registry.npmjs.org/@next%2fswc-win32-arm64-msvc 1952ms (cache miss)
45 http fetch GET 200 https://registry.npmjs.org/@next%2fswc-win32-x64-msvc 2048ms (cache miss)
46 http fetch GET 200 https://registry.npmjs.org/@next%2fswc-linux-arm64-gnu 2089ms (cache miss)
47 silly placeDep ROOT @next/env@16.0.7 OK for: next@16.0.7 want: 16.0.7
48 silly placeDep ROOT @next/swc-darwin-arm64@16.0.7 OK for: next@16.0.7 want: 16.0.7
49 silly placeDep ROOT @next/swc-darwin-x64@16.0.7 OK for: next@16.0.7 want: 16.0.7
50 silly placeDep ROOT @next/swc-linux-arm64-gnu@16.0.7 OK for: next@16.0.7 want: 16.0.7
51 silly placeDep ROOT @next/swc-linux-arm64-musl@16.0.7 OK for: next@16.0.7 want: 16.0.7
52 silly placeDep ROOT @next/swc-linux-x64-gnu@16.0.7 OK for: next@16.0.7 want: 16.0.7
53 silly placeDep ROOT @next/swc-linux-x64-musl@16.0.7 OK for: next@16.0.7 want: 16.0.7
54 silly placeDep ROOT @next/swc-win32-arm64-msvc@16.0.7 OK for: next@16.0.7 want: 16.0.7
55 silly placeDep ROOT @next/swc-win32-x64-msvc@16.0.7 OK for: next@16.0.7 want: 16.0.7
56 silly reify mark retired [ 'D:\\fairproject\\fair_app\\node_modules\\@next\\env' ]
57 silly reify mark retired [
57 silly reify   'D:\\fairproject\\fair_app\\node_modules\\@next\\swc-win32-x64-msvc'
57 silly reify ]
58 silly reify mark retired [ 'D:\\fairproject\\fair_app\\node_modules\\@noble\\hashes' ]
59 silly reify mark retired [ 'D:\\fairproject\\fair_app\\node_modules\\@paralleldrive\\cuid2' ]
60 silly reify mark retired [ 'D:\\fairproject\\fair_app\\node_modules\\asap' ]
61 silly reify mark retired [ 'D:\\fairproject\\fair_app\\node_modules\\data-uri-to-buffer' ]
62 silly reify mark retired [ 'D:\\fairproject\\fair_app\\node_modules\\dezalgo' ]
63 silly reify mark retired [ 'D:\\fairproject\\fair_app\\node_modules\\fetch-blob' ]
64 silly reify mark retired [ 'D:\\fairproject\\fair_app\\node_modules\\formdata-polyfill' ]
65 silly reify mark retired [ 'D:\\fairproject\\fair_app\\node_modules\\formidable' ]
66 silly reify mark retired [
66 silly reify   'D:\\fairproject\\fair_app\\node_modules\\next',
66 silly reify   'D:\\fairproject\\fair_app\\node_modules\\.bin\\next',
66 silly reify   'D:\\fairproject\\fair_app\\node_modules\\.bin\\next.cmd',
66 silly reify   'D:\\fairproject\\fair_app\\node_modules\\.bin\\next.ps1'
66 silly reify ]
67 silly reify mark retired [ 'D:\\fairproject\\fair_app\\node_modules\\node-domexception' ]
68 silly reify mark retired [ 'D:\\fairproject\\fair_app\\node_modules\\node-fetch' ]
69 silly reify mark retired [ 'D:\\fairproject\\fair_app\\node_modules\\web-streams-polyfill' ]
70 silly reify moves {
70 silly reify   'D:\\fairproject\\fair_app\\node_modules\\@next\\env': 'D:\\fairproject\\fair_app\\node_modules\\@next\\.env-ufC12YQr',
70 silly reify   'D:\\fairproject\\fair_app\\node_modules\\@next\\swc-win32-x64-msvc': 'D:\\fairproject\\fair_app\\node_modules\\@next\\.swc-win32-x64-msvc-xaES7AUO',
70 silly reify   'D:\\fairproject\\fair_app\\node_modules\\@noble\\hashes': 'D:\\fairproject\\fair_app\\node_modules\\@noble\\.hashes-1FiMlacq',
70 silly reify   'D:\\fairproject\\fair_app\\node_modules\\@paralleldrive\\cuid2': 'D:\\fairproject\\fair_app\\node_modules\\@paralleldrive\\.cuid2-j6C0O9cR',
70 silly reify   'D:\\fairproject\\fair_app\\node_modules\\asap': 'D:\\fairproject\\fair_app\\node_modules\\.asap-E2aCXl5o',
70 silly reify   'D:\\fairproject\\fair_app\\node_modules\\data-uri-to-buffer': 'D:\\fairproject\\fair_app\\node_modules\\.data-uri-to-buffer-w5ntirVm',
70 silly reify   'D:\\fairproject\\fair_app\\node_modules\\dezalgo': 'D:\\fairproject\\fair_app\\node_modules\\.dezalgo-2KVkbSrw',
70 silly reify   'D:\\fairproject\\fair_app\\node_modules\\fetch-blob': 'D:\\fairproject\\fair_app\\node_modules\\.fetch-blob-JOR4oIbr',
70 silly reify   'D:\\fairproject\\fair_app\\node_modules\\formdata-polyfill': 'D:\\fairproject\\fair_app\\node_modules\\.formdata-polyfill-ZcVw9Wu5',
70 silly reify   'D:\\fairproject\\fair_app\\node_modules\\formidable': 'D:\\fairproject\\fair_app\\node_modules\\.formidable-v4RvPH6T',
70 silly reify   'D:\\fairproject\\fair_app\\node_modules\\next': 'D:\\fairproject\\fair_app\\node_modules\\.next-tlHAexnd',
70 silly reify   'D:\\fairproject\\fair_app\\node_modules\\.bin\\next': 'D:\\fairproject\\fair_app\\node_modules\\.bin\\.next-EAvgDTWt',
70 silly reify   'D:\\fairproject\\fair_app\\node_modules\\.bin\\next.cmd': 'D:\\fairproject\\fair_app\\node_modules\\.bin\\.next.cmd-w5ZYq1hp',
70 silly reify   'D:\\fairproject\\fair_app\\node_modules\\.bin\\next.ps1': 'D:\\fairproject\\fair_app\\node_modules\\.bin\\.next.ps1-bmESsywG',
70 silly reify   'D:\\fairproject\\fair_app\\node_modules\\node-domexception': 'D:\\fairproject\\fair_app\\node_modules\\.node-domexception-RPv1TY2M',
70 silly reify   'D:\\fairproject\\fair_app\\node_modules\\node-fetch': 'D:\\fairproject\\fair_app\\node_modules\\.node-fetch-p3tb996j',
70 silly reify   'D:\\fairproject\\fair_app\\node_modules\\web-streams-polyfill': 'D:\\fairproject\\fair_app\\node_modules\\.web-streams-polyfill-HfDFn43r'
70 silly reify }
71 verbose reify failed optional dependency D:\fairproject\fair_app\node_modules\@tailwindcss\oxide-wasm32-wasi
72 silly reify mark deleted [
72 silly reify   'D:\\fairproject\\fair_app\\node_modules\\@tailwindcss\\oxide-wasm32-wasi'
72 silly reify ]
73 silly audit bulk request {
73 silly audit   '@alloc/quick-lru': [ '5.2.0' ],
73 silly audit   '@babel/code-frame': [ '7.27.1' ],
73 silly audit   '@babel/compat-data': [ '7.28.4' ],
73 silly audit   '@babel/core': [ '7.28.4' ],
73 silly audit   semver: [ '6.3.1', '7.6.3', '7.7.3' ],
73 silly audit   '@babel/generator': [ '7.28.3' ],
73 silly audit   '@babel/helper-annotate-as-pure': [ '7.27.3' ],
73 silly audit   '@babel/helper-compilation-targets': [ '7.27.2' ],
73 silly audit   '@babel/helper-create-class-features-plugin': [ '7.28.3' ],
73 silly audit   '@babel/helper-create-regexp-features-plugin': [ '7.27.1' ],
73 silly audit   '@babel/helper-define-polyfill-provider': [ '0.6.5' ],
73 silly audit   '@babel/helper-globals': [ '7.28.0' ],
73 silly audit   '@babel/helper-member-expression-to-functions': [ '7.27.1' ],
73 silly audit   '@babel/helper-module-imports': [ '7.27.1' ],
73 silly audit   '@babel/helper-module-transforms': [ '7.28.3' ],
73 silly audit   '@babel/helper-optimise-call-expression': [ '7.27.1' ],
73 silly audit   '@babel/helper-plugin-utils': [ '7.27.1' ],
73 silly audit   '@babel/helper-remap-async-to-generator': [ '7.27.1' ],
73 silly audit   '@babel/helper-replace-supers': [ '7.27.1' ],
73 silly audit   '@babel/helper-skip-transparent-expression-wrappers': [ '7.27.1' ],
73 silly audit   '@babel/helper-string-parser': [ '7.27.1' ],
73 silly audit   '@babel/helper-validator-identifier': [ '7.27.1' ],
73 silly audit   '@babel/helper-validator-option': [ '7.27.1' ],
73 silly audit   '@babel/helper-wrap-function': [ '7.28.3' ],
73 silly audit   '@babel/helpers': [ '7.28.4' ],
73 silly audit   '@babel/parser': [ '7.28.4' ],
73 silly audit   '@babel/plugin-bugfix-firefox-class-in-computed-class-key': [ '7.27.1' ],
73 silly audit   '@babel/plugin-bugfix-safari-class-field-initializer-scope': [ '7.27.1' ],
73 silly audit   '@babel/plugin-bugfix-safari-id-destructuring-collision-in-function-expression': [ '7.27.1' ],
73 silly audit   '@babel/plugin-bugfix-v8-spread-parameters-in-optional-chaining': [ '7.27.1' ],
73 silly audit   '@babel/plugin-bugfix-v8-static-class-fields-redefine-readonly': [ '7.28.3' ],
73 silly audit   '@babel/plugin-proposal-private-property-in-object': [ '7.21.0-placeholder-for-preset-env.2' ],
73 silly audit   '@babel/plugin-syntax-import-assertions': [ '7.27.1' ],
73 silly audit   '@babel/plugin-syntax-import-attributes': [ '7.27.1' ],
73 silly audit   '@babel/plugin-syntax-unicode-sets-regex': [ '7.18.6' ],
73 silly audit   '@babel/plugin-transform-arrow-functions': [ '7.27.1' ],
73 silly audit   '@babel/plugin-transform-async-generator-functions': [ '7.28.0' ],
73 silly audit   '@babel/plugin-transform-async-to-generator': [ '7.27.1' ],
73 silly audit   '@babel/plugin-transform-block-scoped-functions': [ '7.27.1' ],
73 silly audit   '@babel/plugin-transform-block-scoping': [ '7.28.4' ],
73 silly audit   '@babel/plugin-transform-class-properties': [ '7.27.1' ],
73 silly audit   '@babel/plugin-transform-class-static-block': [ '7.28.3' ],
73 silly audit   '@babel/plugin-transform-classes': [ '7.28.4' ],
73 silly audit   '@babel/plugin-transform-computed-properties': [ '7.27.1' ],
73 silly audit   '@babel/plugin-transform-destructuring': [ '7.28.0' ],
73 silly audit   '@babel/plugin-transform-dotall-regex': [ '7.27.1' ],
73 silly audit   '@babel/plugin-transform-duplicate-keys': [ '7.27.1' ],
73 silly audit   '@babel/plugin-transform-duplicate-named-capturing-groups-regex': [ '7.27.1' ],
73 silly audit   '@babel/plugin-transform-dynamic-import': [ '7.27.1' ],
73 silly audit   '@babel/plugin-transform-explicit-resource-management': [ '7.28.0' ],
73 silly audit   '@babel/plugin-transform-exponentiation-operator': [ '7.27.1' ],
73 silly audit   '@babel/plugin-transform-export-namespace-from': [ '7.27.1' ],
73 silly audit   '@babel/plugin-transform-for-of': [ '7.27.1' ],
73 silly audit   '@babel/plugin-transform-function-name': [ '7.27.1' ],
73 silly audit   '@babel/plugin-transform-json-strings': [ '7.27.1' ],
73 silly audit   '@babel/plugin-transform-literals': [ '7.27.1' ],
73 silly audit   '@babel/plugin-transform-logical-assignment-operators': [ '7.27.1' ],
73 silly audit   '@babel/plugin-transform-member-expression-literals': [ '7.27.1' ],
73 silly audit   '@babel/plugin-transform-modules-amd': [ '7.27.1' ],
73 silly audit   '@babel/plugin-transform-modules-commonjs': [ '7.27.1' ],
73 silly audit   '@babel/plugin-transform-modules-systemjs': [ '7.27.1' ],
73 silly audit   '@babel/plugin-transform-modules-umd': [ '7.27.1' ],
73 silly audit   '@babel/plugin-transform-named-capturing-groups-regex': [ '7.27.1' ],
73 silly audit   '@babel/plugin-transform-new-target': [ '7.27.1' ],
73 silly audit   '@babel/plugin-transform-nullish-coalescing-operator': [ '7.27.1' ],
73 silly audit   '@babel/plugin-transform-numeric-separator': [ '7.27.1' ],
73 silly audit   '@babel/plugin-transform-object-rest-spread': [ '7.28.4' ],
73 silly audit   '@babel/plugin-transform-object-super': [ '7.27.1' ],
73 silly audit   '@babel/plugin-transform-optional-catch-binding': [ '7.27.1' ],
73 silly audit   '@babel/plugin-transform-optional-chaining': [ '7.27.1' ],
73 silly audit   '@babel/plugin-transform-parameters': [ '7.27.7' ],
73 silly audit   '@babel/plugin-transform-private-methods': [ '7.27.1' ],
73 silly audit   '@babel/plugin-transform-private-property-in-object': [ '7.27.1' ],
73 silly audit   '@babel/plugin-transform-property-literals': [ '7.27.1' ],
73 silly audit   '@babel/plugin-transform-regenerator': [ '7.28.4' ],
73 silly audit   '@babel/plugin-transform-regexp-modifiers': [ '7.27.1' ],
73 silly audit   '@babel/plugin-transform-reserved-words': [ '7.27.1' ],
73 silly audit   '@babel/plugin-transform-shorthand-properties': [ '7.27.1' ],
73 silly audit   '@babel/plugin-transform-spread': [ '7.27.1' ],
73 silly audit   '@babel/plugin-transform-sticky-regex': [ '7.27.1' ],
73 silly audit   '@babel/plugin-transform-template-literals': [ '7.27.1' ],
73 silly audit   '@babel/plugin-transform-typeof-symbol': [ '7.27.1' ],
73 silly audit   '@babel/plugin-transform-unicode-escapes': [ '7.27.1' ],
73 silly audit   '@babel/plugin-transform-unicode-property-regex': [ '7.27.1' ],
73 silly audit   '@babel/plugin-transform-unicode-regex': [ '7.27.1' ],
73 silly audit   '@babel/plugin-transform-unicode-sets-regex': [ '7.27.1' ],
73 silly audit   '@babel/preset-env': [ '7.28.3' ],
73 silly audit   '@babel/preset-modules': [ '0.1.6-no-external-plugins' ],
73 silly audit   '@babel/runtime': [ '7.28.4' ],
73 silly audit   '@babel/template': [ '7.27.2' ],
73 silly audit   '@babel/traverse': [ '7.28.4' ],
73 silly audit   '@babel/types': [ '7.28.4' ],
73 silly audit   '@capacitor/camera': [ '7.0.2' ],
73 silly audit   '@capacitor/cli': [ '7.4.3' ],
73 silly audit   chownr: [ '2.0.0', '3.0.0' ],
73 silly audit   commander: [ '12.1.0', '2.20.3' ],
73 silly audit   'fs-extra': [ '11.3.2', '9.1.0' ],
73 silly audit   glob: [ '11.0.3', '7.2.3' ],
73 silly audit   minizlib: [ '2.1.2', '3.1.0' ],
73 silly audit   minipass: [ '3.3.6', '5.0.0', '7.1.2' ],
73 silly audit   rimraf: [ '6.0.1', '2.7.1' ],
73 silly audit   tar: [ '6.2.1', '7.5.1' ],
73 silly audit   yallist: [ '4.0.0', '3.1.1', '5.0.0' ],
73 silly audit   '@capacitor/core': [ '7.4.3' ],
73 silly audit   '@capacitor/filesystem': [ '7.1.4' ],
73 silly audit   '@capacitor/synapse': [ '1.0.4' ],
73 silly audit   '@ducanh2912/next-pwa': [ '10.2.9' ],
73 silly audit   '@apideck/better-ajv-errors': [ '0.3.6' ],
73 silly audit   '@rollup/plugin-node-resolve': [ '15.3.1', '11.2.1' ],
73 silly audit   '@rollup/pluginutils': [ '5.3.0', '3.1.0' ],
73 silly audit   '@types/resolve': [ '1.20.2', '1.17.1' ],
73 silly audit   ajv: [ '8.17.1', '6.12.6' ],
73 silly audit   'estree-walker': [ '2.0.2', '1.0.1' ],
73 silly audit   'fast-glob': [ '3.3.2', '3.3.3' ],
73 silly audit   'json-schema-traverse': [ '1.0.0', '0.4.1' ],
73 silly audit   picomatch: [ '4.0.3', '2.3.1' ],
73 silly audit   'source-map': [ '0.8.0-beta.0', '0.6.1' ],
73 silly audit   'webpack-sources': [ '1.4.3', '3.3.3' ],
73 silly audit   'workbox-background-sync': [ '7.1.0', '6.6.0' ],
73 silly audit   'workbox-broadcast-update': [ '7.1.0', '6.6.0' ],
73 silly audit   'workbox-build': [ '7.1.1', '7.1.0', '6.6.0' ],
73 silly audit   'workbox-cacheable-response': [ '7.1.0', '6.6.0' ],
73 silly audit   'workbox-core': [ '7.1.0', '6.6.0' ],
73 silly audit   'workbox-expiration': [ '7.1.0', '6.6.0' ],
73 silly audit   'workbox-google-analytics': [ '7.1.0', '6.6.0' ],
73 silly audit   'workbox-navigation-preload': [ '7.1.0', '6.6.0' ],
73 silly audit   'workbox-precaching': [ '7.1.0', '6.6.0' ],
73 silly audit   'workbox-range-requests': [ '7.1.0', '6.6.0' ],
73 silly audit   'workbox-recipes': [ '7.1.0', '6.6.0' ],
73 silly audit   'workbox-routing': [ '7.1.0', '6.6.0' ],
73 silly audit   'workbox-strategies': [ '7.1.0', '6.6.0' ],
73 silly audit   'workbox-streams': [ '7.1.0', '6.6.0' ],
73 silly audit   'workbox-sw': [ '7.1.0', '6.6.0' ],
73 silly audit   'workbox-webpack-plugin': [ '7.1.0', '6.6.0' ],
73 silly audit   'workbox-window': [ '7.1.0', '6.6.0' ],
73 silly audit   '@emnapi/runtime': [ '1.5.0' ],
73 silly audit   '@img/colour': [ '1.0.0' ],
73 silly audit   '@img/sharp-darwin-arm64': [ '0.34.4' ],
73 silly audit   '@img/sharp-darwin-x64': [ '0.34.4' ],
73 silly audit   '@img/sharp-libvips-darwin-arm64': [ '1.2.3' ],
73 silly audit   '@img/sharp-libvips-darwin-x64': [ '1.2.3' ],
73 silly audit   '@img/sharp-libvips-linux-arm': [ '1.2.3' ],
73 silly audit   '@img/sharp-libvips-linux-arm64': [ '1.2.3' ],
73 silly audit   '@img/sharp-libvips-linux-ppc64': [ '1.2.3' ],
73 silly audit   '@img/sharp-libvips-linux-s390x': [ '1.2.3' ],
73 silly audit   '@img/sharp-libvips-linux-x64': [ '1.2.3' ],
73 silly audit   '@img/sharp-libvips-linuxmusl-arm64': [ '1.2.3' ],
73 silly audit   '@img/sharp-libvips-linuxmusl-x64': [ '1.2.3' ],
73 silly audit   '@img/sharp-linux-arm': [ '0.34.4' ],
73 silly audit   '@img/sharp-linux-arm64': [ '0.34.4' ],
73 silly audit   '@img/sharp-linux-ppc64': [ '0.34.4' ],
73 silly audit   '@img/sharp-linux-s390x': [ '0.34.4' ],
73 silly audit   '@img/sharp-linux-x64': [ '0.34.4' ],
73 silly audit   '@img/sharp-linuxmusl-arm64': [ '0.34.4' ],
73 silly audit   '@img/sharp-linuxmusl-x64': [ '0.34.4' ],
73 silly audit   '@img/sharp-wasm32': [ '0.34.4' ],
73 silly audit   '@img/sharp-win32-arm64': [ '0.34.4' ],
73 silly audit   '@img/sharp-win32-ia32': [ '0.34.4' ],
73 silly audit   '@img/sharp-win32-x64': [ '0.34.4' ],
73 silly audit   '@ionic/cli-framework-output': [ '2.2.8' ],
73 silly audit   '@ionic/utils-array': [ '2.1.6' ],
73 silly audit   '@ionic/utils-fs': [ '3.1.7' ],
73 silly audit   '@ionic/utils-object': [ '2.1.6' ],
73 silly audit   '@ionic/utils-process': [ '2.1.12' ],
73 silly audit   '@ionic/utils-stream': [ '3.1.7' ],
73 silly audit   '@ionic/utils-subprocess': [ '3.0.1' ],
73 silly audit   '@ionic/utils-terminal': [ '2.3.5' ],
73 silly audit   '@isaacs/balanced-match': [ '4.0.1' ],
73 silly audit   '@isaacs/brace-expansion': [ '5.0.0' ],
73 silly audit   '@isaacs/cliui': [ '8.0.2' ],
73 silly audit   'ansi-regex': [ '6.2.2', '5.0.1' ],
73 silly audit   'ansi-styles': [ '6.2.3', '4.3.0' ],
73 silly audit   'emoji-regex': [ '9.2.2', '8.0.0' ],
73 silly audit   'string-width': [ '5.1.2', '4.2.3' ],
73 silly audit   'strip-ansi': [ '7.1.2', '6.0.1' ],
73 silly audit   'wrap-ansi': [ '8.1.0', '7.0.0' ],
73 silly audit   '@isaacs/fs-minipass': [ '4.0.1' ],
73 silly audit   '@jridgewell/gen-mapping': [ '0.3.13' ],
73 silly audit   '@jridgewell/remapping': [ '2.3.5' ],
73 silly audit   '@jridgewell/resolve-uri': [ '3.1.2' ],
73 silly audit   '@jridgewell/source-map': [ '0.3.11' ],
73 silly audit   '@jridgewell/sourcemap-codec': [ '1.5.5' ],
73 silly audit   '@jridgewell/trace-mapping': [ '0.3.31' ],
73 silly audit   '@mongodb-js/saslprep': [ '1.3.2' ],
73 silly audit   '@nodelib/fs.scandir': [ '2.1.5' ],
73 silly audit   '@nodelib/fs.stat': [ '2.0.5' ],
73 silly audit   '@nodelib/fs.walk': [ '1.2.8' ],
73 silly audit   '@rollup/plugin-babel': [ '5.3.1' ],
73 silly audit   '@rollup/plugin-replace': [ '2.4.2' ],
73 silly audit   'magic-string': [ '0.25.9', '0.30.19' ],
73 silly audit   '@rollup/plugin-terser': [ '0.4.4' ],
73 silly audit   '@types/estree': [ '0.0.39', '1.0.8' ],
73 silly audit   '@surma/rollup-plugin-off-main-thread': [ '2.2.3' ],
73 silly audit   '@swc/helpers': [ '0.5.15' ],
73 silly audit   '@tailwindcss/node': [ '4.1.14' ],
73 silly audit   '@tailwindcss/oxide': [ '4.1.14' ],
73 silly audit   '@tailwindcss/oxide-android-arm64': [ '4.1.14' ],
73 silly audit   '@tailwindcss/oxide-darwin-arm64': [ '4.1.14' ],
73 silly audit   '@tailwindcss/oxide-darwin-x64': [ '4.1.14' ],
73 silly audit   '@tailwindcss/oxide-freebsd-x64': [ '4.1.14' ],
73 silly audit   '@tailwindcss/oxide-linux-arm-gnueabihf': [ '4.1.14' ],
73 silly audit   '@tailwindcss/oxide-linux-arm64-gnu': [ '4.1.14' ],
73 silly audit   '@tailwindcss/oxide-linux-arm64-musl': [ '4.1.14' ],
73 silly audit   '@tailwindcss/oxide-linux-x64-gnu': [ '4.1.14' ],
73 silly audit   '@tailwindcss/oxide-linux-x64-musl': [ '4.1.14' ],
73 silly audit   '@tailwindcss/oxide-win32-arm64-msvc': [ '4.1.14' ],
73 silly audit   '@tailwindcss/oxide-win32-x64-msvc': [ '4.1.14' ],
73 silly audit   '@tailwindcss/postcss': [ '4.1.14' ],
73 silly audit   '@types/bcryptjs': [ '3.0.0' ],
73 silly audit   '@types/eslint': [ '9.6.1' ],
73 silly audit   '@types/eslint-scope': [ '3.7.7' ],
73 silly audit   '@types/fs-extra': [ '8.1.5' ],
73 silly audit   '@types/glob': [ '7.2.0' ],
73 silly audit   '@types/json-schema': [ '7.0.15' ],
73 silly audit   '@types/jsonwebtoken': [ '9.0.10' ],
73 silly audit   '@types/minimatch': [ '6.0.0' ],
73 silly audit   '@types/ms': [ '2.1.0' ],
73 silly audit   '@types/node': [ '20.19.19' ],
73 silly audit   '@types/react': [ '19.2.2' ],
73 silly audit   '@types/react-dom': [ '19.2.1' ],
73 silly audit   '@types/slice-ansi': [ '4.0.0' ],
73 silly audit   '@types/trusted-types': [ '2.0.7' ],
73 silly audit   '@types/webidl-conversions': [ '7.0.3' ],
73 silly audit   '@types/whatwg-url': [ '13.0.0', '11.0.5' ],
73 silly audit   '@webassemblyjs/ast': [ '1.14.1' ],
73 silly audit   '@webassemblyjs/floating-point-hex-parser': [ '1.13.2' ],
73 silly audit   '@webassemblyjs/helper-api-error': [ '1.13.2' ],
73 silly audit   '@webassemblyjs/helper-buffer': [ '1.14.1' ],
73 silly audit   '@webassemblyjs/helper-numbers': [ '1.13.2' ],
73 silly audit   '@webassemblyjs/helper-wasm-bytecode': [ '1.13.2' ],
73 silly audit   '@webassemblyjs/helper-wasm-section': [ '1.14.1' ],
73 silly audit   '@webassemblyjs/ieee754': [ '1.13.2' ],
73 silly audit   '@webassemblyjs/leb128': [ '1.13.2' ],
73 silly audit   '@webassemblyjs/utf8': [ '1.13.2' ],
73 silly audit   '@webassemblyjs/wasm-edit': [ '1.14.1' ],
73 silly audit   '@webassemblyjs/wasm-gen': [ '1.14.1' ],
73 silly audit   '@webassemblyjs/wasm-opt': [ '1.14.1' ],
73 silly audit   '@webassemblyjs/wasm-parser': [ '1.14.1' ],
73 silly audit   '@webassemblyjs/wast-printer': [ '1.14.1' ],
73 silly audit   '@xmldom/xmldom': [ '0.8.11' ],
73 silly audit   '@xtuc/ieee754': [ '1.2.0' ],
73 silly audit   '@xtuc/long': [ '4.2.2' ],
73 silly audit   acorn: [ '8.15.0' ],
73 silly audit   'acorn-import-phases': [ '1.0.4' ],
73 silly audit   'ajv-formats': [ '2.1.1' ],
73 silly audit   'ajv-keywords': [ '3.5.2', '5.1.0' ],
73 silly audit   'array-buffer-byte-length': [ '1.0.2' ],
73 silly audit   'array-union': [ '2.1.0', '1.0.2' ],
73 silly audit   'array-uniq': [ '1.0.3' ],
73 silly audit   'arraybuffer.prototype.slice': [ '1.0.4' ],
73 silly audit   'astral-regex': [ '2.0.0' ],
73 silly audit   async: [ '3.2.6' ],
73 silly audit   'async-function': [ '1.0.0' ],
73 silly audit   'at-least-node': [ '1.0.0' ],
73 silly audit   'available-typed-arrays': [ '1.0.7' ],
73 silly audit   'babel-loader': [ '8.4.1' ],
73 silly audit   'babel-plugin-polyfill-corejs2': [ '0.4.14' ],
73 silly audit   'babel-plugin-polyfill-corejs3': [ '0.13.0' ],
73 silly audit   'babel-plugin-polyfill-regenerator': [ '0.6.5' ],
73 silly audit   'balanced-match': [ '1.0.2' ],
73 silly audit   'base64-js': [ '1.5.1' ],
73 silly audit   'baseline-browser-mapping': [ '2.8.16' ],
73 silly audit   bcryptjs: [ '3.0.3' ],
73 silly audit   'big-integer': [ '1.6.52' ],
73 silly audit   'big.js': [ '5.2.2' ],
73 silly audit   'bplist-parser': [ '0.3.2' ],
73 silly audit   'brace-expansion': [ '2.0.2', '1.1.12' ],
73 silly audit   braces: [ '3.0.3' ],
73 silly audit   browserslist: [ '4.26.3' ],
73 silly audit   bson: [ '7.0.0', '6.10.4' ],
73 silly audit   'buffer-crc32': [ '0.2.13' ],
73 silly audit   'buffer-equal-constant-time': [ '1.0.1' ],
73 silly audit   'buffer-from': [ '1.1.2' ],
73 silly audit   'builtin-modules': [ '3.3.0' ],
73 silly audit   'call-bind': [ '1.0.8' ],
73 silly audit   'call-bind-apply-helpers': [ '1.0.2' ],
73 silly audit   'call-bound': [ '1.0.4' ],
73 silly audit   'caniuse-lite': [ '1.0.30001749' ],
73 silly audit   'chrome-trace-event': [ '1.0.4' ],
73 silly audit   'clean-webpack-plugin': [ '4.0.0' ],
73 silly audit   'client-only': [ '0.0.1' ],
73 silly audit   'color-convert': [ '2.0.1' ],
73 silly audit   'color-name': [ '1.1.4' ],
73 silly audit   'common-tags': [ '1.8.2' ],
73 silly audit   commondir: [ '1.0.1' ],
73 silly audit   'concat-map': [ '0.0.1' ],
73 silly audit   'convert-source-map': [ '2.0.0' ],
73 silly audit   'core-js-compat': [ '3.46.0' ],
73 silly audit   'cross-spawn': [ '7.0.6' ],
73 silly audit   'crypto-random-string': [ '2.0.0' ],
73 silly audit   csstype: [ '3.1.3' ],
73 silly audit   'data-view-buffer': [ '1.0.2' ],
73 silly audit   'data-view-byte-length': [ '1.0.2' ],
73 silly audit   'data-view-byte-offset': [ '1.0.1' ],
73 silly audit   debug: [ '4.4.3' ],
73 silly audit   deepmerge: [ '4.3.1' ],
73 silly audit   'define-data-property': [ '1.1.4' ],
73 silly audit   'define-lazy-prop': [ '2.0.0' ],
73 silly audit   'define-properties': [ '1.2.1' ],
73 silly audit   del: [ '4.1.1' ],
73 silly audit   globby: [ '6.1.0', '11.1.0' ],
73 silly audit   pify: [ '2.3.0', '4.0.1' ],
73 silly audit   'detect-libc': [ '2.1.2' ],
73 silly audit   'dir-glob': [ '3.0.1' ],
73 silly audit   dotenv: [ '17.2.3' ],
73 silly audit   'dunder-proto': [ '1.0.1' ],
73 silly audit   eastasianwidth: [ '0.2.0' ],
73 silly audit   'ecdsa-sig-formatter': [ '1.0.11' ],
73 silly audit   ejs: [ '3.1.10' ],
73 silly audit   'electron-to-chromium': [ '1.5.234' ],
73 silly audit   elementtree: [ '0.1.7' ],
73 silly audit   'emojis-list': [ '3.0.0' ],
73 silly audit   'enhanced-resolve': [ '5.18.3' ],
73 silly audit   'env-paths': [ '2.2.1' ],
73 silly audit   'es-abstract': [ '1.24.0' ],
73 silly audit   'es-define-property': [ '1.0.1' ],
73 silly audit   'es-errors': [ '1.3.0' ],
73 silly audit   'es-module-lexer': [ '1.7.0' ],
73 silly audit   'es-object-atoms': [ '1.1.1' ],
73 silly audit   'es-set-tostringtag': [ '2.1.0' ],
73 silly audit   'es-to-primitive': [ '1.3.0' ],
73 silly audit   escalade: [ '3.2.0' ],
73 silly audit   'eslint-scope': [ '5.1.1' ],
73 silly audit   esrecurse: [ '4.3.0' ],
73 silly audit   estraverse: [ '5.3.0', '4.3.0' ],
73 silly audit   esutils: [ '2.0.3' ],
73 silly audit   events: [ '3.3.0' ],
73 silly audit   'fast-deep-equal': [ '3.1.3' ],
73 silly audit   'fast-json-stable-stringify': [ '2.1.0' ],
73 silly audit   'fast-uri': [ '3.1.0' ],
73 silly audit   fastq: [ '1.19.1' ],
73 silly audit   'fd-slicer': [ '1.1.0' ],
73 silly audit   filelist: [ '1.0.4' ],
73 silly audit   minimatch: [ '5.1.6', '3.1.2', '10.0.3' ],
73 silly audit   'fill-range': [ '7.1.1' ],
73 silly audit   'find-cache-dir': [ '3.3.2' ],
73 silly audit   'find-up': [ '4.1.0' ],
73 silly audit   'for-each': [ '0.3.5' ],
73 silly audit   'foreground-child': [ '3.3.1' ],
73 silly audit   'signal-exit': [ '4.1.0', '3.0.7' ],
73 silly audit   'framer-motion': [ '12.23.24' ],
73 silly audit   'fs-minipass': [ '2.1.0' ],
73 silly audit   'fs.realpath': [ '1.0.0' ],
73 silly audit   fsevents: [ '2.3.3' ],
73 silly audit   'function-bind': [ '1.1.2' ],
73 silly audit   'function.prototype.name': [ '1.1.8' ],
73 silly audit   'functions-have-names': [ '1.2.3' ],
73 silly audit   'generator-function': [ '2.0.1' ],
73 silly audit   gensync: [ '1.0.0-beta.2' ],
73 silly audit   'get-intrinsic': [ '1.3.0' ],
73 silly audit   'get-own-enumerable-property-symbols': [ '3.0.2' ],
73 silly audit   'get-proto': [ '1.0.1' ],
73 silly audit   'get-symbol-description': [ '1.1.0' ],
73 silly audit   'glob-parent': [ '5.1.2' ],
73 silly audit   'glob-to-regexp': [ '0.4.1' ],
73 silly audit   globalthis: [ '1.0.4' ],
73 silly audit   goober: [ '2.1.18' ],
73 silly audit   gopd: [ '1.2.0' ],
73 silly audit   'graceful-fs': [ '4.2.11' ],
73 silly audit   'has-bigints': [ '1.1.0' ],
73 silly audit   'has-flag': [ '4.0.0' ],
73 silly audit   'has-property-descriptors': [ '1.0.2' ],
73 silly audit   'has-proto': [ '1.2.0' ],
73 silly audit   'has-symbols': [ '1.1.0' ],
73 silly audit   'has-tostringtag': [ '1.0.2' ],
73 silly audit   hasown: [ '2.0.2' ],
73 silly audit   idb: [ '7.1.1' ],
73 silly audit   ignore: [ '5.3.2' ],
73 silly audit   inflight: [ '1.0.6' ],
73 silly audit   inherits: [ '2.0.4' ],
73 silly audit   ini: [ '4.1.3' ],
73 silly audit   'internal-slot': [ '1.1.0' ],
73 silly audit   'is-array-buffer': [ '3.0.5' ],
73 silly audit   'is-async-function': [ '2.1.1' ],
73 silly audit   'is-bigint': [ '1.1.0' ],
73 silly audit   'is-boolean-object': [ '1.2.2' ],
73 silly audit   'is-callable': [ '1.2.7' ],
73 silly audit   'is-core-module': [ '2.16.1' ],
73 silly audit   'is-data-view': [ '1.0.2' ],
73 silly audit   'is-date-object': [ '1.1.0' ],
73 silly audit   'is-docker': [ '2.2.1' ],
73 silly audit   'is-extglob': [ '2.1.1' ],
73 silly audit   'is-finalizationregistry': [ '1.1.1' ],
73 silly audit   'is-fullwidth-code-point': [ '3.0.0' ],
73 silly audit   'is-generator-function': [ '1.1.2' ],
73 silly audit   'is-glob': [ '4.0.3' ],
73 silly audit   'is-map': [ '2.0.3' ],
73 silly audit   'is-module': [ '1.0.0' ],
73 silly audit   'is-negative-zero': [ '2.0.3' ],
73 silly audit   'is-number': [ '7.0.0' ],
73 silly audit   'is-number-object': [ '1.1.1' ],
73 silly audit   'is-obj': [ '1.0.1' ],
73 silly audit   'is-path-cwd': [ '2.2.0' ],
73 silly audit   'is-path-in-cwd': [ '2.1.0' ],
73 silly audit   'is-path-inside': [ '2.1.0' ],
73 silly audit   'is-regex': [ '1.2.1' ],
73 silly audit   'is-regexp': [ '1.0.0' ],
73 silly audit   'is-set': [ '2.0.3' ],
73 silly audit   'is-shared-array-buffer': [ '1.0.4' ],
73 silly audit   'is-stream': [ '2.0.1' ],
73 silly audit   'is-string': [ '1.1.1' ],
73 silly audit   'is-symbol': [ '1.1.1' ],
73 silly audit   'is-typed-array': [ '1.1.15' ],
73 silly audit   'is-weakmap': [ '2.0.2' ],
73 silly audit   'is-weakref': [ '1.1.1' ],
73 silly audit   'is-weakset': [ '2.0.4' ],
73 silly audit   'is-wsl': [ '2.2.0' ],
73 silly audit   isarray: [ '2.0.5' ],
73 silly audit   isexe: [ '2.0.0' ],
73 silly audit   jackspeak: [ '4.1.1' ],
73 silly audit   jake: [ '10.9.4' ],
73 silly audit   'jest-worker': [ '27.5.1', '26.6.2' ],
73 silly audit   jiti: [ '2.6.1' ],
73 silly audit   'js-tokens': [ '4.0.0' ],
73 silly audit   jsesc: [ '3.1.0' ],
73 silly audit   'json-parse-even-better-errors': [ '2.3.1' ],
73 silly audit   'json-schema': [ '0.4.0' ],
73 silly audit   json5: [ '2.2.3' ],
73 silly audit   jsonfile: [ '6.2.0' ],
73 silly audit   jsonpointer: [ '5.0.1' ],
73 silly audit   jsonwebtoken: [ '9.0.2' ],
73 silly audit   jwa: [ '1.4.2' ],
73 silly audit   jws: [ '3.2.2' ],
73 silly audit   kareem: [ '2.6.3' ],
73 silly audit   kleur: [ '4.1.5', '3.0.3' ],
73 silly audit   leven: [ '3.1.0' ],
73 silly audit   lightningcss: [ '1.30.1' ],
73 silly audit   'lightningcss-darwin-arm64': [ '1.30.1' ],
73 silly audit   'lightningcss-darwin-x64': [ '1.30.1' ],
73 silly audit   'lightningcss-freebsd-x64': [ '1.30.1' ],
73 silly audit   'lightningcss-linux-arm-gnueabihf': [ '1.30.1' ],
73 silly audit   'lightningcss-linux-arm64-gnu': [ '1.30.1' ],
73 silly audit   'lightningcss-linux-arm64-musl': [ '1.30.1' ],
73 silly audit   'lightningcss-linux-x64-gnu': [ '1.30.1' ],
73 silly audit   'lightningcss-linux-x64-musl': [ '1.30.1' ],
73 silly audit   'lightningcss-win32-arm64-msvc': [ '1.30.1' ],
73 silly audit   'lightningcss-win32-x64-msvc': [ '1.30.1' ],
73 silly audit   'loader-runner': [ '4.3.1' ],
73 silly audit   'loader-utils': [ '2.0.4' ],
73 silly audit   'locate-path': [ '5.0.0' ],
73 silly audit   lodash: [ '4.17.21' ],
73 silly audit   'lodash.debounce': [ '4.0.8' ],
73 silly audit   'lodash.includes': [ '4.3.0' ],
73 silly audit   'lodash.isboolean': [ '3.0.3' ],
73 silly audit   'lodash.isinteger': [ '4.0.4' ],
73 silly audit   'lodash.isnumber': [ '3.0.3' ],
73 silly audit   'lodash.isplainobject': [ '4.0.6' ],
73 silly audit   'lodash.isstring': [ '4.0.1' ],
73 silly audit   'lodash.once': [ '4.1.1' ],
73 silly audit   'lodash.sortby': [ '4.7.0' ],
73 silly audit   'lru-cache': [ '5.1.1', '11.2.2' ],
73 silly audit   'make-dir': [ '3.1.0' ],
73 silly audit   'math-intrinsics': [ '1.1.0' ],
73 silly audit   'memory-pager': [ '1.5.0' ],
73 silly audit   'merge-stream': [ '2.0.0' ],
73 silly audit   merge2: [ '1.4.1' ],
73 silly audit   micromatch: [ '4.0.8' ],
73 silly audit   'mime-db': [ '1.52.0' ],
73 silly audit   'mime-types': [ '2.1.35' ],
73 silly audit   mkdirp: [ '1.0.4' ],
73 silly audit   mongodb: [ '7.0.0', '6.20.0' ],
73 silly audit   'mongodb-connection-string-url': [ '7.0.0', '3.0.2' ],
73 silly audit   tr46: [ '5.1.1', '1.0.1' ],
73 silly audit   'webidl-conversions': [ '7.0.0', '4.0.2' ],
73 silly audit   'whatwg-url': [ '14.2.0', '7.1.0' ],
73 silly audit   mongoose: [ '8.19.4' ],
73 silly audit   'motion-dom': [ '12.23.23' ],
73 silly audit   'motion-utils': [ '12.23.6' ],
73 silly audit   mpath: [ '0.9.0' ],
73 silly audit   mquery: [ '5.0.0' ],
73 silly audit   ms: [ '2.1.3' ],
73 silly audit   nanoid: [ '3.3.11' ],
73 silly audit   'native-run': [ '2.0.1' ],
73 silly audit   'neo-async': [ '2.6.2' ],
73 silly audit   'next-pwa': [ '5.6.0' ],
73 silly audit   postcss: [ '8.5.6', '8.4.31' ],
73 silly audit   'node-releases': [ '2.0.23' ],
73 silly audit   'object-assign': [ '4.1.1' ],
73 silly audit   'object-inspect': [ '1.13.4' ],
73 silly audit   'object-keys': [ '1.1.1' ],
73 silly audit   'object.assign': [ '4.1.7' ],
73 silly audit   once: [ '1.4.0' ],
73 silly audit   open: [ '8.4.2' ],
73 silly audit   'own-keys': [ '1.0.1' ],
73 silly audit   'p-limit': [ '2.3.0' ],
73 silly audit   'p-locate': [ '4.1.0' ],
73 silly audit   'p-map': [ '2.1.0' ],
73 silly audit   'p-try': [ '2.2.0' ],
73 silly audit   'package-json-from-dist': [ '1.0.1' ],
73 silly audit   'path-exists': [ '4.0.0' ],
73 silly audit   'path-is-absolute': [ '1.0.1' ],
73 silly audit   'path-is-inside': [ '1.0.2' ],
73 silly audit   'path-key': [ '3.1.1' ],
73 silly audit   'path-parse': [ '1.0.7' ],
73 silly audit   'path-scurry': [ '2.0.0' ],
73 silly audit   'path-type': [ '4.0.0' ],
73 silly audit   pend: [ '1.2.0' ],
73 silly audit   picocolors: [ '1.1.1' ],
73 silly audit   pinkie: [ '2.0.4' ],
73 silly audit   'pinkie-promise': [ '2.0.1' ],
73 silly audit   'pkg-dir': [ '4.2.0' ],
73 silly audit   plist: [ '3.1.0' ],
73 silly audit   'possible-typed-array-names': [ '1.1.0' ],
73 silly audit   'pretty-bytes': [ '5.6.0' ],
73 silly audit   prompts: [ '2.4.2' ],
73 silly audit   punycode: [ '2.3.1' ],
73 silly audit   'queue-microtask': [ '1.2.3' ],
73 silly audit   randombytes: [ '2.1.0' ],
73 silly audit   react: [ '19.1.0' ],
73 silly audit   'react-dom': [ '19.1.0' ],
73 silly audit   'react-hot-toast': [ '2.6.0' ],
73 silly audit   'readable-stream': [ '3.6.2' ],
73 silly audit   'reflect.getprototypeof': [ '1.0.10' ],
73 silly audit   regenerate: [ '1.4.2' ],
73 silly audit   'regenerate-unicode-properties': [ '10.2.2' ],
73 silly audit   'regexp.prototype.flags': [ '1.5.4' ],
73 silly audit   'regexpu-core': [ '6.4.0' ],
73 silly audit   regjsgen: [ '0.8.0' ],
73 silly audit   regjsparser: [ '0.13.0' ],
73 silly audit   'require-from-string': [ '2.0.2' ],
73 silly audit   resolve: [ '1.22.10' ],
73 silly audit   reusify: [ '1.1.0' ],
73 silly audit   rollup: [ '2.79.2' ],
73 silly audit   'rollup-plugin-terser': [ '7.0.2' ],
73 silly audit   'serialize-javascript': [ '4.0.0', '6.0.2' ],
73 silly audit   'supports-color': [ '7.2.0', '8.1.1' ],
73 silly audit   'run-parallel': [ '1.2.0' ],
73 silly audit   'safe-array-concat': [ '1.1.3' ],
73 silly audit   'safe-buffer': [ '5.2.1' ],
73 silly audit   'safe-push-apply': [ '1.0.0' ],
73 silly audit   'safe-regex-test': [ '1.1.0' ],
73 silly audit   sax: [ '1.1.4' ],
73 silly audit   scheduler: [ '0.26.0' ],
73 silly audit   'schema-utils': [ '2.7.1', '4.3.3' ],
73 silly audit   'set-function-length': [ '1.2.2' ],
73 silly audit   'set-function-name': [ '2.0.2' ],
73 silly audit   'set-proto': [ '1.0.0' ],
73 silly audit   sharp: [ '0.34.4' ],
73 silly audit   'shebang-command': [ '2.0.0' ],
73 silly audit   'shebang-regex': [ '3.0.0' ],
73 silly audit   'side-channel': [ '1.1.0' ],
73 silly audit   'side-channel-list': [ '1.0.0' ],
73 silly audit   'side-channel-map': [ '1.0.1' ],
73 silly audit   'side-channel-weakmap': [ '1.0.2' ],
73 silly audit   sift: [ '17.1.3' ],
73 silly audit   sisteransi: [ '1.0.5' ],
73 silly audit   slash: [ '3.0.0' ],
73 silly audit   'slice-ansi': [ '4.0.0' ],
73 silly audit   smob: [ '1.5.0' ],
73 silly audit   'source-list-map': [ '2.0.1' ],
73 silly audit   'source-map-js': [ '1.2.1' ],
73 silly audit   'source-map-support': [ '0.5.21' ],
73 silly audit   'sourcemap-codec': [ '1.4.8' ],
73 silly audit   'sparse-bitfield': [ '3.0.3' ],
73 silly audit   split2: [ '4.2.0' ],
73 silly audit   'stop-iteration-iterator': [ '1.1.0' ],
73 silly audit   string_decoder: [ '1.3.0' ],
73 silly audit   'string.prototype.matchall': [ '4.0.12' ],
73 silly audit   'string.prototype.trim': [ '1.2.10' ],
73 silly audit   'string.prototype.trimend': [ '1.0.9' ],
73 silly audit   'string.prototype.trimstart': [ '1.0.8' ],
73 silly audit   'stringify-object': [ '3.3.0' ],
73 silly audit   'strip-comments': [ '2.0.1' ],
73 silly audit   'styled-jsx': [ '5.1.6' ],
73 silly audit   'supports-preserve-symlinks-flag': [ '1.0.0' ],
73 silly audit   tailwindcss: [ '4.1.14' ],
73 silly audit   tapable: [ '2.3.0' ],
73 silly audit   'temp-dir': [ '2.0.0' ],
73 silly audit   tempy: [ '0.6.0' ],
73 silly audit   terser: [ '5.44.0' ],
73 silly audit   'terser-webpack-plugin': [ '5.3.14' ],
73 silly audit   through2: [ '4.0.2' ],
73 silly audit   'to-regex-range': [ '5.0.1' ],
73 silly audit   'tree-kill': [ '1.2.2' ],
73 silly audit   tslib: [ '2.8.1' ],
73 silly audit   'type-fest': [ '0.16.0' ],
73 silly audit   'typed-array-buffer': [ '1.0.3' ],
73 silly audit   'typed-array-byte-length': [ '1.0.3' ],
73 silly audit   'typed-array-byte-offset': [ '1.0.4' ],
73 silly audit   'typed-array-length': [ '1.0.7' ],
73 silly audit   typescript: [ '5.9.3' ],
73 silly audit   'unbox-primitive': [ '1.1.0' ],
73 silly audit   'undici-types': [ '6.21.0' ],
73 silly audit   'unicode-canonical-property-names-ecmascript': [ '2.0.1' ],
73 silly audit   'unicode-match-property-ecmascript': [ '2.0.0' ],
73 silly audit   'unicode-match-property-value-ecmascript': [ '2.2.1' ],
73 silly audit   'unicode-property-aliases-ecmascript': [ '2.2.0' ],
73 silly audit   'unique-string': [ '2.0.0' ],
73 silly audit   universalify: [ '2.0.1' ],
73 silly audit   untildify: [ '4.0.0' ],
73 silly audit   upath: [ '1.2.0' ],
73 silly audit   'update-browserslist-db': [ '1.1.3' ],
73 silly audit   'uri-js': [ '4.4.1' ],
73 silly audit   'util-deprecate': [ '1.0.2' ],
73 silly audit   watchpack: [ '2.4.4' ],
73 silly audit   webpack: [ '5.102.1' ],
73 silly audit   which: [ '2.0.2' ],
73 silly audit   'which-boxed-primitive': [ '1.1.1' ],
73 silly audit   'which-builtin-type': [ '1.2.1' ],
73 silly audit   'which-collection': [ '1.0.2' ],
73 silly audit   'which-typed-array': [ '1.1.19' ],
73 silly audit   wrappy: [ '1.0.2' ],
73 silly audit   xml2js: [ '0.6.2' ],
73 silly audit   xmlbuilder: [ '11.0.1', '15.1.1' ],
73 silly audit   yauzl: [ '2.10.0' ],
73 silly audit   next: [ '16.0.7' ],
73 silly audit   '@next/env': [ '16.0.7' ],
73 silly audit   '@next/swc-darwin-arm64': [ '16.0.7' ],
73 silly audit   '@next/swc-darwin-x64': [ '16.0.7' ],
73 silly audit   '@next/swc-linux-arm64-gnu': [ '16.0.7' ],
73 silly audit   '@next/swc-linux-arm64-musl': [ '16.0.7' ],
73 silly audit   '@next/swc-linux-x64-gnu': [ '16.0.7' ],
73 silly audit   '@next/swc-linux-x64-musl': [ '16.0.7' ],
73 silly audit   '@next/swc-win32-arm64-msvc': [ '16.0.7' ],
73 silly audit   '@next/swc-win32-x64-msvc': [ '16.0.7' ],
73 silly audit   '@tailwindcss/oxide-wasm32-wasi': [ '4.1.14' ]
73 silly audit }
74 verbose reify failed optional dependency D:\fairproject\fair_app\node_modules\@next\swc-win32-arm64-msvc
75 silly reify mark deleted [
75 silly reify   'D:\\fairproject\\fair_app\\node_modules\\@next\\swc-win32-arm64-msvc'
75 silly reify ]
76 verbose reify failed optional dependency D:\fairproject\fair_app\node_modules\@next\swc-linux-x64-musl
77 silly reify mark deleted [
77 silly reify   'D:\\fairproject\\fair_app\\node_modules\\@next\\swc-linux-x64-musl'
77 silly reify ]
78 verbose reify failed optional dependency D:\fairproject\fair_app\node_modules\@next\swc-linux-x64-gnu
79 silly reify mark deleted [ 'D:\\fairproject\\fair_app\\node_modules\\@next\\swc-linux-x64-gnu' ]
80 verbose reify failed optional dependency D:\fairproject\fair_app\node_modules\@next\swc-linux-arm64-musl
81 silly reify mark deleted [
81 silly reify   'D:\\fairproject\\fair_app\\node_modules\\@next\\swc-linux-arm64-musl'
81 silly reify ]
82 verbose reify failed optional dependency D:\fairproject\fair_app\node_modules\@next\swc-linux-arm64-gnu
83 silly reify mark deleted [
83 silly reify   'D:\\fairproject\\fair_app\\node_modules\\@next\\swc-linux-arm64-gnu'
83 silly reify ]
84 verbose reify failed optional dependency D:\fairproject\fair_app\node_modules\@next\swc-darwin-x64
85 silly reify mark deleted [ 'D:\\fairproject\\fair_app\\node_modules\\@next\\swc-darwin-x64' ]
86 verbose reify failed optional dependency D:\fairproject\fair_app\node_modules\@next\swc-darwin-arm64
87 silly reify mark deleted [ 'D:\\fairproject\\fair_app\\node_modules\\@next\\swc-darwin-arm64' ]
88 verbose reify failed optional dependency D:\fairproject\fair_app\node_modules\lightningcss-win32-arm64-msvc
89 silly reify mark deleted [
89 silly reify   'D:\\fairproject\\fair_app\\node_modules\\lightningcss-win32-arm64-msvc'
89 silly reify ]
90 verbose reify failed optional dependency D:\fairproject\fair_app\node_modules\lightningcss-linux-x64-musl
91 silly reify mark deleted [
91 silly reify   'D:\\fairproject\\fair_app\\node_modules\\lightningcss-linux-x64-musl'
91 silly reify ]
92 verbose reify failed optional dependency D:\fairproject\fair_app\node_modules\lightningcss-linux-x64-gnu
93 silly reify mark deleted [
93 silly reify   'D:\\fairproject\\fair_app\\node_modules\\lightningcss-linux-x64-gnu'
93 silly reify ]
94 verbose reify failed optional dependency D:\fairproject\fair_app\node_modules\lightningcss-linux-arm64-musl
95 silly reify mark deleted [
95 silly reify   'D:\\fairproject\\fair_app\\node_modules\\lightningcss-linux-arm64-musl'
95 silly reify ]
96 verbose reify failed optional dependency D:\fairproject\fair_app\node_modules\lightningcss-linux-arm64-gnu
97 silly reify mark deleted [
97 silly reify   'D:\\fairproject\\fair_app\\node_modules\\lightningcss-linux-arm64-gnu'
97 silly reify ]
98 verbose reify failed optional dependency D:\fairproject\fair_app\node_modules\lightningcss-linux-arm-gnueabihf
99 silly reify mark deleted [
99 silly reify   'D:\\fairproject\\fair_app\\node_modules\\lightningcss-linux-arm-gnueabihf'
99 silly reify ]
100 verbose reify failed optional dependency D:\fairproject\fair_app\node_modules\lightningcss-freebsd-x64
101 silly reify mark deleted [ 'D:\\fairproject\\fair_app\\node_modules\\lightningcss-freebsd-x64' ]
102 verbose reify failed optional dependency D:\fairproject\fair_app\node_modules\lightningcss-darwin-x64
103 silly reify mark deleted [ 'D:\\fairproject\\fair_app\\node_modules\\lightningcss-darwin-x64' ]
104 verbose reify failed optional dependency D:\fairproject\fair_app\node_modules\lightningcss-darwin-arm64
105 silly reify mark deleted [
105 silly reify   'D:\\fairproject\\fair_app\\node_modules\\lightningcss-darwin-arm64'
105 silly reify ]
106 verbose reify failed optional dependency D:\fairproject\fair_app\node_modules\fsevents
107 silly reify mark deleted [ 'D:\\fairproject\\fair_app\\node_modules\\fsevents' ]
108 verbose reify failed optional dependency D:\fairproject\fair_app\node_modules\@tailwindcss\oxide-win32-arm64-msvc
109 silly reify mark deleted [
109 silly reify   'D:\\fairproject\\fair_app\\node_modules\\@tailwindcss\\oxide-win32-arm64-msvc'
109 silly reify ]
110 verbose reify failed optional dependency D:\fairproject\fair_app\node_modules\@tailwindcss\oxide-linux-x64-musl
111 silly reify mark deleted [
111 silly reify   'D:\\fairproject\\fair_app\\node_modules\\@tailwindcss\\oxide-linux-x64-musl'
111 silly reify ]
112 verbose reify failed optional dependency D:\fairproject\fair_app\node_modules\@tailwindcss\oxide-linux-x64-gnu
113 silly reify mark deleted [
113 silly reify   'D:\\fairproject\\fair_app\\node_modules\\@tailwindcss\\oxide-linux-x64-gnu'
113 silly reify ]
114 verbose reify failed optional dependency D:\fairproject\fair_app\node_modules\@tailwindcss\oxide-linux-arm64-musl
115 silly reify mark deleted [
115 silly reify   'D:\\fairproject\\fair_app\\node_modules\\@tailwindcss\\oxide-linux-arm64-musl'
115 silly reify ]
116 verbose reify failed optional dependency D:\fairproject\fair_app\node_modules\@tailwindcss\oxide-linux-arm64-gnu
117 silly reify mark deleted [
117 silly reify   'D:\\fairproject\\fair_app\\node_modules\\@tailwindcss\\oxide-linux-arm64-gnu'
117 silly reify ]
118 verbose reify failed optional dependency D:\fairproject\fair_app\node_modules\@tailwindcss\oxide-linux-arm-gnueabihf
119 silly reify mark deleted [
119 silly reify   'D:\\fairproject\\fair_app\\node_modules\\@tailwindcss\\oxide-linux-arm-gnueabihf'
119 silly reify ]
120 verbose reify failed optional dependency D:\fairproject\fair_app\node_modules\@tailwindcss\oxide-freebsd-x64
121 silly reify mark deleted [
121 silly reify   'D:\\fairproject\\fair_app\\node_modules\\@tailwindcss\\oxide-freebsd-x64'
121 silly reify ]
122 verbose reify failed optional dependency D:\fairproject\fair_app\node_modules\@tailwindcss\oxide-darwin-x64
123 silly reify mark deleted [
123 silly reify   'D:\\fairproject\\fair_app\\node_modules\\@tailwindcss\\oxide-darwin-x64'
123 silly reify ]
124 verbose reify failed optional dependency D:\fairproject\fair_app\node_modules\@tailwindcss\oxide-darwin-arm64
125 silly reify mark deleted [
125 silly reify   'D:\\fairproject\\fair_app\\node_modules\\@tailwindcss\\oxide-darwin-arm64'
125 silly reify ]
126 verbose reify failed optional dependency D:\fairproject\fair_app\node_modules\@tailwindcss\oxide-android-arm64
127 silly reify mark deleted [
127 silly reify   'D:\\fairproject\\fair_app\\node_modules\\@tailwindcss\\oxide-android-arm64'
127 silly reify ]
128 verbose reify failed optional dependency D:\fairproject\fair_app\node_modules\@img\sharp-win32-ia32
129 silly reify mark deleted [ 'D:\\fairproject\\fair_app\\node_modules\\@img\\sharp-win32-ia32' ]
130 verbose reify failed optional dependency D:\fairproject\fair_app\node_modules\@img\sharp-win32-arm64
131 silly reify mark deleted [ 'D:\\fairproject\\fair_app\\node_modules\\@img\\sharp-win32-arm64' ]
132 verbose reify failed optional dependency D:\fairproject\fair_app\node_modules\@img\sharp-wasm32
133 silly reify mark deleted [ 'D:\\fairproject\\fair_app\\node_modules\\@img\\sharp-wasm32' ]
134 verbose reify failed optional dependency D:\fairproject\fair_app\node_modules\@img\sharp-linuxmusl-x64
135 silly reify mark deleted [
135 silly reify   'D:\\fairproject\\fair_app\\node_modules\\@img\\sharp-linuxmusl-x64'
135 silly reify ]
136 verbose reify failed optional dependency D:\fairproject\fair_app\node_modules\@img\sharp-linuxmusl-arm64
137 silly reify mark deleted [
137 silly reify   'D:\\fairproject\\fair_app\\node_modules\\@img\\sharp-linuxmusl-arm64'
137 silly reify ]
138 verbose reify failed optional dependency D:\fairproject\fair_app\node_modules\@img\sharp-linux-x64
139 silly reify mark deleted [ 'D:\\fairproject\\fair_app\\node_modules\\@img\\sharp-linux-x64' ]
140 verbose reify failed optional dependency D:\fairproject\fair_app\node_modules\@img\sharp-linux-s390x
141 silly reify mark deleted [ 'D:\\fairproject\\fair_app\\node_modules\\@img\\sharp-linux-s390x' ]
142 verbose reify failed optional dependency D:\fairproject\fair_app\node_modules\@img\sharp-linux-ppc64
143 silly reify mark deleted [ 'D:\\fairproject\\fair_app\\node_modules\\@img\\sharp-linux-ppc64' ]
144 verbose reify failed optional dependency D:\fairproject\fair_app\node_modules\@img\sharp-linux-arm64
145 silly reify mark deleted [ 'D:\\fairproject\\fair_app\\node_modules\\@img\\sharp-linux-arm64' ]
146 verbose reify failed optional dependency D:\fairproject\fair_app\node_modules\@img\sharp-linux-arm
147 silly reify mark deleted [ 'D:\\fairproject\\fair_app\\node_modules\\@img\\sharp-linux-arm' ]
148 verbose reify failed optional dependency D:\fairproject\fair_app\node_modules\@img\sharp-libvips-linuxmusl-x64
149 silly reify mark deleted [
149 silly reify   'D:\\fairproject\\fair_app\\node_modules\\@img\\sharp-libvips-linuxmusl-x64'
149 silly reify ]
150 verbose reify failed optional dependency D:\fairproject\fair_app\node_modules\@img\sharp-libvips-linuxmusl-arm64
151 silly reify mark deleted [
151 silly reify   'D:\\fairproject\\fair_app\\node_modules\\@img\\sharp-libvips-linuxmusl-arm64'
151 silly reify ]
152 verbose reify failed optional dependency D:\fairproject\fair_app\node_modules\@img\sharp-libvips-linux-x64
153 silly reify mark deleted [
153 silly reify   'D:\\fairproject\\fair_app\\node_modules\\@img\\sharp-libvips-linux-x64'
153 silly reify ]
154 verbose reify failed optional dependency D:\fairproject\fair_app\node_modules\@img\sharp-libvips-linux-s390x
155 silly reify mark deleted [
155 silly reify   'D:\\fairproject\\fair_app\\node_modules\\@img\\sharp-libvips-linux-s390x'
155 silly reify ]
156 verbose reify failed optional dependency D:\fairproject\fair_app\node_modules\@img\sharp-libvips-linux-ppc64
157 silly reify mark deleted [
157 silly reify   'D:\\fairproject\\fair_app\\node_modules\\@img\\sharp-libvips-linux-ppc64'
157 silly reify ]
158 verbose reify failed optional dependency D:\fairproject\fair_app\node_modules\@img\sharp-libvips-linux-arm64
159 silly reify mark deleted [
159 silly reify   'D:\\fairproject\\fair_app\\node_modules\\@img\\sharp-libvips-linux-arm64'
159 silly reify ]
160 verbose reify failed optional dependency D:\fairproject\fair_app\node_modules\@img\sharp-libvips-linux-arm
161 silly reify mark deleted [
161 silly reify   'D:\\fairproject\\fair_app\\node_modules\\@img\\sharp-libvips-linux-arm'
161 silly reify ]
162 verbose reify failed optional dependency D:\fairproject\fair_app\node_modules\@img\sharp-libvips-darwin-x64
163 silly reify mark deleted [
163 silly reify   'D:\\fairproject\\fair_app\\node_modules\\@img\\sharp-libvips-darwin-x64'
163 silly reify ]
164 verbose reify failed optional dependency D:\fairproject\fair_app\node_modules\@img\sharp-libvips-darwin-arm64
165 silly reify mark deleted [
165 silly reify   'D:\\fairproject\\fair_app\\node_modules\\@img\\sharp-libvips-darwin-arm64'
165 silly reify ]
166 verbose reify failed optional dependency D:\fairproject\fair_app\node_modules\@img\sharp-darwin-x64
167 silly reify mark deleted [ 'D:\\fairproject\\fair_app\\node_modules\\@img\\sharp-darwin-x64' ]
168 verbose reify failed optional dependency D:\fairproject\fair_app\node_modules\@img\sharp-darwin-arm64
169 silly reify mark deleted [ 'D:\\fairproject\\fair_app\\node_modules\\@img\\sharp-darwin-arm64' ]
170 silly tarball no local data for next@https://registry.npmjs.org/next/-/next-16.0.7.tgz. Extracting by manifest.
171 silly tarball no local data for @next/env@https://registry.npmjs.org/@next/env/-/env-16.0.7.tgz. Extracting by manifest.
172 silly tarball no local data for @next/swc-win32-x64-msvc@https://registry.npmjs.org/@next/swc-win32-x64-msvc/-/swc-win32-x64-msvc-16.0.7.tgz. Extracting by manifest.
173 http fetch POST 200 https://registry.npmjs.org/-/npm/v1/security/advisories/bulk 315ms
174 silly audit report {
174 silly audit report   glob: [
174 silly audit report     {
174 silly audit report       id: 1109843,
174 silly audit report       url: 'https://github.com/advisories/GHSA-5j98-mcp5-4vw2',
174 silly audit report       title: 'glob CLI: Command injection via -c/--cmd executes matches with shell:true',
174 silly audit report       severity: 'high',
174 silly audit report       vulnerable_versions: '>=11.0.0 <11.1.0',
174 silly audit report       cwe: [Array],
174 silly audit report       cvss: [Object]
174 silly audit report     }
174 silly audit report   ],
174 silly audit report   tar: [
174 silly audit report     {
174 silly audit report       id: 1109463,
174 silly audit report       url: 'https://github.com/advisories/GHSA-29xp-372q-xqph',
174 silly audit report       title: 'node-tar has a race condition leading to uninitialized memory exposure',
174 silly audit report       severity: 'moderate',
174 silly audit report       vulnerable_versions: '=7.5.1',
174 silly audit report       cwe: [Array],
174 silly audit report       cvss: [Object]
174 silly audit report     }
174 silly audit report   ],
174 silly audit report   jws: [
174 silly audit report     {
174 silly audit report       id: 1111244,
174 silly audit report       url: 'https://github.com/advisories/GHSA-869p-cjfg-cm3x',
174 silly audit report       title: 'auth0/node-jws Improperly Verifies HMAC Signature',
174 silly audit report       severity: 'high',
174 silly audit report       vulnerable_versions: '<3.2.3',
174 silly audit report       cwe: [Array],
174 silly audit report       cvss: [Object]
174 silly audit report     }
174 silly audit report   ]
174 silly audit report }
175 http fetch GET 200 https://registry.npmjs.org/tar 179ms (cache revalidated)
176 http fetch GET 200 https://registry.npmjs.org/jws 185ms (cache miss)
177 http fetch GET 200 https://registry.npmjs.org/glob 258ms (cache updated)
178 http fetch GET 200 https://registry.npmjs.org/@next/env/-/env-16.0.7.tgz 707ms (cache miss)
179 http fetch GET 200 https://registry.npmjs.org/rimraf 161ms (cache updated)
180 http fetch GET 200 https://registry.npmjs.org/@tailwindcss%2foxide 843ms (cache updated)
181 http fetch GET 200 https://registry.npmjs.org/jsonwebtoken 103ms (cache miss)
182 http fetch GET 200 https://registry.npmjs.org/@next/swc-win32-x64-msvc/-/swc-win32-x64-msvc-16.0.7.tgz 17630ms (cache miss)
183 http fetch GET 200 https://registry.npmjs.org/next/-/next-16.0.7.tgz 25372ms (cache miss)
184 silly ADD
185 silly ADD
186 silly ADD
187 silly ADD
188 silly ADD
189 silly ADD
190 silly ADD
191 silly ADD
192 silly ADD
193 silly ADD
194 silly ADD
195 silly ADD
196 silly ADD
197 silly ADD
198 silly ADD
199 silly ADD
200 silly ADD
201 silly ADD
202 silly ADD
203 silly ADD
204 silly ADD
205 silly ADD
206 silly ADD
207 silly ADD
208 silly ADD
209 silly ADD
210 silly ADD
211 silly ADD
212 silly ADD
213 silly ADD
214 silly ADD
215 silly ADD
216 silly ADD
217 silly ADD
218 silly ADD
219 silly ADD
220 silly ADD
221 silly ADD
222 silly ADD
223 silly ADD
224 silly ADD
225 silly ADD
226 silly ADD
227 silly ADD
228 silly ADD
229 silly ADD
230 silly ADD
231 silly ADD
232 silly ADD
233 silly REMOVE node_modules/web-streams-polyfill
234 silly REMOVE node_modules/node-fetch
235 silly REMOVE node_modules/node-domexception
236 silly CHANGE node_modules/next
237 silly REMOVE node_modules/formidable
238 silly REMOVE node_modules/formdata-polyfill
239 silly REMOVE node_modules/fetch-blob
240 silly REMOVE node_modules/dezalgo
241 silly REMOVE node_modules/data-uri-to-buffer
242 silly REMOVE node_modules/asap
243 silly REMOVE node_modules/@paralleldrive/cuid2
244 silly REMOVE node_modules/@noble/hashes
245 silly CHANGE node_modules/@next/swc-win32-x64-msvc
246 silly CHANGE node_modules/@next/env
247 verbose exit 0
248 info ok
