0 verbose cli C:\Program Files\nodejs\node.exe C:\Users\jjcha\AppData\Roaming\npm\node_modules\npm\bin\npm-cli.js
1 info using npm@10.7.0
2 info using node@v22.15.0
3 silly config:load:file:C:\Users\jjcha\AppData\Roaming\npm\node_modules\npm\npmrc
4 silly config:load:file:D:\fairproject\fair_app\.npmrc
5 silly config:load:file:C:\Users\jjcha\.npmrc
6 silly config:load:file:C:\Users\jjcha\AppData\Roaming\npm\etc\npmrc
7 verbose title npm run de
8 verbose argv "run" "de"
9 verbose logfile logs-max:10 dir:D:\fairproject\fair_app\.npm-cache\_logs\2025-11-30T07_35_40_754Z-
10 verbose logfile D:\fairproject\fair_app\.npm-cache\_logs\2025-11-30T07_35_40_754Z-debug-0.log
11 silly logfile start cleaning logs, removing 1 files
12 silly logfile done cleaning log files
13 verbose stack Error: Missing script: "de"
13 verbose stack
13 verbose stack To see a list of scripts, run:
13 verbose stack   npm run
13 verbose stack     at RunScript.run (C:\Users\jjcha\AppData\Roaming\npm\node_modules\npm\lib\commands\run-script.js:79:13)
13 verbose stack     at async module.exports (C:\Users\jjcha\AppData\Roaming\npm\node_modules\npm\lib\cli\entry.js:74:5)
14 verbose cwd D:\fairproject\fair_app
15 verbose Windows_NT 10.0.26200
16 verbose node v22.15.0
17 verbose npm  v10.7.0
18 error Missing script: "de"
18 error
18 error To see a list of scripts, run:
18 error   npm run
19 verbose exit 1
20 verbose code 1
21 error A complete log of this run can be found in: D:\fairproject\fair_app\.npm-cache\_logs\2025-11-30T07_35_40_754Z-debug-0.log
