0 verbose cli C:\Program Files\nodejs\node.exe C:\Users\jjcha\AppData\Roaming\npm\node_modules\npm\bin\npm-cli.js
1 info using npm@10.7.0
2 info using node@v22.15.0
3 silly config:load:file:C:\Users\jjcha\AppData\Roaming\npm\node_modules\npm\npmrc
4 silly config:load:file:D:\fairproject\fair_app\.npmrc
5 silly config:load:file:C:\Users\jjcha\.npmrc
6 silly config:load:file:C:\Users\jjcha\AppData\Roaming\npm\etc\npmrc
7 verbose title npm install @types/bcryptjs @types/jsonwebtoken
8 verbose argv "install" "--save-dev" "@types/bcryptjs" "@types/jsonwebtoken"
9 verbose logfile logs-max:10 dir:D:\fairproject\fair_app\.npm-cache\_logs\2025-11-17T00_12_23_015Z-
10 verbose logfile D:\fairproject\fair_app\.npm-cache\_logs\2025-11-17T00_12_23_015Z-debug-0.log
11 silly logfile start cleaning logs, removing 1 files
12 silly logfile done cleaning log files
13 silly idealTree buildDeps
14 silly fetch manifest @types/bcryptjs@*
15 http fetch GET 200 https://registry.npmjs.org/@types%2fbcryptjs 1214ms (cache miss)
16 silly fetch manifest @types/jsonwebtoken@*
17 http fetch GET 200 https://registry.npmjs.org/@types%2fjsonwebtoken 167ms (cache miss)
18 silly placeDep ROOT @types/bcryptjs@3.0.0 OK for: fair_app@0.1.0 want: *
19 silly placeDep ROOT @types/jsonwebtoken@9.0.10 OK for: fair_app@0.1.0 want: *
20 silly fetch manifest @types/ms@*
21 http fetch GET 200 https://registry.npmjs.org/@types%2fms 65ms (cache miss)
22 silly placeDep ROOT @types/ms@2.1.0 OK for: @types/jsonwebtoken@9.0.10 want: *
23 silly reify moves {}
24 verbose reify failed optional dependency D:\fairproject\fair_app\node_modules\@tailwindcss\oxide-wasm32-wasi
25 silly reify mark deleted [
25 silly reify   'D:\\fairproject\\fair_app\\node_modules\\@tailwindcss\\oxide-wasm32-wasi'
25 silly reify ]
26 silly audit bulk request {
26 silly audit   '@alloc/quick-lru': [ '5.2.0' ],
26 silly audit   '@babel/code-frame': [ '7.27.1' ],
26 silly audit   '@babel/compat-data': [ '7.28.4' ],
26 silly audit   '@babel/core': [ '7.28.4' ],
26 silly audit   semver: [ '6.3.1', '7.7.3' ],
26 silly audit   '@babel/generator': [ '7.28.3' ],
26 silly audit   '@babel/helper-annotate-as-pure': [ '7.27.3' ],
26 silly audit   '@babel/helper-compilation-targets': [ '7.27.2' ],
26 silly audit   '@babel/helper-create-class-features-plugin': [ '7.28.3' ],
26 silly audit   '@babel/helper-create-regexp-features-plugin': [ '7.27.1' ],
26 silly audit   '@babel/helper-define-polyfill-provider': [ '0.6.5' ],
26 silly audit   '@babel/helper-globals': [ '7.28.0' ],
26 silly audit   '@babel/helper-member-expression-to-functions': [ '7.27.1' ],
26 silly audit   '@babel/helper-module-imports': [ '7.27.1' ],
26 silly audit   '@babel/helper-module-transforms': [ '7.28.3' ],
26 silly audit   '@babel/helper-optimise-call-expression': [ '7.27.1' ],
26 silly audit   '@babel/helper-plugin-utils': [ '7.27.1' ],
26 silly audit   '@babel/helper-remap-async-to-generator': [ '7.27.1' ],
26 silly audit   '@babel/helper-replace-supers': [ '7.27.1' ],
26 silly audit   '@babel/helper-skip-transparent-expression-wrappers': [ '7.27.1' ],
26 silly audit   '@babel/helper-string-parser': [ '7.27.1' ],
26 silly audit   '@babel/helper-validator-identifier': [ '7.27.1' ],
26 silly audit   '@babel/helper-validator-option': [ '7.27.1' ],
26 silly audit   '@babel/helper-wrap-function': [ '7.28.3' ],
26 silly audit   '@babel/helpers': [ '7.28.4' ],
26 silly audit   '@babel/parser': [ '7.28.4' ],
26 silly audit   '@babel/plugin-bugfix-firefox-class-in-computed-class-key': [ '7.27.1' ],
26 silly audit   '@babel/plugin-bugfix-safari-class-field-initializer-scope': [ '7.27.1' ],
26 silly audit   '@babel/plugin-bugfix-safari-id-destructuring-collision-in-function-expression': [ '7.27.1' ],
26 silly audit   '@babel/plugin-bugfix-v8-spread-parameters-in-optional-chaining': [ '7.27.1' ],
26 silly audit   '@babel/plugin-bugfix-v8-static-class-fields-redefine-readonly': [ '7.28.3' ],
26 silly audit   '@babel/plugin-proposal-private-property-in-object': [ '7.21.0-placeholder-for-preset-env.2' ],
26 silly audit   '@babel/plugin-syntax-import-assertions': [ '7.27.1' ],
26 silly audit   '@babel/plugin-syntax-import-attributes': [ '7.27.1' ],
26 silly audit   '@babel/plugin-syntax-unicode-sets-regex': [ '7.18.6' ],
26 silly audit   '@babel/plugin-transform-arrow-functions': [ '7.27.1' ],
26 silly audit   '@babel/plugin-transform-async-generator-functions': [ '7.28.0' ],
26 silly audit   '@babel/plugin-transform-async-to-generator': [ '7.27.1' ],
26 silly audit   '@babel/plugin-transform-block-scoped-functions': [ '7.27.1' ],
26 silly audit   '@babel/plugin-transform-block-scoping': [ '7.28.4' ],
26 silly audit   '@babel/plugin-transform-class-properties': [ '7.27.1' ],
26 silly audit   '@babel/plugin-transform-class-static-block': [ '7.28.3' ],
26 silly audit   '@babel/plugin-transform-classes': [ '7.28.4' ],
26 silly audit   '@babel/plugin-transform-computed-properties': [ '7.27.1' ],
26 silly audit   '@babel/plugin-transform-destructuring': [ '7.28.0' ],
26 silly audit   '@babel/plugin-transform-dotall-regex': [ '7.27.1' ],
26 silly audit   '@babel/plugin-transform-duplicate-keys': [ '7.27.1' ],
26 silly audit   '@babel/plugin-transform-duplicate-named-capturing-groups-regex': [ '7.27.1' ],
26 silly audit   '@babel/plugin-transform-dynamic-import': [ '7.27.1' ],
26 silly audit   '@babel/plugin-transform-explicit-resource-management': [ '7.28.0' ],
26 silly audit   '@babel/plugin-transform-exponentiation-operator': [ '7.27.1' ],
26 silly audit   '@babel/plugin-transform-export-namespace-from': [ '7.27.1' ],
26 silly audit   '@babel/plugin-transform-for-of': [ '7.27.1' ],
26 silly audit   '@babel/plugin-transform-function-name': [ '7.27.1' ],
26 silly audit   '@babel/plugin-transform-json-strings': [ '7.27.1' ],
26 silly audit   '@babel/plugin-transform-literals': [ '7.27.1' ],
26 silly audit   '@babel/plugin-transform-logical-assignment-operators': [ '7.27.1' ],
26 silly audit   '@babel/plugin-transform-member-expression-literals': [ '7.27.1' ],
26 silly audit   '@babel/plugin-transform-modules-amd': [ '7.27.1' ],
26 silly audit   '@babel/plugin-transform-modules-commonjs': [ '7.27.1' ],
26 silly audit   '@babel/plugin-transform-modules-systemjs': [ '7.27.1' ],
26 silly audit   '@babel/plugin-transform-modules-umd': [ '7.27.1' ],
26 silly audit   '@babel/plugin-transform-named-capturing-groups-regex': [ '7.27.1' ],
26 silly audit   '@babel/plugin-transform-new-target': [ '7.27.1' ],
26 silly audit   '@babel/plugin-transform-nullish-coalescing-operator': [ '7.27.1' ],
26 silly audit   '@babel/plugin-transform-numeric-separator': [ '7.27.1' ],
26 silly audit   '@babel/plugin-transform-object-rest-spread': [ '7.28.4' ],
26 silly audit   '@babel/plugin-transform-object-super': [ '7.27.1' ],
26 silly audit   '@babel/plugin-transform-optional-catch-binding': [ '7.27.1' ],
26 silly audit   '@babel/plugin-transform-optional-chaining': [ '7.27.1' ],
26 silly audit   '@babel/plugin-transform-parameters': [ '7.27.7' ],
26 silly audit   '@babel/plugin-transform-private-methods': [ '7.27.1' ],
26 silly audit   '@babel/plugin-transform-private-property-in-object': [ '7.27.1' ],
26 silly audit   '@babel/plugin-transform-property-literals': [ '7.27.1' ],
26 silly audit   '@babel/plugin-transform-regenerator': [ '7.28.4' ],
26 silly audit   '@babel/plugin-transform-regexp-modifiers': [ '7.27.1' ],
26 silly audit   '@babel/plugin-transform-reserved-words': [ '7.27.1' ],
26 silly audit   '@babel/plugin-transform-shorthand-properties': [ '7.27.1' ],
26 silly audit   '@babel/plugin-transform-spread': [ '7.27.1' ],
26 silly audit   '@babel/plugin-transform-sticky-regex': [ '7.27.1' ],
26 silly audit   '@babel/plugin-transform-template-literals': [ '7.27.1' ],
26 silly audit   '@babel/plugin-transform-typeof-symbol': [ '7.27.1' ],
26 silly audit   '@babel/plugin-transform-unicode-escapes': [ '7.27.1' ],
26 silly audit   '@babel/plugin-transform-unicode-property-regex': [ '7.27.1' ],
26 silly audit   '@babel/plugin-transform-unicode-regex': [ '7.27.1' ],
26 silly audit   '@babel/plugin-transform-unicode-sets-regex': [ '7.27.1' ],
26 silly audit   '@babel/preset-env': [ '7.28.3' ],
26 silly audit   '@babel/preset-modules': [ '0.1.6-no-external-plugins' ],
26 silly audit   '@babel/runtime': [ '7.28.4' ],
26 silly audit   '@babel/template': [ '7.27.2' ],
26 silly audit   '@babel/traverse': [ '7.28.4' ],
26 silly audit   '@babel/types': [ '7.28.4' ],
26 silly audit   '@capacitor/camera': [ '7.0.2' ],
26 silly audit   '@capacitor/cli': [ '7.4.3' ],
26 silly audit   chownr: [ '2.0.0', '3.0.0' ],
26 silly audit   commander: [ '12.1.0', '2.20.3' ],
26 silly audit   'fs-extra': [ '11.3.2', '9.1.0' ],
26 silly audit   glob: [ '11.0.3', '7.2.3' ],
26 silly audit   minizlib: [ '2.1.2', '3.1.0' ],
26 silly audit   minipass: [ '3.3.6', '5.0.0', '7.1.2' ],
26 silly audit   rimraf: [ '6.0.1', '2.7.1' ],
26 silly audit   tar: [ '6.2.1', '7.5.1' ],
26 silly audit   yallist: [ '4.0.0', '3.1.1', '5.0.0' ],
26 silly audit   '@capacitor/core': [ '7.4.3' ],
26 silly audit   '@capacitor/filesystem': [ '7.1.4' ],
26 silly audit   '@capacitor/synapse': [ '1.0.4' ],
26 silly audit   '@emnapi/runtime': [ '1.5.0' ],
26 silly audit   '@img/colour': [ '1.0.0' ],
26 silly audit   '@img/sharp-darwin-arm64': [ '0.34.4' ],
26 silly audit   '@img/sharp-darwin-x64': [ '0.34.4' ],
26 silly audit   '@img/sharp-libvips-darwin-arm64': [ '1.2.3' ],
26 silly audit   '@img/sharp-libvips-darwin-x64': [ '1.2.3' ],
26 silly audit   '@img/sharp-libvips-linux-arm': [ '1.2.3' ],
26 silly audit   '@img/sharp-libvips-linux-arm64': [ '1.2.3' ],
26 silly audit   '@img/sharp-libvips-linux-ppc64': [ '1.2.3' ],
26 silly audit   '@img/sharp-libvips-linux-s390x': [ '1.2.3' ],
26 silly audit   '@img/sharp-libvips-linux-x64': [ '1.2.3' ],
26 silly audit   '@img/sharp-libvips-linuxmusl-arm64': [ '1.2.3' ],
26 silly audit   '@img/sharp-libvips-linuxmusl-x64': [ '1.2.3' ],
26 silly audit   '@img/sharp-linux-arm': [ '0.34.4' ],
26 silly audit   '@img/sharp-linux-arm64': [ '0.34.4' ],
26 silly audit   '@img/sharp-linux-ppc64': [ '0.34.4' ],
26 silly audit   '@img/sharp-linux-s390x': [ '0.34.4' ],
26 silly audit   '@img/sharp-linux-x64': [ '0.34.4' ],
26 silly audit   '@img/sharp-linuxmusl-arm64': [ '0.34.4' ],
26 silly audit   '@img/sharp-linuxmusl-x64': [ '0.34.4' ],
26 silly audit   '@img/sharp-wasm32': [ '0.34.4' ],
26 silly audit   '@img/sharp-win32-arm64': [ '0.34.4' ],
26 silly audit   '@img/sharp-win32-ia32': [ '0.34.4' ],
26 silly audit   '@img/sharp-win32-x64': [ '0.34.4' ],
26 silly audit   '@ionic/cli-framework-output': [ '2.2.8' ],
26 silly audit   '@ionic/utils-array': [ '2.1.6' ],
26 silly audit   '@ionic/utils-fs': [ '3.1.7' ],
26 silly audit   '@ionic/utils-object': [ '2.1.6' ],
26 silly audit   '@ionic/utils-process': [ '2.1.12' ],
26 silly audit   '@ionic/utils-stream': [ '3.1.7' ],
26 silly audit   '@ionic/utils-subprocess': [ '3.0.1' ],
26 silly audit   '@ionic/utils-terminal': [ '2.3.5' ],
26 silly audit   '@isaacs/balanced-match': [ '4.0.1' ],
26 silly audit   '@isaacs/brace-expansion': [ '5.0.0' ],
26 silly audit   '@isaacs/cliui': [ '8.0.2' ],
26 silly audit   'ansi-regex': [ '6.2.2', '5.0.1' ],
26 silly audit   'ansi-styles': [ '6.2.3', '4.3.0' ],
26 silly audit   'emoji-regex': [ '9.2.2', '8.0.0' ],
26 silly audit   'string-width': [ '5.1.2', '4.2.3' ],
26 silly audit   'strip-ansi': [ '7.1.2', '6.0.1' ],
26 silly audit   'wrap-ansi': [ '8.1.0', '7.0.0' ],
26 silly audit   '@isaacs/fs-minipass': [ '4.0.1' ],
26 silly audit   '@jridgewell/gen-mapping': [ '0.3.13' ],
26 silly audit   '@jridgewell/remapping': [ '2.3.5' ],
26 silly audit   '@jridgewell/resolve-uri': [ '3.1.2' ],
26 silly audit   '@jridgewell/source-map': [ '0.3.11' ],
26 silly audit   '@jridgewell/sourcemap-codec': [ '1.5.5' ],
26 silly audit   '@jridgewell/trace-mapping': [ '0.3.31' ],
26 silly audit   '@mongodb-js/saslprep': [ '1.3.2' ],
26 silly audit   '@next/env': [ '15.5.4' ],
26 silly audit   '@next/swc-darwin-arm64': [ '15.5.4' ],
26 silly audit   '@next/swc-darwin-x64': [ '15.5.4' ],
26 silly audit   '@next/swc-linux-arm64-gnu': [ '15.5.4' ],
26 silly audit   '@next/swc-linux-arm64-musl': [ '15.5.4' ],
26 silly audit   '@next/swc-linux-x64-gnu': [ '15.5.4' ],
26 silly audit   '@next/swc-linux-x64-musl': [ '15.5.4' ],
26 silly audit   '@next/swc-win32-arm64-msvc': [ '15.5.4' ],
26 silly audit   '@next/swc-win32-x64-msvc': [ '15.5.4' ],
26 silly audit   '@nodelib/fs.scandir': [ '2.1.5' ],
26 silly audit   '@nodelib/fs.stat': [ '2.0.5' ],
26 silly audit   '@nodelib/fs.walk': [ '1.2.8' ],
26 silly audit   '@rollup/plugin-babel': [ '5.3.1' ],
26 silly audit   '@rollup/plugin-node-resolve': [ '11.2.1' ],
26 silly audit   '@rollup/plugin-replace': [ '2.4.2' ],
26 silly audit   'magic-string': [ '0.25.9', '0.30.19' ],
26 silly audit   '@rollup/pluginutils': [ '3.1.0' ],
26 silly audit   '@types/estree': [ '0.0.39', '1.0.8' ],
26 silly audit   '@surma/rollup-plugin-off-main-thread': [ '2.2.3' ],
26 silly audit   '@swc/helpers': [ '0.5.15' ],
26 silly audit   '@tailwindcss/node': [ '4.1.14' ],
26 silly audit   '@tailwindcss/oxide': [ '4.1.14' ],
26 silly audit   '@tailwindcss/oxide-android-arm64': [ '4.1.14' ],
26 silly audit   '@tailwindcss/oxide-darwin-arm64': [ '4.1.14' ],
26 silly audit   '@tailwindcss/oxide-darwin-x64': [ '4.1.14' ],
26 silly audit   '@tailwindcss/oxide-freebsd-x64': [ '4.1.14' ],
26 silly audit   '@tailwindcss/oxide-linux-arm-gnueabihf': [ '4.1.14' ],
26 silly audit   '@tailwindcss/oxide-linux-arm64-gnu': [ '4.1.14' ],
26 silly audit   '@tailwindcss/oxide-linux-arm64-musl': [ '4.1.14' ],
26 silly audit   '@tailwindcss/oxide-linux-x64-gnu': [ '4.1.14' ],
26 silly audit   '@tailwindcss/oxide-linux-x64-musl': [ '4.1.14' ],
26 silly audit   '@tailwindcss/oxide-win32-arm64-msvc': [ '4.1.14' ],
26 silly audit   '@tailwindcss/oxide-win32-x64-msvc': [ '4.1.14' ],
26 silly audit   '@tailwindcss/postcss': [ '4.1.14' ],
26 silly audit   '@types/eslint': [ '9.6.1' ],
26 silly audit   '@types/eslint-scope': [ '3.7.7' ],
26 silly audit   '@types/fs-extra': [ '8.1.5' ],
26 silly audit   '@types/glob': [ '7.2.0' ],
26 silly audit   '@types/json-schema': [ '7.0.15' ],
26 silly audit   '@types/minimatch': [ '6.0.0' ],
26 silly audit   '@types/node': [ '20.19.19' ],
26 silly audit   '@types/react': [ '19.2.2' ],
26 silly audit   '@types/react-dom': [ '19.2.1' ],
26 silly audit   '@types/resolve': [ '1.17.1' ],
26 silly audit   '@types/slice-ansi': [ '4.0.0' ],
26 silly audit   '@types/trusted-types': [ '2.0.7' ],
26 silly audit   '@types/webidl-conversions': [ '7.0.3' ],
26 silly audit   '@types/whatwg-url': [ '13.0.0', '11.0.5' ],
26 silly audit   '@webassemblyjs/ast': [ '1.14.1' ],
26 silly audit   '@webassemblyjs/floating-point-hex-parser': [ '1.13.2' ],
26 silly audit   '@webassemblyjs/helper-api-error': [ '1.13.2' ],
26 silly audit   '@webassemblyjs/helper-buffer': [ '1.14.1' ],
26 silly audit   '@webassemblyjs/helper-numbers': [ '1.13.2' ],
26 silly audit   '@webassemblyjs/helper-wasm-bytecode': [ '1.13.2' ],
26 silly audit   '@webassemblyjs/helper-wasm-section': [ '1.14.1' ],
26 silly audit   '@webassemblyjs/ieee754': [ '1.13.2' ],
26 silly audit   '@webassemblyjs/leb128': [ '1.13.2' ],
26 silly audit   '@webassemblyjs/utf8': [ '1.13.2' ],
26 silly audit   '@webassemblyjs/wasm-edit': [ '1.14.1' ],
26 silly audit   '@webassemblyjs/wasm-gen': [ '1.14.1' ],
26 silly audit   '@webassemblyjs/wasm-opt': [ '1.14.1' ],
26 silly audit   '@webassemblyjs/wasm-parser': [ '1.14.1' ],
26 silly audit   '@webassemblyjs/wast-printer': [ '1.14.1' ],
26 silly audit   '@xmldom/xmldom': [ '0.8.11' ],
26 silly audit   '@xtuc/ieee754': [ '1.2.0' ],
26 silly audit   '@xtuc/long': [ '4.2.2' ],
26 silly audit   acorn: [ '8.15.0' ],
26 silly audit   'acorn-import-phases': [ '1.0.4' ],
26 silly audit   ajv: [ '6.12.6', '8.17.1' ],
26 silly audit   'ajv-formats': [ '2.1.1' ],
26 silly audit   'json-schema-traverse': [ '1.0.0', '0.4.1' ],
26 silly audit   'ajv-keywords': [ '3.5.2', '5.1.0' ],
26 silly audit   'array-buffer-byte-length': [ '1.0.2' ],
26 silly audit   'array-union': [ '2.1.0', '1.0.2' ],
26 silly audit   'array-uniq': [ '1.0.3' ],
26 silly audit   'arraybuffer.prototype.slice': [ '1.0.4' ],
26 silly audit   'astral-regex': [ '2.0.0' ],
26 silly audit   async: [ '3.2.6' ],
26 silly audit   'async-function': [ '1.0.0' ],
26 silly audit   'at-least-node': [ '1.0.0' ],
26 silly audit   'available-typed-arrays': [ '1.0.7' ],
26 silly audit   'babel-loader': [ '8.4.1' ],
26 silly audit   'babel-plugin-polyfill-corejs2': [ '0.4.14' ],
26 silly audit   'babel-plugin-polyfill-corejs3': [ '0.13.0' ],
26 silly audit   'babel-plugin-polyfill-regenerator': [ '0.6.5' ],
26 silly audit   'balanced-match': [ '1.0.2' ],
26 silly audit   'base64-js': [ '1.5.1' ],
26 silly audit   'baseline-browser-mapping': [ '2.8.16' ],
26 silly audit   bcryptjs: [ '3.0.3' ],
26 silly audit   'big-integer': [ '1.6.52' ],
26 silly audit   'big.js': [ '5.2.2' ],
26 silly audit   'bplist-parser': [ '0.3.2' ],
26 silly audit   'brace-expansion': [ '2.0.2', '1.1.12' ],
26 silly audit   braces: [ '3.0.3' ],
26 silly audit   browserslist: [ '4.26.3' ],
26 silly audit   bson: [ '7.0.0', '6.10.4' ],
26 silly audit   'buffer-crc32': [ '0.2.13' ],
26 silly audit   'buffer-equal-constant-time': [ '1.0.1' ],
26 silly audit   'buffer-from': [ '1.1.2' ],
26 silly audit   'builtin-modules': [ '3.3.0' ],
26 silly audit   'call-bind': [ '1.0.8' ],
26 silly audit   'call-bind-apply-helpers': [ '1.0.2' ],
26 silly audit   'call-bound': [ '1.0.4' ],
26 silly audit   'caniuse-lite': [ '1.0.30001749' ],
26 silly audit   'chrome-trace-event': [ '1.0.4' ],
26 silly audit   'clean-webpack-plugin': [ '4.0.0' ],
26 silly audit   'client-only': [ '0.0.1' ],
26 silly audit   'color-convert': [ '2.0.1' ],
26 silly audit   'color-name': [ '1.1.4' ],
26 silly audit   'common-tags': [ '1.8.2' ],
26 silly audit   commondir: [ '1.0.1' ],
26 silly audit   'concat-map': [ '0.0.1' ],
26 silly audit   'convert-source-map': [ '2.0.0' ],
26 silly audit   'core-js-compat': [ '3.46.0' ],
26 silly audit   'cross-spawn': [ '7.0.6' ],
26 silly audit   'crypto-random-string': [ '2.0.0' ],
26 silly audit   csstype: [ '3.1.3' ],
26 silly audit   'data-view-buffer': [ '1.0.2' ],
26 silly audit   'data-view-byte-length': [ '1.0.2' ],
26 silly audit   'data-view-byte-offset': [ '1.0.1' ],
26 silly audit   debug: [ '4.4.3' ],
26 silly audit   deepmerge: [ '4.3.1' ],
26 silly audit   'define-data-property': [ '1.1.4' ],
26 silly audit   'define-lazy-prop': [ '2.0.0' ],
26 silly audit   'define-properties': [ '1.2.1' ],
26 silly audit   del: [ '4.1.1' ],
26 silly audit   globby: [ '6.1.0', '11.1.0' ],
26 silly audit   pify: [ '2.3.0', '4.0.1' ],
26 silly audit   'detect-libc': [ '2.1.2' ],
26 silly audit   'dir-glob': [ '3.0.1' ],
26 silly audit   'dunder-proto': [ '1.0.1' ],
26 silly audit   eastasianwidth: [ '0.2.0' ],
26 silly audit   'ecdsa-sig-formatter': [ '1.0.11' ],
26 silly audit   ejs: [ '3.1.10' ],
26 silly audit   'electron-to-chromium': [ '1.5.234' ],
26 silly audit   elementtree: [ '0.1.7' ],
26 silly audit   'emojis-list': [ '3.0.0' ],
26 silly audit   'enhanced-resolve': [ '5.18.3' ],
26 silly audit   'env-paths': [ '2.2.1' ],
26 silly audit   'es-abstract': [ '1.24.0' ],
26 silly audit   'es-define-property': [ '1.0.1' ],
26 silly audit   'es-errors': [ '1.3.0' ],
26 silly audit   'es-module-lexer': [ '1.7.0' ],
26 silly audit   'es-object-atoms': [ '1.1.1' ],
26 silly audit   'es-set-tostringtag': [ '2.1.0' ],
26 silly audit   'es-to-primitive': [ '1.3.0' ],
26 silly audit   escalade: [ '3.2.0' ],
26 silly audit   'eslint-scope': [ '5.1.1' ],
26 silly audit   esrecurse: [ '4.3.0' ],
26 silly audit   estraverse: [ '5.3.0', '4.3.0' ],
26 silly audit   'estree-walker': [ '1.0.1' ],
26 silly audit   esutils: [ '2.0.3' ],
26 silly audit   events: [ '3.3.0' ],
26 silly audit   'fast-deep-equal': [ '3.1.3' ],
26 silly audit   'fast-glob': [ '3.3.3' ],
26 silly audit   'fast-json-stable-stringify': [ '2.1.0' ],
26 silly audit   'fast-uri': [ '3.1.0' ],
26 silly audit   fastq: [ '1.19.1' ],
26 silly audit   'fd-slicer': [ '1.1.0' ],
26 silly audit   filelist: [ '1.0.4' ],
26 silly audit   minimatch: [ '5.1.6', '3.1.2', '10.0.3' ],
26 silly audit   'fill-range': [ '7.1.1' ],
26 silly audit   'find-cache-dir': [ '3.3.2' ],
26 silly audit   'find-up': [ '4.1.0' ],
26 silly audit   'for-each': [ '0.3.5' ],
26 silly audit   'foreground-child': [ '3.3.1' ],
26 silly audit   'signal-exit': [ '4.1.0', '3.0.7' ],
26 silly audit   'framer-motion': [ '12.23.24' ],
26 silly audit   'fs-minipass': [ '2.1.0' ],
26 silly audit   'fs.realpath': [ '1.0.0' ],
26 silly audit   fsevents: [ '2.3.3' ],
26 silly audit   'function-bind': [ '1.1.2' ],
26 silly audit   'function.prototype.name': [ '1.1.8' ],
26 silly audit   'functions-have-names': [ '1.2.3' ],
26 silly audit   'generator-function': [ '2.0.1' ],
26 silly audit   gensync: [ '1.0.0-beta.2' ],
26 silly audit   'get-intrinsic': [ '1.3.0' ],
26 silly audit   'get-own-enumerable-property-symbols': [ '3.0.2' ],
26 silly audit   'get-proto': [ '1.0.1' ],
26 silly audit   'get-symbol-description': [ '1.1.0' ],
26 silly audit   'glob-parent': [ '5.1.2' ],
26 silly audit   'glob-to-regexp': [ '0.4.1' ],
26 silly audit   globalthis: [ '1.0.4' ],
26 silly audit   goober: [ '2.1.18' ],
26 silly audit   gopd: [ '1.2.0' ],
26 silly audit   'graceful-fs': [ '4.2.11' ],
26 silly audit   'has-bigints': [ '1.1.0' ],
26 silly audit   'has-flag': [ '4.0.0' ],
26 silly audit   'has-property-descriptors': [ '1.0.2' ],
26 silly audit   'has-proto': [ '1.2.0' ],
26 silly audit   'has-symbols': [ '1.1.0' ],
26 silly audit   'has-tostringtag': [ '1.0.2' ],
26 silly audit   hasown: [ '2.0.2' ],
26 silly audit   idb: [ '7.1.1' ],
26 silly audit   ignore: [ '5.3.2' ],
26 silly audit   inflight: [ '1.0.6' ],
26 silly audit   inherits: [ '2.0.4' ],
26 silly audit   ini: [ '4.1.3' ],
26 silly audit   'internal-slot': [ '1.1.0' ],
26 silly audit   'is-array-buffer': [ '3.0.5' ],
26 silly audit   'is-async-function': [ '2.1.1' ],
26 silly audit   'is-bigint': [ '1.1.0' ],
26 silly audit   'is-boolean-object': [ '1.2.2' ],
26 silly audit   'is-callable': [ '1.2.7' ],
26 silly audit   'is-core-module': [ '2.16.1' ],
26 silly audit   'is-data-view': [ '1.0.2' ],
26 silly audit   'is-date-object': [ '1.1.0' ],
26 silly audit   'is-docker': [ '2.2.1' ],
26 silly audit   'is-extglob': [ '2.1.1' ],
26 silly audit   'is-finalizationregistry': [ '1.1.1' ],
26 silly audit   'is-fullwidth-code-point': [ '3.0.0' ],
26 silly audit   'is-generator-function': [ '1.1.2' ],
26 silly audit   'is-glob': [ '4.0.3' ],
26 silly audit   'is-map': [ '2.0.3' ],
26 silly audit   'is-module': [ '1.0.0' ],
26 silly audit   'is-negative-zero': [ '2.0.3' ],
26 silly audit   'is-number': [ '7.0.0' ],
26 silly audit   'is-number-object': [ '1.1.1' ],
26 silly audit   'is-obj': [ '1.0.1' ],
26 silly audit   'is-path-cwd': [ '2.2.0' ],
26 silly audit   'is-path-in-cwd': [ '2.1.0' ],
26 silly audit   'is-path-inside': [ '2.1.0' ],
26 silly audit   'is-regex': [ '1.2.1' ],
26 silly audit   'is-regexp': [ '1.0.0' ],
26 silly audit   'is-set': [ '2.0.3' ],
26 silly audit   'is-shared-array-buffer': [ '1.0.4' ],
26 silly audit   'is-stream': [ '2.0.1' ],
26 silly audit   'is-string': [ '1.1.1' ],
26 silly audit   'is-symbol': [ '1.1.1' ],
26 silly audit   'is-typed-array': [ '1.1.15' ],
26 silly audit   'is-weakmap': [ '2.0.2' ],
26 silly audit   'is-weakref': [ '1.1.1' ],
26 silly audit   'is-weakset': [ '2.0.4' ],
26 silly audit   'is-wsl': [ '2.2.0' ],
26 silly audit   isarray: [ '2.0.5' ],
26 silly audit   isexe: [ '2.0.0' ],
26 silly audit   jackspeak: [ '4.1.1' ],
26 silly audit   jake: [ '10.9.4' ],
26 silly audit   'jest-worker': [ '27.5.1', '26.6.2' ],
26 silly audit   jiti: [ '2.6.1' ],
26 silly audit   'js-tokens': [ '4.0.0' ],
26 silly audit   jsesc: [ '3.1.0' ],
26 silly audit   'json-parse-even-better-errors': [ '2.3.1' ],
26 silly audit   'json-schema': [ '0.4.0' ],
26 silly audit   json5: [ '2.2.3' ],
26 silly audit   jsonfile: [ '6.2.0' ],
26 silly audit   jsonpointer: [ '5.0.1' ],
26 silly audit   jsonwebtoken: [ '9.0.2' ],
26 silly audit   jwa: [ '1.4.2' ],
26 silly audit   jws: [ '3.2.2' ],
26 silly audit   kareem: [ '2.6.3' ],
26 silly audit   kleur: [ '4.1.5', '3.0.3' ],
26 silly audit   leven: [ '3.1.0' ],
26 silly audit   lightningcss: [ '1.30.1' ],
26 silly audit   'lightningcss-darwin-arm64': [ '1.30.1' ],
26 silly audit   'lightningcss-darwin-x64': [ '1.30.1' ],
26 silly audit   'lightningcss-freebsd-x64': [ '1.30.1' ],
26 silly audit   'lightningcss-linux-arm-gnueabihf': [ '1.30.1' ],
26 silly audit   'lightningcss-linux-arm64-gnu': [ '1.30.1' ],
26 silly audit   'lightningcss-linux-arm64-musl': [ '1.30.1' ],
26 silly audit   'lightningcss-linux-x64-gnu': [ '1.30.1' ],
26 silly audit   'lightningcss-linux-x64-musl': [ '1.30.1' ],
26 silly audit   'lightningcss-win32-arm64-msvc': [ '1.30.1' ],
26 silly audit   'lightningcss-win32-x64-msvc': [ '1.30.1' ],
26 silly audit   'loader-runner': [ '4.3.1' ],
26 silly audit   'loader-utils': [ '2.0.4' ],
26 silly audit   'locate-path': [ '5.0.0' ],
26 silly audit   lodash: [ '4.17.21' ],
26 silly audit   'lodash.debounce': [ '4.0.8' ],
26 silly audit   'lodash.includes': [ '4.3.0' ],
26 silly audit   'lodash.isboolean': [ '3.0.3' ],
26 silly audit   'lodash.isinteger': [ '4.0.4' ],
26 silly audit   'lodash.isnumber': [ '3.0.3' ],
26 silly audit   'lodash.isplainobject': [ '4.0.6' ],
26 silly audit   'lodash.isstring': [ '4.0.1' ],
26 silly audit   'lodash.once': [ '4.1.1' ],
26 silly audit   'lodash.sortby': [ '4.7.0' ],
26 silly audit   'lru-cache': [ '5.1.1', '11.2.2' ],
26 silly audit   'make-dir': [ '3.1.0' ],
26 silly audit   'math-intrinsics': [ '1.1.0' ],
26 silly audit   'memory-pager': [ '1.5.0' ],
26 silly audit   'merge-stream': [ '2.0.0' ],
26 silly audit   merge2: [ '1.4.1' ],
26 silly audit   micromatch: [ '4.0.8' ],
26 silly audit   'mime-db': [ '1.52.0' ],
26 silly audit   'mime-types': [ '2.1.35' ],
26 silly audit   mkdirp: [ '1.0.4' ],
26 silly audit   mongodb: [ '7.0.0', '6.20.0' ],
26 silly audit   'mongodb-connection-string-url': [ '7.0.0', '3.0.2' ],
26 silly audit   tr46: [ '5.1.1', '1.0.1' ],
26 silly audit   'webidl-conversions': [ '7.0.0', '4.0.2' ],
26 silly audit   'whatwg-url': [ '14.2.0', '7.1.0' ],
26 silly audit   mongoose: [ '8.19.4' ],
26 silly audit   'motion-dom': [ '12.23.23' ],
26 silly audit   'motion-utils': [ '12.23.6' ],
26 silly audit   mpath: [ '0.9.0' ],
26 silly audit   mquery: [ '5.0.0' ],
26 silly audit   ms: [ '2.1.3' ],
26 silly audit   nanoid: [ '3.3.11' ],
26 silly audit   'native-run': [ '2.0.1' ],
26 silly audit   'neo-async': [ '2.6.2' ],
26 silly audit   next: [ '15.5.4' ],
26 silly audit   'next-pwa': [ '5.6.0' ],
26 silly audit   postcss: [ '8.4.31', '8.5.6' ],
26 silly audit   'node-releases': [ '2.0.23' ],
26 silly audit   'object-assign': [ '4.1.1' ],
26 silly audit   'object-inspect': [ '1.13.4' ],
26 silly audit   'object-keys': [ '1.1.1' ],
26 silly audit   'object.assign': [ '4.1.7' ],
26 silly audit   once: [ '1.4.0' ],
26 silly audit   open: [ '8.4.2' ],
26 silly audit   'own-keys': [ '1.0.1' ],
26 silly audit   'p-limit': [ '2.3.0' ],
26 silly audit   'p-locate': [ '4.1.0' ],
26 silly audit   'p-map': [ '2.1.0' ],
26 silly audit   'p-try': [ '2.2.0' ],
26 silly audit   'package-json-from-dist': [ '1.0.1' ],
26 silly audit   'path-exists': [ '4.0.0' ],
26 silly audit   'path-is-absolute': [ '1.0.1' ],
26 silly audit   'path-is-inside': [ '1.0.2' ],
26 silly audit   'path-key': [ '3.1.1' ],
26 silly audit   'path-parse': [ '1.0.7' ],
26 silly audit   'path-scurry': [ '2.0.0' ],
26 silly audit   'path-type': [ '4.0.0' ],
26 silly audit   pend: [ '1.2.0' ],
26 silly audit   picocolors: [ '1.1.1' ],
26 silly audit   picomatch: [ '2.3.1' ],
26 silly audit   pinkie: [ '2.0.4' ],
26 silly audit   'pinkie-promise': [ '2.0.1' ],
26 silly audit   'pkg-dir': [ '4.2.0' ],
26 silly audit   plist: [ '3.1.0' ],
26 silly audit   'possible-typed-array-names': [ '1.1.0' ],
26 silly audit   'pretty-bytes': [ '5.6.0' ],
26 silly audit   prompts: [ '2.4.2' ],
26 silly audit   punycode: [ '2.3.1' ],
26 silly audit   'queue-microtask': [ '1.2.3' ],
26 silly audit   randombytes: [ '2.1.0' ],
26 silly audit   react: [ '19.1.0' ],
26 silly audit   'react-dom': [ '19.1.0' ],
26 silly audit   'react-hot-toast': [ '2.6.0' ],
26 silly audit   'readable-stream': [ '3.6.2' ],
26 silly audit   'reflect.getprototypeof': [ '1.0.10' ],
26 silly audit   regenerate: [ '1.4.2' ],
26 silly audit   'regenerate-unicode-properties': [ '10.2.2' ],
26 silly audit   'regexp.prototype.flags': [ '1.5.4' ],
26 silly audit   'regexpu-core': [ '6.4.0' ],
26 silly audit   regjsgen: [ '0.8.0' ],
26 silly audit   regjsparser: [ '0.13.0' ],
26 silly audit   'require-from-string': [ '2.0.2' ],
26 silly audit   resolve: [ '1.22.10' ],
26 silly audit   reusify: [ '1.1.0' ],
26 silly audit   rollup: [ '2.79.2' ],
26 silly audit   'rollup-plugin-terser': [ '7.0.2' ],
26 silly audit   'serialize-javascript': [ '4.0.0', '6.0.2' ],
26 silly audit   'supports-color': [ '7.2.0', '8.1.1' ],
26 silly audit   'run-parallel': [ '1.2.0' ],
26 silly audit   'safe-array-concat': [ '1.1.3' ],
26 silly audit   'safe-buffer': [ '5.2.1' ],
26 silly audit   'safe-push-apply': [ '1.0.0' ],
26 silly audit   'safe-regex-test': [ '1.1.0' ],
26 silly audit   sax: [ '1.1.4' ],
26 silly audit   scheduler: [ '0.26.0' ],
26 silly audit   'schema-utils': [ '2.7.1', '4.3.3' ],
26 silly audit   'set-function-length': [ '1.2.2' ],
26 silly audit   'set-function-name': [ '2.0.2' ],
26 silly audit   'set-proto': [ '1.0.0' ],
26 silly audit   sharp: [ '0.34.4' ],
26 silly audit   'shebang-command': [ '2.0.0' ],
26 silly audit   'shebang-regex': [ '3.0.0' ],
26 silly audit   'side-channel': [ '1.1.0' ],
26 silly audit   'side-channel-list': [ '1.0.0' ],
26 silly audit   'side-channel-map': [ '1.0.1' ],
26 silly audit   'side-channel-weakmap': [ '1.0.2' ],
26 silly audit   sift: [ '17.1.3' ],
26 silly audit   sisteransi: [ '1.0.5' ],
26 silly audit   slash: [ '3.0.0' ],
26 silly audit   'slice-ansi': [ '4.0.0' ],
26 silly audit   'source-list-map': [ '2.0.1' ],
26 silly audit   'source-map': [ '0.6.1', '0.8.0-beta.0' ],
26 silly audit   'source-map-js': [ '1.2.1' ],
26 silly audit   'source-map-support': [ '0.5.21' ],
26 silly audit   'sourcemap-codec': [ '1.4.8' ],
26 silly audit   'sparse-bitfield': [ '3.0.3' ],
26 silly audit   split2: [ '4.2.0' ],
26 silly audit   'stop-iteration-iterator': [ '1.1.0' ],
26 silly audit   string_decoder: [ '1.3.0' ],
26 silly audit   'string.prototype.matchall': [ '4.0.12' ],
26 silly audit   'string.prototype.trim': [ '1.2.10' ],
26 silly audit   'string.prototype.trimend': [ '1.0.9' ],
26 silly audit   'string.prototype.trimstart': [ '1.0.8' ],
26 silly audit   'stringify-object': [ '3.3.0' ],
26 silly audit   'strip-comments': [ '2.0.1' ],
26 silly audit   'styled-jsx': [ '5.1.6' ],
26 silly audit   'supports-preserve-symlinks-flag': [ '1.0.0' ],
26 silly audit   tailwindcss: [ '4.1.14' ],
26 silly audit   tapable: [ '2.3.0' ],
26 silly audit   'temp-dir': [ '2.0.0' ],
26 silly audit   tempy: [ '0.6.0' ],
26 silly audit   terser: [ '5.44.0' ],
26 silly audit   'terser-webpack-plugin': [ '5.3.14' ],
26 silly audit   through2: [ '4.0.2' ],
26 silly audit   'to-regex-range': [ '5.0.1' ],
26 silly audit   'tree-kill': [ '1.2.2' ],
26 silly audit   tslib: [ '2.8.1' ],
26 silly audit   'type-fest': [ '0.16.0' ],
26 silly audit   'typed-array-buffer': [ '1.0.3' ],
26 silly audit   'typed-array-byte-length': [ '1.0.3' ],
26 silly audit   'typed-array-byte-offset': [ '1.0.4' ],
26 silly audit   'typed-array-length': [ '1.0.7' ],
26 silly audit   typescript: [ '5.9.3' ],
26 silly audit   'unbox-primitive': [ '1.1.0' ],
26 silly audit   'undici-types': [ '6.21.0' ],
26 silly audit   'unicode-canonical-property-names-ecmascript': [ '2.0.1' ],
26 silly audit   'unicode-match-property-ecmascript': [ '2.0.0' ],
26 silly audit   'unicode-match-property-value-ecmascript': [ '2.2.1' ],
26 silly audit   'unicode-property-aliases-ecmascript': [ '2.2.0' ],
26 silly audit   'unique-string': [ '2.0.0' ],
26 silly audit   universalify: [ '2.0.1' ],
26 silly audit   untildify: [ '4.0.0' ],
26 silly audit   upath: [ '1.2.0' ],
26 silly audit   'update-browserslist-db': [ '1.1.3' ],
26 silly audit   'uri-js': [ '4.4.1' ],
26 silly audit   'util-deprecate': [ '1.0.2' ],
26 silly audit   watchpack: [ '2.4.4' ],
26 silly audit   webpack: [ '5.102.1' ],
26 silly audit   'webpack-sources': [ '3.3.3', '1.4.3' ],
26 silly audit   which: [ '2.0.2' ],
26 silly audit   'which-boxed-primitive': [ '1.1.1' ],
26 silly audit   'which-builtin-type': [ '1.2.1' ],
26 silly audit   'which-collection': [ '1.0.2' ],
26 silly audit   'which-typed-array': [ '1.1.19' ],
26 silly audit   'workbox-background-sync': [ '6.6.0' ],
26 silly audit   'workbox-broadcast-update': [ '6.6.0' ],
26 silly audit   'workbox-build': [ '6.6.0' ],
26 silly audit   '@apideck/better-ajv-errors': [ '0.3.6' ],
26 silly audit   'workbox-cacheable-response': [ '6.6.0' ],
26 silly audit   'workbox-core': [ '6.6.0' ],
26 silly audit   'workbox-expiration': [ '6.6.0' ],
26 silly audit   'workbox-google-analytics': [ '6.6.0' ],
26 silly audit   'workbox-navigation-preload': [ '6.6.0' ],
26 silly audit   'workbox-precaching': [ '6.6.0' ],
26 silly audit   'workbox-range-requests': [ '6.6.0' ],
26 silly audit   'workbox-recipes': [ '6.6.0' ],
26 silly audit   'workbox-routing': [ '6.6.0' ],
26 silly audit   'workbox-strategies': [ '6.6.0' ],
26 silly audit   'workbox-streams': [ '6.6.0' ],
26 silly audit   'workbox-sw': [ '6.6.0' ],
26 silly audit   'workbox-webpack-plugin': [ '6.6.0' ],
26 silly audit   'workbox-window': [ '6.6.0' ],
26 silly audit   wrappy: [ '1.0.2' ],
26 silly audit   xml2js: [ '0.6.2' ],
26 silly audit   xmlbuilder: [ '11.0.1', '15.1.1' ],
26 silly audit   yauzl: [ '2.10.0' ],
26 silly audit   '@types/bcryptjs': [ '3.0.0' ],
26 silly audit   '@types/jsonwebtoken': [ '9.0.10' ],
26 silly audit   '@types/ms': [ '2.1.0' ],
26 silly audit   '@tailwindcss/oxide-wasm32-wasi': [ '4.1.14' ]
26 silly audit }
27 verbose reify failed optional dependency D:\fairproject\fair_app\node_modules\lightningcss-win32-arm64-msvc
28 silly reify mark deleted [
28 silly reify   'D:\\fairproject\\fair_app\\node_modules\\lightningcss-win32-arm64-msvc'
28 silly reify ]
29 verbose reify failed optional dependency D:\fairproject\fair_app\node_modules\lightningcss-linux-x64-musl
30 silly reify mark deleted [
30 silly reify   'D:\\fairproject\\fair_app\\node_modules\\lightningcss-linux-x64-musl'
30 silly reify ]
31 verbose reify failed optional dependency D:\fairproject\fair_app\node_modules\lightningcss-linux-x64-gnu
32 silly reify mark deleted [
32 silly reify   'D:\\fairproject\\fair_app\\node_modules\\lightningcss-linux-x64-gnu'
32 silly reify ]
33 verbose reify failed optional dependency D:\fairproject\fair_app\node_modules\lightningcss-linux-arm64-musl
34 silly reify mark deleted [
34 silly reify   'D:\\fairproject\\fair_app\\node_modules\\lightningcss-linux-arm64-musl'
34 silly reify ]
35 verbose reify failed optional dependency D:\fairproject\fair_app\node_modules\lightningcss-linux-arm64-gnu
36 silly reify mark deleted [
36 silly reify   'D:\\fairproject\\fair_app\\node_modules\\lightningcss-linux-arm64-gnu'
36 silly reify ]
37 verbose reify failed optional dependency D:\fairproject\fair_app\node_modules\lightningcss-linux-arm-gnueabihf
38 silly reify mark deleted [
38 silly reify   'D:\\fairproject\\fair_app\\node_modules\\lightningcss-linux-arm-gnueabihf'
38 silly reify ]
39 verbose reify failed optional dependency D:\fairproject\fair_app\node_modules\lightningcss-freebsd-x64
40 silly reify mark deleted [ 'D:\\fairproject\\fair_app\\node_modules\\lightningcss-freebsd-x64' ]
41 verbose reify failed optional dependency D:\fairproject\fair_app\node_modules\lightningcss-darwin-x64
42 silly reify mark deleted [ 'D:\\fairproject\\fair_app\\node_modules\\lightningcss-darwin-x64' ]
43 verbose reify failed optional dependency D:\fairproject\fair_app\node_modules\lightningcss-darwin-arm64
44 silly reify mark deleted [
44 silly reify   'D:\\fairproject\\fair_app\\node_modules\\lightningcss-darwin-arm64'
44 silly reify ]
45 verbose reify failed optional dependency D:\fairproject\fair_app\node_modules\fsevents
46 silly reify mark deleted [ 'D:\\fairproject\\fair_app\\node_modules\\fsevents' ]
47 verbose reify failed optional dependency D:\fairproject\fair_app\node_modules\@tailwindcss\oxide-win32-arm64-msvc
48 silly reify mark deleted [
48 silly reify   'D:\\fairproject\\fair_app\\node_modules\\@tailwindcss\\oxide-win32-arm64-msvc'
48 silly reify ]
49 verbose reify failed optional dependency D:\fairproject\fair_app\node_modules\@tailwindcss\oxide-linux-x64-musl
50 silly reify mark deleted [
50 silly reify   'D:\\fairproject\\fair_app\\node_modules\\@tailwindcss\\oxide-linux-x64-musl'
50 silly reify ]
51 verbose reify failed optional dependency D:\fairproject\fair_app\node_modules\@tailwindcss\oxide-linux-x64-gnu
52 silly reify mark deleted [
52 silly reify   'D:\\fairproject\\fair_app\\node_modules\\@tailwindcss\\oxide-linux-x64-gnu'
52 silly reify ]
53 verbose reify failed optional dependency D:\fairproject\fair_app\node_modules\@tailwindcss\oxide-linux-arm64-musl
54 silly reify mark deleted [
54 silly reify   'D:\\fairproject\\fair_app\\node_modules\\@tailwindcss\\oxide-linux-arm64-musl'
54 silly reify ]
55 verbose reify failed optional dependency D:\fairproject\fair_app\node_modules\@tailwindcss\oxide-linux-arm64-gnu
56 silly reify mark deleted [
56 silly reify   'D:\\fairproject\\fair_app\\node_modules\\@tailwindcss\\oxide-linux-arm64-gnu'
56 silly reify ]
57 verbose reify failed optional dependency D:\fairproject\fair_app\node_modules\@tailwindcss\oxide-linux-arm-gnueabihf
58 silly reify mark deleted [
58 silly reify   'D:\\fairproject\\fair_app\\node_modules\\@tailwindcss\\oxide-linux-arm-gnueabihf'
58 silly reify ]
59 verbose reify failed optional dependency D:\fairproject\fair_app\node_modules\@tailwindcss\oxide-freebsd-x64
60 silly reify mark deleted [
60 silly reify   'D:\\fairproject\\fair_app\\node_modules\\@tailwindcss\\oxide-freebsd-x64'
60 silly reify ]
61 verbose reify failed optional dependency D:\fairproject\fair_app\node_modules\@tailwindcss\oxide-darwin-x64
62 silly reify mark deleted [
62 silly reify   'D:\\fairproject\\fair_app\\node_modules\\@tailwindcss\\oxide-darwin-x64'
62 silly reify ]
63 verbose reify failed optional dependency D:\fairproject\fair_app\node_modules\@tailwindcss\oxide-darwin-arm64
64 silly reify mark deleted [
64 silly reify   'D:\\fairproject\\fair_app\\node_modules\\@tailwindcss\\oxide-darwin-arm64'
64 silly reify ]
65 verbose reify failed optional dependency D:\fairproject\fair_app\node_modules\@tailwindcss\oxide-android-arm64
66 silly reify mark deleted [
66 silly reify   'D:\\fairproject\\fair_app\\node_modules\\@tailwindcss\\oxide-android-arm64'
66 silly reify ]
67 verbose reify failed optional dependency D:\fairproject\fair_app\node_modules\@next\swc-win32-arm64-msvc
68 silly reify mark deleted [
68 silly reify   'D:\\fairproject\\fair_app\\node_modules\\@next\\swc-win32-arm64-msvc'
68 silly reify ]
69 verbose reify failed optional dependency D:\fairproject\fair_app\node_modules\@next\swc-linux-x64-musl
70 silly reify mark deleted [
70 silly reify   'D:\\fairproject\\fair_app\\node_modules\\@next\\swc-linux-x64-musl'
70 silly reify ]
71 verbose reify failed optional dependency D:\fairproject\fair_app\node_modules\@next\swc-linux-x64-gnu
72 silly reify mark deleted [ 'D:\\fairproject\\fair_app\\node_modules\\@next\\swc-linux-x64-gnu' ]
73 verbose reify failed optional dependency D:\fairproject\fair_app\node_modules\@next\swc-linux-arm64-musl
74 silly reify mark deleted [
74 silly reify   'D:\\fairproject\\fair_app\\node_modules\\@next\\swc-linux-arm64-musl'
74 silly reify ]
75 verbose reify failed optional dependency D:\fairproject\fair_app\node_modules\@next\swc-linux-arm64-gnu
76 silly reify mark deleted [
76 silly reify   'D:\\fairproject\\fair_app\\node_modules\\@next\\swc-linux-arm64-gnu'
76 silly reify ]
77 verbose reify failed optional dependency D:\fairproject\fair_app\node_modules\@next\swc-darwin-x64
78 silly reify mark deleted [ 'D:\\fairproject\\fair_app\\node_modules\\@next\\swc-darwin-x64' ]
79 verbose reify failed optional dependency D:\fairproject\fair_app\node_modules\@next\swc-darwin-arm64
80 silly reify mark deleted [ 'D:\\fairproject\\fair_app\\node_modules\\@next\\swc-darwin-arm64' ]
81 verbose reify failed optional dependency D:\fairproject\fair_app\node_modules\@img\sharp-win32-ia32
82 silly reify mark deleted [ 'D:\\fairproject\\fair_app\\node_modules\\@img\\sharp-win32-ia32' ]
83 verbose reify failed optional dependency D:\fairproject\fair_app\node_modules\@img\sharp-win32-arm64
84 silly reify mark deleted [ 'D:\\fairproject\\fair_app\\node_modules\\@img\\sharp-win32-arm64' ]
85 verbose reify failed optional dependency D:\fairproject\fair_app\node_modules\@img\sharp-wasm32
86 silly reify mark deleted [ 'D:\\fairproject\\fair_app\\node_modules\\@img\\sharp-wasm32' ]
87 verbose reify failed optional dependency D:\fairproject\fair_app\node_modules\@img\sharp-linuxmusl-x64
88 silly reify mark deleted [
88 silly reify   'D:\\fairproject\\fair_app\\node_modules\\@img\\sharp-linuxmusl-x64'
88 silly reify ]
89 verbose reify failed optional dependency D:\fairproject\fair_app\node_modules\@img\sharp-linuxmusl-arm64
90 silly reify mark deleted [
90 silly reify   'D:\\fairproject\\fair_app\\node_modules\\@img\\sharp-linuxmusl-arm64'
90 silly reify ]
91 verbose reify failed optional dependency D:\fairproject\fair_app\node_modules\@img\sharp-linux-x64
92 silly reify mark deleted [ 'D:\\fairproject\\fair_app\\node_modules\\@img\\sharp-linux-x64' ]
93 verbose reify failed optional dependency D:\fairproject\fair_app\node_modules\@img\sharp-linux-s390x
94 silly reify mark deleted [ 'D:\\fairproject\\fair_app\\node_modules\\@img\\sharp-linux-s390x' ]
95 verbose reify failed optional dependency D:\fairproject\fair_app\node_modules\@img\sharp-linux-ppc64
96 silly reify mark deleted [ 'D:\\fairproject\\fair_app\\node_modules\\@img\\sharp-linux-ppc64' ]
97 verbose reify failed optional dependency D:\fairproject\fair_app\node_modules\@img\sharp-linux-arm64
98 silly reify mark deleted [ 'D:\\fairproject\\fair_app\\node_modules\\@img\\sharp-linux-arm64' ]
99 verbose reify failed optional dependency D:\fairproject\fair_app\node_modules\@img\sharp-linux-arm
100 silly reify mark deleted [ 'D:\\fairproject\\fair_app\\node_modules\\@img\\sharp-linux-arm' ]
101 verbose reify failed optional dependency D:\fairproject\fair_app\node_modules\@img\sharp-libvips-linuxmusl-x64
102 silly reify mark deleted [
102 silly reify   'D:\\fairproject\\fair_app\\node_modules\\@img\\sharp-libvips-linuxmusl-x64'
102 silly reify ]
103 verbose reify failed optional dependency D:\fairproject\fair_app\node_modules\@img\sharp-libvips-linuxmusl-arm64
104 silly reify mark deleted [
104 silly reify   'D:\\fairproject\\fair_app\\node_modules\\@img\\sharp-libvips-linuxmusl-arm64'
104 silly reify ]
105 verbose reify failed optional dependency D:\fairproject\fair_app\node_modules\@img\sharp-libvips-linux-x64
106 silly reify mark deleted [
106 silly reify   'D:\\fairproject\\fair_app\\node_modules\\@img\\sharp-libvips-linux-x64'
106 silly reify ]
107 verbose reify failed optional dependency D:\fairproject\fair_app\node_modules\@img\sharp-libvips-linux-s390x
108 silly reify mark deleted [
108 silly reify   'D:\\fairproject\\fair_app\\node_modules\\@img\\sharp-libvips-linux-s390x'
108 silly reify ]
109 verbose reify failed optional dependency D:\fairproject\fair_app\node_modules\@img\sharp-libvips-linux-ppc64
110 silly reify mark deleted [
110 silly reify   'D:\\fairproject\\fair_app\\node_modules\\@img\\sharp-libvips-linux-ppc64'
110 silly reify ]
111 verbose reify failed optional dependency D:\fairproject\fair_app\node_modules\@img\sharp-libvips-linux-arm64
112 silly reify mark deleted [
112 silly reify   'D:\\fairproject\\fair_app\\node_modules\\@img\\sharp-libvips-linux-arm64'
112 silly reify ]
113 verbose reify failed optional dependency D:\fairproject\fair_app\node_modules\@img\sharp-libvips-linux-arm
114 silly reify mark deleted [
114 silly reify   'D:\\fairproject\\fair_app\\node_modules\\@img\\sharp-libvips-linux-arm'
114 silly reify ]
115 verbose reify failed optional dependency D:\fairproject\fair_app\node_modules\@img\sharp-libvips-darwin-x64
116 silly reify mark deleted [
116 silly reify   'D:\\fairproject\\fair_app\\node_modules\\@img\\sharp-libvips-darwin-x64'
116 silly reify ]
117 verbose reify failed optional dependency D:\fairproject\fair_app\node_modules\@img\sharp-libvips-darwin-arm64
118 silly reify mark deleted [
118 silly reify   'D:\\fairproject\\fair_app\\node_modules\\@img\\sharp-libvips-darwin-arm64'
118 silly reify ]
119 verbose reify failed optional dependency D:\fairproject\fair_app\node_modules\@img\sharp-darwin-x64
120 silly reify mark deleted [ 'D:\\fairproject\\fair_app\\node_modules\\@img\\sharp-darwin-x64' ]
121 verbose reify failed optional dependency D:\fairproject\fair_app\node_modules\@img\sharp-darwin-arm64
122 silly reify mark deleted [ 'D:\\fairproject\\fair_app\\node_modules\\@img\\sharp-darwin-arm64' ]
123 silly tarball no local data for @types/ms@https://registry.npmjs.org/@types/ms/-/ms-2.1.0.tgz. Extracting by manifest.
124 silly tarball no local data for @types/jsonwebtoken@https://registry.npmjs.org/@types/jsonwebtoken/-/jsonwebtoken-9.0.10.tgz. Extracting by manifest.
125 silly tarball no local data for @types/bcryptjs@https://registry.npmjs.org/@types/bcryptjs/-/bcryptjs-3.0.0.tgz. Extracting by manifest.
126 http fetch GET 200 https://registry.npmjs.org/@types/ms/-/ms-2.1.0.tgz 145ms (cache miss)
127 http fetch POST 200 https://registry.npmjs.org/-/npm/v1/security/advisories/bulk 223ms
128 silly audit report {
128 silly audit report   tar: [
128 silly audit report     {
128 silly audit report       id: 1109463,
128 silly audit report       url: 'https://github.com/advisories/GHSA-29xp-372q-xqph',
128 silly audit report       title: 'node-tar has a race condition leading to uninitialized memory exposure',
128 silly audit report       severity: 'moderate',
128 silly audit report       vulnerable_versions: '=7.5.1',
128 silly audit report       cwe: [Array],
128 silly audit report       cvss: [Object]
128 silly audit report     }
128 silly audit report   ]
128 silly audit report }
129 http fetch GET 200 https://registry.npmjs.org/@types/jsonwebtoken/-/jsonwebtoken-9.0.10.tgz 209ms (cache miss)
130 http fetch GET 200 https://registry.npmjs.org/tar 17ms (cache hit)
131 http fetch GET 200 https://registry.npmjs.org/@types/bcryptjs/-/bcryptjs-3.0.0.tgz 217ms (cache miss)
132 warn deprecated @types/bcryptjs@3.0.0: This is a stub types definition. bcryptjs provides its own type definitions, so you do not need this installed.
133 http fetch GET 200 https://registry.npmjs.org/@tailwindcss%2foxide 24ms (cache hit)
134 silly ADD node_modules/@types/ms
135 silly ADD node_modules/@types/jsonwebtoken
136 silly ADD node_modules/@types/bcryptjs
137 silly ADD
138 silly ADD
139 silly ADD
140 silly ADD
141 silly ADD
142 silly ADD
143 silly ADD
144 silly ADD
145 silly ADD
146 silly ADD
147 silly ADD
148 silly ADD
149 silly ADD
150 silly ADD
151 silly ADD
152 silly ADD
153 silly ADD
154 silly ADD
155 silly ADD
156 silly ADD
157 silly ADD
158 silly ADD
159 silly ADD
160 silly ADD
161 silly ADD
162 silly ADD
163 silly ADD
164 silly ADD
165 silly ADD
166 silly ADD
167 silly ADD
168 silly ADD
169 silly ADD
170 silly ADD
171 silly ADD
172 silly ADD
173 silly ADD
174 silly ADD
175 silly ADD
176 silly ADD
177 silly ADD
178 silly ADD
179 silly ADD
180 silly ADD
181 silly ADD
182 silly ADD
183 silly ADD
184 silly ADD
185 silly ADD
186 verbose exit 0
187 info ok
