0 verbose cli C:\Program Files\nodejs\node.exe C:\Users\jjcha\AppData\Roaming\npm\node_modules\npm\bin\npm-cli.js
1 info using npm@10.7.0
2 info using node@v22.15.0
3 silly config:load:file:C:\Users\jjcha\AppData\Roaming\npm\node_modules\npm\npmrc
4 silly config:load:file:D:\fairproject\fair_app\.npmrc
5 silly config:load:file:C:\Users\jjcha\.npmrc
6 silly config:load:file:C:\Users\jjcha\AppData\Roaming\npm\etc\npmrc
7 verbose title npm install @ducanh2912/next-pwa
8 verbose argv "install" "--save-dev" "@ducanh2912/next-pwa"
9 verbose logfile logs-max:10 dir:D:\fairproject\fair_app\.npm-cache\_logs\2025-11-18T03_40_22_840Z-
10 verbose logfile D:\fairproject\fair_app\.npm-cache\_logs\2025-11-18T03_40_22_840Z-debug-0.log
11 silly logfile start cleaning logs, removing 1 files
12 silly logfile done cleaning log files
13 silly idealTree buildDeps
14 silly fetch manifest @ducanh2912/next-pwa@*
15 http fetch GET 200 https://registry.npmjs.org/@ducanh2912%2fnext-pwa 1262ms (cache miss)
16 silly fetch manifest next@15.5.4
17 http fetch GET 200 https://registry.npmjs.org/next 642ms (cache updated)
18 silly fetch manifest @opentelemetry/api@^1.1.0
19 http fetch GET 200 https://registry.npmjs.org/@opentelemetry%2fapi 79ms (cache revalidated)
20 silly fetch manifest @playwright/test@^1.51.1
21 http fetch GET 200 https://registry.npmjs.org/@playwright%2ftest 178ms (cache updated)
22 silly fetch manifest babel-plugin-react-compiler@*
23 http fetch GET 200 https://registry.npmjs.org/babel-plugin-react-compiler 88ms (cache updated)
24 silly fetch manifest react@19.1.0
25 http fetch GET 200 https://registry.npmjs.org/react 171ms (cache updated)
26 silly fetch manifest react-dom@19.1.0
27 http fetch GET 200 https://registry.npmjs.org/react-dom 135ms (cache updated)
28 silly fetch manifest sass@^1.3.0
29 http fetch GET 200 https://registry.npmjs.org/sass 59ms (cache updated)
30 silly fetch manifest webpack@>=5.9.0
31 http fetch GET 200 https://registry.npmjs.org/webpack 65ms (cache revalidated)
32 silly placeDep ROOT @ducanh2912/next-pwa@10.2.9 OK for: fair_app@0.1.0 want: *
33 silly fetch manifest fast-glob@3.3.2
34 silly fetch manifest semver@7.6.3
35 silly fetch manifest workbox-build@7.1.1
36 silly fetch manifest workbox-core@7.1.0
37 silly fetch manifest workbox-webpack-plugin@7.1.0
38 silly fetch manifest workbox-window@7.1.0
39 http fetch GET 200 https://registry.npmjs.org/semver 55ms (cache revalidated)
40 http fetch GET 200 https://registry.npmjs.org/workbox-build 99ms (cache revalidated)
41 http fetch GET 200 https://registry.npmjs.org/workbox-core 104ms (cache revalidated)
42 http fetch GET 200 https://registry.npmjs.org/fast-glob 110ms (cache revalidated)
43 http fetch GET 200 https://registry.npmjs.org/workbox-window 116ms (cache revalidated)
44 http fetch GET 200 https://registry.npmjs.org/workbox-webpack-plugin 121ms (cache revalidated)
45 silly placeDep node_modules/@ducanh2912/next-pwa fast-glob@3.3.2 OK for: @ducanh2912/next-pwa@10.2.9 want: 3.3.2
46 silly placeDep node_modules/@ducanh2912/next-pwa semver@7.6.3 OK for: @ducanh2912/next-pwa@10.2.9 want: 7.6.3
47 silly placeDep node_modules/@ducanh2912/next-pwa workbox-build@7.1.1 OK for: @ducanh2912/next-pwa@10.2.9 want: 7.1.1
48 silly placeDep node_modules/@ducanh2912/next-pwa workbox-core@7.1.0 OK for: @ducanh2912/next-pwa@10.2.9 want: 7.1.0
49 silly placeDep node_modules/@ducanh2912/next-pwa workbox-webpack-plugin@7.1.0 OK for: @ducanh2912/next-pwa@10.2.9 want: 7.1.0
50 silly placeDep node_modules/@ducanh2912/next-pwa workbox-window@7.1.0 OK for: @ducanh2912/next-pwa@10.2.9 want: 7.1.0
51 silly fetch manifest ajv@^8.6.0
52 silly fetch manifest source-map@^0.8.0-beta.0
53 silly fetch manifest workbox-sw@7.1.0
54 silly fetch manifest workbox-recipes@7.1.0
55 silly fetch manifest workbox-routing@7.1.0
56 silly fetch manifest workbox-streams@7.1.0
57 silly fetch manifest workbox-expiration@7.1.0
58 silly fetch manifest workbox-precaching@7.1.0
59 silly fetch manifest workbox-strategies@7.1.0
60 silly fetch manifest @rollup/plugin-terser@^0.4.3
61 silly fetch manifest workbox-range-requests@7.1.0
62 silly fetch manifest workbox-background-sync@7.1.0
63 silly fetch manifest workbox-broadcast-update@7.1.0
64 silly fetch manifest workbox-google-analytics@7.1.0
65 silly fetch manifest @apideck/better-ajv-errors@^0.3.1
66 silly fetch manifest workbox-cacheable-response@7.1.0
67 silly fetch manifest workbox-navigation-preload@7.1.0
68 http fetch GET 200 https://registry.npmjs.org/workbox-precaching 71ms (cache revalidated)
69 silly fetch manifest @rollup/plugin-node-resolve@^15.2.3
70 http fetch GET 200 https://registry.npmjs.org/workbox-sw 74ms (cache revalidated)
71 silly fetch manifest workbox-build@7.1.0
72 silly fetch manifest webpack-sources@^1.4.3
73 http fetch GET 200 https://registry.npmjs.org/source-map 77ms (cache revalidated)
74 http fetch GET 200 https://registry.npmjs.org/workbox-google-analytics 92ms (cache revalidated)
75 http fetch GET 200 https://registry.npmjs.org/workbox-navigation-preload 116ms (cache revalidated)
76 http fetch GET 200 https://registry.npmjs.org/workbox-expiration 120ms (cache revalidated)
77 http fetch GET 200 https://registry.npmjs.org/workbox-streams 124ms (cache revalidated)
78 http fetch GET 200 https://registry.npmjs.org/workbox-strategies 130ms (cache revalidated)
79 http fetch GET 200 https://registry.npmjs.org/workbox-range-requests 131ms (cache revalidated)
80 http fetch GET 200 https://registry.npmjs.org/ajv 135ms (cache revalidated)
81 http fetch GET 200 https://registry.npmjs.org/workbox-broadcast-update 147ms (cache revalidated)
82 http fetch GET 200 https://registry.npmjs.org/webpack-sources 74ms (cache revalidated)
83 http fetch GET 200 https://registry.npmjs.org/workbox-cacheable-response 149ms (cache revalidated)
84 http fetch GET 200 https://registry.npmjs.org/workbox-background-sync 152ms (cache revalidated)
85 http fetch GET 200 https://registry.npmjs.org/@rollup%2fplugin-node-resolve 89ms (cache updated)
86 http fetch GET 200 https://registry.npmjs.org/@apideck%2fbetter-ajv-errors 168ms (cache revalidated)
87 http fetch GET 200 https://registry.npmjs.org/@rollup%2fplugin-terser 401ms (cache miss)
88 http fetch GET 200 https://registry.npmjs.org/workbox-recipes 555ms (cache revalidated)
89 http fetch GET 200 https://registry.npmjs.org/workbox-routing 558ms (cache revalidated)
90 silly fetch manifest rollup@^2.43.1
91 http fetch GET 200 https://registry.npmjs.org/rollup 210ms (cache updated)
92 silly placeDep node_modules/@ducanh2912/next-pwa @apideck/better-ajv-errors@0.3.6 OK for: workbox-build@7.1.1 want: ^0.3.1
93 silly placeDep node_modules/@ducanh2912/next-pwa ajv@8.17.1 OK for: @apideck/better-ajv-errors@0.3.6 want: >=8
94 silly placeDep node_modules/@ducanh2912/next-pwa @rollup/plugin-node-resolve@15.3.1 OK for: workbox-build@7.1.1 want: ^15.2.3
95 silly placeDep ROOT @rollup/plugin-terser@0.4.4 OK for: workbox-build@7.1.1 want: ^0.4.3
96 silly placeDep node_modules/@ducanh2912/next-pwa source-map@0.8.0-beta.0 OK for: workbox-build@7.1.1 want: ^0.8.0-beta.0
97 silly placeDep node_modules/@ducanh2912/next-pwa workbox-background-sync@7.1.0 OK for: workbox-build@7.1.1 want: 7.1.0
98 silly placeDep node_modules/@ducanh2912/next-pwa workbox-broadcast-update@7.1.0 OK for: workbox-build@7.1.1 want: 7.1.0
99 silly placeDep node_modules/@ducanh2912/next-pwa workbox-cacheable-response@7.1.0 OK for: workbox-build@7.1.1 want: 7.1.0
100 silly placeDep node_modules/@ducanh2912/next-pwa workbox-expiration@7.1.0 OK for: workbox-build@7.1.1 want: 7.1.0
101 silly placeDep node_modules/@ducanh2912/next-pwa workbox-google-analytics@7.1.0 OK for: workbox-build@7.1.1 want: 7.1.0
102 silly placeDep node_modules/@ducanh2912/next-pwa workbox-navigation-preload@7.1.0 OK for: workbox-build@7.1.1 want: 7.1.0
103 silly placeDep node_modules/@ducanh2912/next-pwa workbox-precaching@7.1.0 OK for: workbox-build@7.1.1 want: 7.1.0
104 silly placeDep node_modules/@ducanh2912/next-pwa workbox-range-requests@7.1.0 OK for: workbox-build@7.1.1 want: 7.1.0
105 silly placeDep node_modules/@ducanh2912/next-pwa workbox-recipes@7.1.0 OK for: workbox-build@7.1.1 want: 7.1.0
106 silly placeDep node_modules/@ducanh2912/next-pwa workbox-routing@7.1.0 OK for: workbox-build@7.1.1 want: 7.1.0
107 silly placeDep node_modules/@ducanh2912/next-pwa workbox-strategies@7.1.0 OK for: workbox-build@7.1.1 want: 7.1.0
108 silly placeDep node_modules/@ducanh2912/next-pwa workbox-streams@7.1.0 OK for: workbox-build@7.1.1 want: 7.1.0
109 silly placeDep node_modules/@ducanh2912/next-pwa workbox-sw@7.1.0 OK for: workbox-build@7.1.1 want: 7.1.0
110 silly fetch manifest json-schema-traverse@^1.0.0
111 silly fetch manifest @types/resolve@1.20.2
112 silly fetch manifest @rollup/pluginutils@^5.0.1
113 silly fetch manifest smob@^1.0.0
114 http fetch GET 200 https://registry.npmjs.org/json-schema-traverse 53ms (cache revalidated)
115 http fetch GET 200 https://registry.npmjs.org/@types%2fresolve 68ms (cache revalidated)
116 http fetch GET 200 https://registry.npmjs.org/smob 90ms (cache miss)
117 http fetch GET 200 https://registry.npmjs.org/@rollup%2fpluginutils 571ms (cache revalidated)
118 silly placeDep ROOT smob@1.5.0 OK for: @rollup/plugin-terser@0.4.4 want: ^1.0.0
119 silly fetch manifest rollup@^2.78.0||^3.0.0||^4.0.0
120 silly placeDep node_modules/@ducanh2912/next-pwa/node_modules/@rollup/plugin-node-resolve @rollup/pluginutils@5.3.0 CONFLICT for: @rollup/plugin-node-resolve@15.3.1 want: ^5.0.1
121 silly placeDep node_modules/@ducanh2912/next-pwa @types/resolve@1.20.2 OK for: @rollup/plugin-node-resolve@15.3.1 want: 1.20.2
122 silly fetch manifest estree-walker@^2.0.2
123 silly fetch manifest picomatch@^4.0.2
124 http fetch GET 200 https://registry.npmjs.org/estree-walker 48ms (cache revalidated)
125 http fetch GET 200 https://registry.npmjs.org/picomatch 51ms (cache revalidated)
126 silly placeDep node_modules/@ducanh2912/next-pwa json-schema-traverse@1.0.0 OK for: ajv@8.17.1 want: ^1.0.0
127 silly placeDep node_modules/@ducanh2912/next-pwa webpack-sources@1.4.3 OK for: workbox-webpack-plugin@7.1.0 want: ^1.4.3
128 silly placeDep node_modules/@ducanh2912/next-pwa/node_modules/workbox-webpack-plugin workbox-build@7.1.0 OK for: workbox-webpack-plugin@7.1.0 want: 7.1.0
129 silly fetch manifest source-map@~0.6.1
130 silly placeDep node_modules/@ducanh2912/next-pwa/node_modules/webpack-sources source-map@0.6.1 OK for: webpack-sources@1.4.3 want: ~0.6.1
131 silly placeDep node_modules/@ducanh2912/next-pwa estree-walker@2.0.2 OK for: @rollup/pluginutils@5.3.0 want: ^2.0.2
132 silly placeDep node_modules/@ducanh2912/next-pwa picomatch@4.0.3 OK for: @rollup/pluginutils@5.3.0 want: ^4.0.2
133 silly reify moves {}
134 verbose reify failed optional dependency D:\fairproject\fair_app\node_modules\@tailwindcss\oxide-wasm32-wasi
135 silly reify mark deleted [
135 silly reify   'D:\\fairproject\\fair_app\\node_modules\\@tailwindcss\\oxide-wasm32-wasi'
135 silly reify ]
136 silly audit bulk request {
136 silly audit   '@alloc/quick-lru': [ '5.2.0' ],
136 silly audit   '@babel/code-frame': [ '7.27.1' ],
136 silly audit   '@babel/compat-data': [ '7.28.4' ],
136 silly audit   '@babel/core': [ '7.28.4' ],
136 silly audit   semver: [ '6.3.1', '7.7.3', '7.6.3' ],
136 silly audit   '@babel/generator': [ '7.28.3' ],
136 silly audit   '@babel/helper-annotate-as-pure': [ '7.27.3' ],
136 silly audit   '@babel/helper-compilation-targets': [ '7.27.2' ],
136 silly audit   '@babel/helper-create-class-features-plugin': [ '7.28.3' ],
136 silly audit   '@babel/helper-create-regexp-features-plugin': [ '7.27.1' ],
136 silly audit   '@babel/helper-define-polyfill-provider': [ '0.6.5' ],
136 silly audit   '@babel/helper-globals': [ '7.28.0' ],
136 silly audit   '@babel/helper-member-expression-to-functions': [ '7.27.1' ],
136 silly audit   '@babel/helper-module-imports': [ '7.27.1' ],
136 silly audit   '@babel/helper-module-transforms': [ '7.28.3' ],
136 silly audit   '@babel/helper-optimise-call-expression': [ '7.27.1' ],
136 silly audit   '@babel/helper-plugin-utils': [ '7.27.1' ],
136 silly audit   '@babel/helper-remap-async-to-generator': [ '7.27.1' ],
136 silly audit   '@babel/helper-replace-supers': [ '7.27.1' ],
136 silly audit   '@babel/helper-skip-transparent-expression-wrappers': [ '7.27.1' ],
136 silly audit   '@babel/helper-string-parser': [ '7.27.1' ],
136 silly audit   '@babel/helper-validator-identifier': [ '7.27.1' ],
136 silly audit   '@babel/helper-validator-option': [ '7.27.1' ],
136 silly audit   '@babel/helper-wrap-function': [ '7.28.3' ],
136 silly audit   '@babel/helpers': [ '7.28.4' ],
136 silly audit   '@babel/parser': [ '7.28.4' ],
136 silly audit   '@babel/plugin-bugfix-firefox-class-in-computed-class-key': [ '7.27.1' ],
136 silly audit   '@babel/plugin-bugfix-safari-class-field-initializer-scope': [ '7.27.1' ],
136 silly audit   '@babel/plugin-bugfix-safari-id-destructuring-collision-in-function-expression': [ '7.27.1' ],
136 silly audit   '@babel/plugin-bugfix-v8-spread-parameters-in-optional-chaining': [ '7.27.1' ],
136 silly audit   '@babel/plugin-bugfix-v8-static-class-fields-redefine-readonly': [ '7.28.3' ],
136 silly audit   '@babel/plugin-proposal-private-property-in-object': [ '7.21.0-placeholder-for-preset-env.2' ],
136 silly audit   '@babel/plugin-syntax-import-assertions': [ '7.27.1' ],
136 silly audit   '@babel/plugin-syntax-import-attributes': [ '7.27.1' ],
136 silly audit   '@babel/plugin-syntax-unicode-sets-regex': [ '7.18.6' ],
136 silly audit   '@babel/plugin-transform-arrow-functions': [ '7.27.1' ],
136 silly audit   '@babel/plugin-transform-async-generator-functions': [ '7.28.0' ],
136 silly audit   '@babel/plugin-transform-async-to-generator': [ '7.27.1' ],
136 silly audit   '@babel/plugin-transform-block-scoped-functions': [ '7.27.1' ],
136 silly audit   '@babel/plugin-transform-block-scoping': [ '7.28.4' ],
136 silly audit   '@babel/plugin-transform-class-properties': [ '7.27.1' ],
136 silly audit   '@babel/plugin-transform-class-static-block': [ '7.28.3' ],
136 silly audit   '@babel/plugin-transform-classes': [ '7.28.4' ],
136 silly audit   '@babel/plugin-transform-computed-properties': [ '7.27.1' ],
136 silly audit   '@babel/plugin-transform-destructuring': [ '7.28.0' ],
136 silly audit   '@babel/plugin-transform-dotall-regex': [ '7.27.1' ],
136 silly audit   '@babel/plugin-transform-duplicate-keys': [ '7.27.1' ],
136 silly audit   '@babel/plugin-transform-duplicate-named-capturing-groups-regex': [ '7.27.1' ],
136 silly audit   '@babel/plugin-transform-dynamic-import': [ '7.27.1' ],
136 silly audit   '@babel/plugin-transform-explicit-resource-management': [ '7.28.0' ],
136 silly audit   '@babel/plugin-transform-exponentiation-operator': [ '7.27.1' ],
136 silly audit   '@babel/plugin-transform-export-namespace-from': [ '7.27.1' ],
136 silly audit   '@babel/plugin-transform-for-of': [ '7.27.1' ],
136 silly audit   '@babel/plugin-transform-function-name': [ '7.27.1' ],
136 silly audit   '@babel/plugin-transform-json-strings': [ '7.27.1' ],
136 silly audit   '@babel/plugin-transform-literals': [ '7.27.1' ],
136 silly audit   '@babel/plugin-transform-logical-assignment-operators': [ '7.27.1' ],
136 silly audit   '@babel/plugin-transform-member-expression-literals': [ '7.27.1' ],
136 silly audit   '@babel/plugin-transform-modules-amd': [ '7.27.1' ],
136 silly audit   '@babel/plugin-transform-modules-commonjs': [ '7.27.1' ],
136 silly audit   '@babel/plugin-transform-modules-systemjs': [ '7.27.1' ],
136 silly audit   '@babel/plugin-transform-modules-umd': [ '7.27.1' ],
136 silly audit   '@babel/plugin-transform-named-capturing-groups-regex': [ '7.27.1' ],
136 silly audit   '@babel/plugin-transform-new-target': [ '7.27.1' ],
136 silly audit   '@babel/plugin-transform-nullish-coalescing-operator': [ '7.27.1' ],
136 silly audit   '@babel/plugin-transform-numeric-separator': [ '7.27.1' ],
136 silly audit   '@babel/plugin-transform-object-rest-spread': [ '7.28.4' ],
136 silly audit   '@babel/plugin-transform-object-super': [ '7.27.1' ],
136 silly audit   '@babel/plugin-transform-optional-catch-binding': [ '7.27.1' ],
136 silly audit   '@babel/plugin-transform-optional-chaining': [ '7.27.1' ],
136 silly audit   '@babel/plugin-transform-parameters': [ '7.27.7' ],
136 silly audit   '@babel/plugin-transform-private-methods': [ '7.27.1' ],
136 silly audit   '@babel/plugin-transform-private-property-in-object': [ '7.27.1' ],
136 silly audit   '@babel/plugin-transform-property-literals': [ '7.27.1' ],
136 silly audit   '@babel/plugin-transform-regenerator': [ '7.28.4' ],
136 silly audit   '@babel/plugin-transform-regexp-modifiers': [ '7.27.1' ],
136 silly audit   '@babel/plugin-transform-reserved-words': [ '7.27.1' ],
136 silly audit   '@babel/plugin-transform-shorthand-properties': [ '7.27.1' ],
136 silly audit   '@babel/plugin-transform-spread': [ '7.27.1' ],
136 silly audit   '@babel/plugin-transform-sticky-regex': [ '7.27.1' ],
136 silly audit   '@babel/plugin-transform-template-literals': [ '7.27.1' ],
136 silly audit   '@babel/plugin-transform-typeof-symbol': [ '7.27.1' ],
136 silly audit   '@babel/plugin-transform-unicode-escapes': [ '7.27.1' ],
136 silly audit   '@babel/plugin-transform-unicode-property-regex': [ '7.27.1' ],
136 silly audit   '@babel/plugin-transform-unicode-regex': [ '7.27.1' ],
136 silly audit   '@babel/plugin-transform-unicode-sets-regex': [ '7.27.1' ],
136 silly audit   '@babel/preset-env': [ '7.28.3' ],
136 silly audit   '@babel/preset-modules': [ '0.1.6-no-external-plugins' ],
136 silly audit   '@babel/runtime': [ '7.28.4' ],
136 silly audit   '@babel/template': [ '7.27.2' ],
136 silly audit   '@babel/traverse': [ '7.28.4' ],
136 silly audit   '@babel/types': [ '7.28.4' ],
136 silly audit   '@capacitor/camera': [ '7.0.2' ],
136 silly audit   '@capacitor/cli': [ '7.4.3' ],
136 silly audit   chownr: [ '2.0.0', '3.0.0' ],
136 silly audit   commander: [ '12.1.0', '2.20.3' ],
136 silly audit   'fs-extra': [ '11.3.2', '9.1.0' ],
136 silly audit   glob: [ '11.0.3', '7.2.3' ],
136 silly audit   minizlib: [ '2.1.2', '3.1.0' ],
136 silly audit   minipass: [ '3.3.6', '5.0.0', '7.1.2' ],
136 silly audit   rimraf: [ '6.0.1', '2.7.1' ],
136 silly audit   tar: [ '6.2.1', '7.5.1' ],
136 silly audit   yallist: [ '4.0.0', '3.1.1', '5.0.0' ],
136 silly audit   '@capacitor/core': [ '7.4.3' ],
136 silly audit   '@capacitor/filesystem': [ '7.1.4' ],
136 silly audit   '@capacitor/synapse': [ '1.0.4' ],
136 silly audit   '@emnapi/runtime': [ '1.5.0' ],
136 silly audit   '@img/colour': [ '1.0.0' ],
136 silly audit   '@img/sharp-darwin-arm64': [ '0.34.4' ],
136 silly audit   '@img/sharp-darwin-x64': [ '0.34.4' ],
136 silly audit   '@img/sharp-libvips-darwin-arm64': [ '1.2.3' ],
136 silly audit   '@img/sharp-libvips-darwin-x64': [ '1.2.3' ],
136 silly audit   '@img/sharp-libvips-linux-arm': [ '1.2.3' ],
136 silly audit   '@img/sharp-libvips-linux-arm64': [ '1.2.3' ],
136 silly audit   '@img/sharp-libvips-linux-ppc64': [ '1.2.3' ],
136 silly audit   '@img/sharp-libvips-linux-s390x': [ '1.2.3' ],
136 silly audit   '@img/sharp-libvips-linux-x64': [ '1.2.3' ],
136 silly audit   '@img/sharp-libvips-linuxmusl-arm64': [ '1.2.3' ],
136 silly audit   '@img/sharp-libvips-linuxmusl-x64': [ '1.2.3' ],
136 silly audit   '@img/sharp-linux-arm': [ '0.34.4' ],
136 silly audit   '@img/sharp-linux-arm64': [ '0.34.4' ],
136 silly audit   '@img/sharp-linux-ppc64': [ '0.34.4' ],
136 silly audit   '@img/sharp-linux-s390x': [ '0.34.4' ],
136 silly audit   '@img/sharp-linux-x64': [ '0.34.4' ],
136 silly audit   '@img/sharp-linuxmusl-arm64': [ '0.34.4' ],
136 silly audit   '@img/sharp-linuxmusl-x64': [ '0.34.4' ],
136 silly audit   '@img/sharp-wasm32': [ '0.34.4' ],
136 silly audit   '@img/sharp-win32-arm64': [ '0.34.4' ],
136 silly audit   '@img/sharp-win32-ia32': [ '0.34.4' ],
136 silly audit   '@img/sharp-win32-x64': [ '0.34.4' ],
136 silly audit   '@ionic/cli-framework-output': [ '2.2.8' ],
136 silly audit   '@ionic/utils-array': [ '2.1.6' ],
136 silly audit   '@ionic/utils-fs': [ '3.1.7' ],
136 silly audit   '@ionic/utils-object': [ '2.1.6' ],
136 silly audit   '@ionic/utils-process': [ '2.1.12' ],
136 silly audit   '@ionic/utils-stream': [ '3.1.7' ],
136 silly audit   '@ionic/utils-subprocess': [ '3.0.1' ],
136 silly audit   '@ionic/utils-terminal': [ '2.3.5' ],
136 silly audit   '@isaacs/balanced-match': [ '4.0.1' ],
136 silly audit   '@isaacs/brace-expansion': [ '5.0.0' ],
136 silly audit   '@isaacs/cliui': [ '8.0.2' ],
136 silly audit   'ansi-regex': [ '6.2.2', '5.0.1' ],
136 silly audit   'ansi-styles': [ '6.2.3', '4.3.0' ],
136 silly audit   'emoji-regex': [ '9.2.2', '8.0.0' ],
136 silly audit   'string-width': [ '5.1.2', '4.2.3' ],
136 silly audit   'strip-ansi': [ '7.1.2', '6.0.1' ],
136 silly audit   'wrap-ansi': [ '8.1.0', '7.0.0' ],
136 silly audit   '@isaacs/fs-minipass': [ '4.0.1' ],
136 silly audit   '@jridgewell/gen-mapping': [ '0.3.13' ],
136 silly audit   '@jridgewell/remapping': [ '2.3.5' ],
136 silly audit   '@jridgewell/resolve-uri': [ '3.1.2' ],
136 silly audit   '@jridgewell/source-map': [ '0.3.11' ],
136 silly audit   '@jridgewell/sourcemap-codec': [ '1.5.5' ],
136 silly audit   '@jridgewell/trace-mapping': [ '0.3.31' ],
136 silly audit   '@mongodb-js/saslprep': [ '1.3.2' ],
136 silly audit   '@next/env': [ '15.5.4' ],
136 silly audit   '@next/swc-darwin-arm64': [ '15.5.4' ],
136 silly audit   '@next/swc-darwin-x64': [ '15.5.4' ],
136 silly audit   '@next/swc-linux-arm64-gnu': [ '15.5.4' ],
136 silly audit   '@next/swc-linux-arm64-musl': [ '15.5.4' ],
136 silly audit   '@next/swc-linux-x64-gnu': [ '15.5.4' ],
136 silly audit   '@next/swc-linux-x64-musl': [ '15.5.4' ],
136 silly audit   '@next/swc-win32-arm64-msvc': [ '15.5.4' ],
136 silly audit   '@next/swc-win32-x64-msvc': [ '15.5.4' ],
136 silly audit   '@nodelib/fs.scandir': [ '2.1.5' ],
136 silly audit   '@nodelib/fs.stat': [ '2.0.5' ],
136 silly audit   '@nodelib/fs.walk': [ '1.2.8' ],
136 silly audit   '@rollup/plugin-babel': [ '5.3.1' ],
136 silly audit   '@rollup/plugin-node-resolve': [ '11.2.1', '15.3.1' ],
136 silly audit   '@rollup/plugin-replace': [ '2.4.2' ],
136 silly audit   'magic-string': [ '0.25.9', '0.30.19' ],
136 silly audit   '@rollup/pluginutils': [ '3.1.0', '5.3.0' ],
136 silly audit   '@types/estree': [ '0.0.39', '1.0.8' ],
136 silly audit   '@surma/rollup-plugin-off-main-thread': [ '2.2.3' ],
136 silly audit   '@swc/helpers': [ '0.5.15' ],
136 silly audit   '@tailwindcss/node': [ '4.1.14' ],
136 silly audit   '@tailwindcss/oxide': [ '4.1.14' ],
136 silly audit   '@tailwindcss/oxide-android-arm64': [ '4.1.14' ],
136 silly audit   '@tailwindcss/oxide-darwin-arm64': [ '4.1.14' ],
136 silly audit   '@tailwindcss/oxide-darwin-x64': [ '4.1.14' ],
136 silly audit   '@tailwindcss/oxide-freebsd-x64': [ '4.1.14' ],
136 silly audit   '@tailwindcss/oxide-linux-arm-gnueabihf': [ '4.1.14' ],
136 silly audit   '@tailwindcss/oxide-linux-arm64-gnu': [ '4.1.14' ],
136 silly audit   '@tailwindcss/oxide-linux-arm64-musl': [ '4.1.14' ],
136 silly audit   '@tailwindcss/oxide-linux-x64-gnu': [ '4.1.14' ],
136 silly audit   '@tailwindcss/oxide-linux-x64-musl': [ '4.1.14' ],
136 silly audit   '@tailwindcss/oxide-win32-arm64-msvc': [ '4.1.14' ],
136 silly audit   '@tailwindcss/oxide-win32-x64-msvc': [ '4.1.14' ],
136 silly audit   '@tailwindcss/postcss': [ '4.1.14' ],
136 silly audit   '@types/bcryptjs': [ '3.0.0' ],
136 silly audit   '@types/eslint': [ '9.6.1' ],
136 silly audit   '@types/eslint-scope': [ '3.7.7' ],
136 silly audit   '@types/fs-extra': [ '8.1.5' ],
136 silly audit   '@types/glob': [ '7.2.0' ],
136 silly audit   '@types/json-schema': [ '7.0.15' ],
136 silly audit   '@types/jsonwebtoken': [ '9.0.10' ],
136 silly audit   '@types/minimatch': [ '6.0.0' ],
136 silly audit   '@types/ms': [ '2.1.0' ],
136 silly audit   '@types/node': [ '20.19.19' ],
136 silly audit   '@types/react': [ '19.2.2' ],
136 silly audit   '@types/react-dom': [ '19.2.1' ],
136 silly audit   '@types/resolve': [ '1.17.1', '1.20.2' ],
136 silly audit   '@types/slice-ansi': [ '4.0.0' ],
136 silly audit   '@types/trusted-types': [ '2.0.7' ],
136 silly audit   '@types/webidl-conversions': [ '7.0.3' ],
136 silly audit   '@types/whatwg-url': [ '13.0.0', '11.0.5' ],
136 silly audit   '@webassemblyjs/ast': [ '1.14.1' ],
136 silly audit   '@webassemblyjs/floating-point-hex-parser': [ '1.13.2' ],
136 silly audit   '@webassemblyjs/helper-api-error': [ '1.13.2' ],
136 silly audit   '@webassemblyjs/helper-buffer': [ '1.14.1' ],
136 silly audit   '@webassemblyjs/helper-numbers': [ '1.13.2' ],
136 silly audit   '@webassemblyjs/helper-wasm-bytecode': [ '1.13.2' ],
136 silly audit   '@webassemblyjs/helper-wasm-section': [ '1.14.1' ],
136 silly audit   '@webassemblyjs/ieee754': [ '1.13.2' ],
136 silly audit   '@webassemblyjs/leb128': [ '1.13.2' ],
136 silly audit   '@webassemblyjs/utf8': [ '1.13.2' ],
136 silly audit   '@webassemblyjs/wasm-edit': [ '1.14.1' ],
136 silly audit   '@webassemblyjs/wasm-gen': [ '1.14.1' ],
136 silly audit   '@webassemblyjs/wasm-opt': [ '1.14.1' ],
136 silly audit   '@webassemblyjs/wasm-parser': [ '1.14.1' ],
136 silly audit   '@webassemblyjs/wast-printer': [ '1.14.1' ],
136 silly audit   '@xmldom/xmldom': [ '0.8.11' ],
136 silly audit   '@xtuc/ieee754': [ '1.2.0' ],
136 silly audit   '@xtuc/long': [ '4.2.2' ],
136 silly audit   acorn: [ '8.15.0' ],
136 silly audit   'acorn-import-phases': [ '1.0.4' ],
136 silly audit   ajv: [ '6.12.6', '8.17.1' ],
136 silly audit   'ajv-formats': [ '2.1.1' ],
136 silly audit   'json-schema-traverse': [ '1.0.0', '0.4.1' ],
136 silly audit   'ajv-keywords': [ '3.5.2', '5.1.0' ],
136 silly audit   'array-buffer-byte-length': [ '1.0.2' ],
136 silly audit   'array-union': [ '2.1.0', '1.0.2' ],
136 silly audit   'array-uniq': [ '1.0.3' ],
136 silly audit   'arraybuffer.prototype.slice': [ '1.0.4' ],
136 silly audit   'astral-regex': [ '2.0.0' ],
136 silly audit   async: [ '3.2.6' ],
136 silly audit   'async-function': [ '1.0.0' ],
136 silly audit   'at-least-node': [ '1.0.0' ],
136 silly audit   'available-typed-arrays': [ '1.0.7' ],
136 silly audit   'babel-loader': [ '8.4.1' ],
136 silly audit   'babel-plugin-polyfill-corejs2': [ '0.4.14' ],
136 silly audit   'babel-plugin-polyfill-corejs3': [ '0.13.0' ],
136 silly audit   'babel-plugin-polyfill-regenerator': [ '0.6.5' ],
136 silly audit   'balanced-match': [ '1.0.2' ],
136 silly audit   'base64-js': [ '1.5.1' ],
136 silly audit   'baseline-browser-mapping': [ '2.8.16' ],
136 silly audit   bcryptjs: [ '3.0.3' ],
136 silly audit   'big-integer': [ '1.6.52' ],
136 silly audit   'big.js': [ '5.2.2' ],
136 silly audit   'bplist-parser': [ '0.3.2' ],
136 silly audit   'brace-expansion': [ '2.0.2', '1.1.12' ],
136 silly audit   braces: [ '3.0.3' ],
136 silly audit   browserslist: [ '4.26.3' ],
136 silly audit   bson: [ '7.0.0', '6.10.4' ],
136 silly audit   'buffer-crc32': [ '0.2.13' ],
136 silly audit   'buffer-equal-constant-time': [ '1.0.1' ],
136 silly audit   'buffer-from': [ '1.1.2' ],
136 silly audit   'builtin-modules': [ '3.3.0' ],
136 silly audit   'call-bind': [ '1.0.8' ],
136 silly audit   'call-bind-apply-helpers': [ '1.0.2' ],
136 silly audit   'call-bound': [ '1.0.4' ],
136 silly audit   'caniuse-lite': [ '1.0.30001749' ],
136 silly audit   'chrome-trace-event': [ '1.0.4' ],
136 silly audit   'clean-webpack-plugin': [ '4.0.0' ],
136 silly audit   'client-only': [ '0.0.1' ],
136 silly audit   'color-convert': [ '2.0.1' ],
136 silly audit   'color-name': [ '1.1.4' ],
136 silly audit   'common-tags': [ '1.8.2' ],
136 silly audit   commondir: [ '1.0.1' ],
136 silly audit   'concat-map': [ '0.0.1' ],
136 silly audit   'convert-source-map': [ '2.0.0' ],
136 silly audit   'core-js-compat': [ '3.46.0' ],
136 silly audit   'cross-spawn': [ '7.0.6' ],
136 silly audit   'crypto-random-string': [ '2.0.0' ],
136 silly audit   csstype: [ '3.1.3' ],
136 silly audit   'data-view-buffer': [ '1.0.2' ],
136 silly audit   'data-view-byte-length': [ '1.0.2' ],
136 silly audit   'data-view-byte-offset': [ '1.0.1' ],
136 silly audit   debug: [ '4.4.3' ],
136 silly audit   deepmerge: [ '4.3.1' ],
136 silly audit   'define-data-property': [ '1.1.4' ],
136 silly audit   'define-lazy-prop': [ '2.0.0' ],
136 silly audit   'define-properties': [ '1.2.1' ],
136 silly audit   del: [ '4.1.1' ],
136 silly audit   globby: [ '6.1.0', '11.1.0' ],
136 silly audit   pify: [ '2.3.0', '4.0.1' ],
136 silly audit   'detect-libc': [ '2.1.2' ],
136 silly audit   'dir-glob': [ '3.0.1' ],
136 silly audit   dotenv: [ '17.2.3' ],
136 silly audit   'dunder-proto': [ '1.0.1' ],
136 silly audit   eastasianwidth: [ '0.2.0' ],
136 silly audit   'ecdsa-sig-formatter': [ '1.0.11' ],
136 silly audit   ejs: [ '3.1.10' ],
136 silly audit   'electron-to-chromium': [ '1.5.234' ],
136 silly audit   elementtree: [ '0.1.7' ],
136 silly audit   'emojis-list': [ '3.0.0' ],
136 silly audit   'enhanced-resolve': [ '5.18.3' ],
136 silly audit   'env-paths': [ '2.2.1' ],
136 silly audit   'es-abstract': [ '1.24.0' ],
136 silly audit   'es-define-property': [ '1.0.1' ],
136 silly audit   'es-errors': [ '1.3.0' ],
136 silly audit   'es-module-lexer': [ '1.7.0' ],
136 silly audit   'es-object-atoms': [ '1.1.1' ],
136 silly audit   'es-set-tostringtag': [ '2.1.0' ],
136 silly audit   'es-to-primitive': [ '1.3.0' ],
136 silly audit   escalade: [ '3.2.0' ],
136 silly audit   'eslint-scope': [ '5.1.1' ],
136 silly audit   esrecurse: [ '4.3.0' ],
136 silly audit   estraverse: [ '5.3.0', '4.3.0' ],
136 silly audit   'estree-walker': [ '1.0.1', '2.0.2' ],
136 silly audit   esutils: [ '2.0.3' ],
136 silly audit   events: [ '3.3.0' ],
136 silly audit   'fast-deep-equal': [ '3.1.3' ],
136 silly audit   'fast-glob': [ '3.3.3', '3.3.2' ],
136 silly audit   'fast-json-stable-stringify': [ '2.1.0' ],
136 silly audit   'fast-uri': [ '3.1.0' ],
136 silly audit   fastq: [ '1.19.1' ],
136 silly audit   'fd-slicer': [ '1.1.0' ],
136 silly audit   filelist: [ '1.0.4' ],
136 silly audit   minimatch: [ '5.1.6', '3.1.2', '10.0.3' ],
136 silly audit   'fill-range': [ '7.1.1' ],
136 silly audit   'find-cache-dir': [ '3.3.2' ],
136 silly audit   'find-up': [ '4.1.0' ],
136 silly audit   'for-each': [ '0.3.5' ],
136 silly audit   'foreground-child': [ '3.3.1' ],
136 silly audit   'signal-exit': [ '4.1.0', '3.0.7' ],
136 silly audit   'framer-motion': [ '12.23.24' ],
136 silly audit   'fs-minipass': [ '2.1.0' ],
136 silly audit   'fs.realpath': [ '1.0.0' ],
136 silly audit   fsevents: [ '2.3.3' ],
136 silly audit   'function-bind': [ '1.1.2' ],
136 silly audit   'function.prototype.name': [ '1.1.8' ],
136 silly audit   'functions-have-names': [ '1.2.3' ],
136 silly audit   'generator-function': [ '2.0.1' ],
136 silly audit   gensync: [ '1.0.0-beta.2' ],
136 silly audit   'get-intrinsic': [ '1.3.0' ],
136 silly audit   'get-own-enumerable-property-symbols': [ '3.0.2' ],
136 silly audit   'get-proto': [ '1.0.1' ],
136 silly audit   'get-symbol-description': [ '1.1.0' ],
136 silly audit   'glob-parent': [ '5.1.2' ],
136 silly audit   'glob-to-regexp': [ '0.4.1' ],
136 silly audit   globalthis: [ '1.0.4' ],
136 silly audit   goober: [ '2.1.18' ],
136 silly audit   gopd: [ '1.2.0' ],
136 silly audit   'graceful-fs': [ '4.2.11' ],
136 silly audit   'has-bigints': [ '1.1.0' ],
136 silly audit   'has-flag': [ '4.0.0' ],
136 silly audit   'has-property-descriptors': [ '1.0.2' ],
136 silly audit   'has-proto': [ '1.2.0' ],
136 silly audit   'has-symbols': [ '1.1.0' ],
136 silly audit   'has-tostringtag': [ '1.0.2' ],
136 silly audit   hasown: [ '2.0.2' ],
136 silly audit   idb: [ '7.1.1' ],
136 silly audit   ignore: [ '5.3.2' ],
136 silly audit   inflight: [ '1.0.6' ],
136 silly audit   inherits: [ '2.0.4' ],
136 silly audit   ini: [ '4.1.3' ],
136 silly audit   'internal-slot': [ '1.1.0' ],
136 silly audit   'is-array-buffer': [ '3.0.5' ],
136 silly audit   'is-async-function': [ '2.1.1' ],
136 silly audit   'is-bigint': [ '1.1.0' ],
136 silly audit   'is-boolean-object': [ '1.2.2' ],
136 silly audit   'is-callable': [ '1.2.7' ],
136 silly audit   'is-core-module': [ '2.16.1' ],
136 silly audit   'is-data-view': [ '1.0.2' ],
136 silly audit   'is-date-object': [ '1.1.0' ],
136 silly audit   'is-docker': [ '2.2.1' ],
136 silly audit   'is-extglob': [ '2.1.1' ],
136 silly audit   'is-finalizationregistry': [ '1.1.1' ],
136 silly audit   'is-fullwidth-code-point': [ '3.0.0' ],
136 silly audit   'is-generator-function': [ '1.1.2' ],
136 silly audit   'is-glob': [ '4.0.3' ],
136 silly audit   'is-map': [ '2.0.3' ],
136 silly audit   'is-module': [ '1.0.0' ],
136 silly audit   'is-negative-zero': [ '2.0.3' ],
136 silly audit   'is-number': [ '7.0.0' ],
136 silly audit   'is-number-object': [ '1.1.1' ],
136 silly audit   'is-obj': [ '1.0.1' ],
136 silly audit   'is-path-cwd': [ '2.2.0' ],
136 silly audit   'is-path-in-cwd': [ '2.1.0' ],
136 silly audit   'is-path-inside': [ '2.1.0' ],
136 silly audit   'is-regex': [ '1.2.1' ],
136 silly audit   'is-regexp': [ '1.0.0' ],
136 silly audit   'is-set': [ '2.0.3' ],
136 silly audit   'is-shared-array-buffer': [ '1.0.4' ],
136 silly audit   'is-stream': [ '2.0.1' ],
136 silly audit   'is-string': [ '1.1.1' ],
136 silly audit   'is-symbol': [ '1.1.1' ],
136 silly audit   'is-typed-array': [ '1.1.15' ],
136 silly audit   'is-weakmap': [ '2.0.2' ],
136 silly audit   'is-weakref': [ '1.1.1' ],
136 silly audit   'is-weakset': [ '2.0.4' ],
136 silly audit   'is-wsl': [ '2.2.0' ],
136 silly audit   isarray: [ '2.0.5' ],
136 silly audit   isexe: [ '2.0.0' ],
136 silly audit   jackspeak: [ '4.1.1' ],
136 silly audit   jake: [ '10.9.4' ],
136 silly audit   'jest-worker': [ '27.5.1', '26.6.2' ],
136 silly audit   jiti: [ '2.6.1' ],
136 silly audit   'js-tokens': [ '4.0.0' ],
136 silly audit   jsesc: [ '3.1.0' ],
136 silly audit   'json-parse-even-better-errors': [ '2.3.1' ],
136 silly audit   'json-schema': [ '0.4.0' ],
136 silly audit   json5: [ '2.2.3' ],
136 silly audit   jsonfile: [ '6.2.0' ],
136 silly audit   jsonpointer: [ '5.0.1' ],
136 silly audit   jsonwebtoken: [ '9.0.2' ],
136 silly audit   jwa: [ '1.4.2' ],
136 silly audit   jws: [ '3.2.2' ],
136 silly audit   kareem: [ '2.6.3' ],
136 silly audit   kleur: [ '4.1.5', '3.0.3' ],
136 silly audit   leven: [ '3.1.0' ],
136 silly audit   lightningcss: [ '1.30.1' ],
136 silly audit   'lightningcss-darwin-arm64': [ '1.30.1' ],
136 silly audit   'lightningcss-darwin-x64': [ '1.30.1' ],
136 silly audit   'lightningcss-freebsd-x64': [ '1.30.1' ],
136 silly audit   'lightningcss-linux-arm-gnueabihf': [ '1.30.1' ],
136 silly audit   'lightningcss-linux-arm64-gnu': [ '1.30.1' ],
136 silly audit   'lightningcss-linux-arm64-musl': [ '1.30.1' ],
136 silly audit   'lightningcss-linux-x64-gnu': [ '1.30.1' ],
136 silly audit   'lightningcss-linux-x64-musl': [ '1.30.1' ],
136 silly audit   'lightningcss-win32-arm64-msvc': [ '1.30.1' ],
136 silly audit   'lightningcss-win32-x64-msvc': [ '1.30.1' ],
136 silly audit   'loader-runner': [ '4.3.1' ],
136 silly audit   'loader-utils': [ '2.0.4' ],
136 silly audit   'locate-path': [ '5.0.0' ],
136 silly audit   lodash: [ '4.17.21' ],
136 silly audit   'lodash.debounce': [ '4.0.8' ],
136 silly audit   'lodash.includes': [ '4.3.0' ],
136 silly audit   'lodash.isboolean': [ '3.0.3' ],
136 silly audit   'lodash.isinteger': [ '4.0.4' ],
136 silly audit   'lodash.isnumber': [ '3.0.3' ],
136 silly audit   'lodash.isplainobject': [ '4.0.6' ],
136 silly audit   'lodash.isstring': [ '4.0.1' ],
136 silly audit   'lodash.once': [ '4.1.1' ],
136 silly audit   'lodash.sortby': [ '4.7.0' ],
136 silly audit   'lru-cache': [ '5.1.1', '11.2.2' ],
136 silly audit   'make-dir': [ '3.1.0' ],
136 silly audit   'math-intrinsics': [ '1.1.0' ],
136 silly audit   'memory-pager': [ '1.5.0' ],
136 silly audit   'merge-stream': [ '2.0.0' ],
136 silly audit   merge2: [ '1.4.1' ],
136 silly audit   micromatch: [ '4.0.8' ],
136 silly audit   'mime-db': [ '1.52.0' ],
136 silly audit   'mime-types': [ '2.1.35' ],
136 silly audit   mkdirp: [ '1.0.4' ],
136 silly audit   mongodb: [ '7.0.0', '6.20.0' ],
136 silly audit   'mongodb-connection-string-url': [ '7.0.0', '3.0.2' ],
136 silly audit   tr46: [ '5.1.1', '1.0.1' ],
136 silly audit   'webidl-conversions': [ '7.0.0', '4.0.2' ],
136 silly audit   'whatwg-url': [ '14.2.0', '7.1.0' ],
136 silly audit   mongoose: [ '8.19.4' ],
136 silly audit   'motion-dom': [ '12.23.23' ],
136 silly audit   'motion-utils': [ '12.23.6' ],
136 silly audit   mpath: [ '0.9.0' ],
136 silly audit   mquery: [ '5.0.0' ],
136 silly audit   ms: [ '2.1.3' ],
136 silly audit   nanoid: [ '3.3.11' ],
136 silly audit   'native-run': [ '2.0.1' ],
136 silly audit   'neo-async': [ '2.6.2' ],
136 silly audit   next: [ '15.5.4' ],
136 silly audit   'next-pwa': [ '5.6.0' ],
136 silly audit   postcss: [ '8.4.31', '8.5.6' ],
136 silly audit   'node-releases': [ '2.0.23' ],
136 silly audit   'object-assign': [ '4.1.1' ],
136 silly audit   'object-inspect': [ '1.13.4' ],
136 silly audit   'object-keys': [ '1.1.1' ],
136 silly audit   'object.assign': [ '4.1.7' ],
136 silly audit   once: [ '1.4.0' ],
136 silly audit   open: [ '8.4.2' ],
136 silly audit   'own-keys': [ '1.0.1' ],
136 silly audit   'p-limit': [ '2.3.0' ],
136 silly audit   'p-locate': [ '4.1.0' ],
136 silly audit   'p-map': [ '2.1.0' ],
136 silly audit   'p-try': [ '2.2.0' ],
136 silly audit   'package-json-from-dist': [ '1.0.1' ],
136 silly audit   'path-exists': [ '4.0.0' ],
136 silly audit   'path-is-absolute': [ '1.0.1' ],
136 silly audit   'path-is-inside': [ '1.0.2' ],
136 silly audit   'path-key': [ '3.1.1' ],
136 silly audit   'path-parse': [ '1.0.7' ],
136 silly audit   'path-scurry': [ '2.0.0' ],
136 silly audit   'path-type': [ '4.0.0' ],
136 silly audit   pend: [ '1.2.0' ],
136 silly audit   picocolors: [ '1.1.1' ],
136 silly audit   picomatch: [ '2.3.1', '4.0.3' ],
136 silly audit   pinkie: [ '2.0.4' ],
136 silly audit   'pinkie-promise': [ '2.0.1' ],
136 silly audit   'pkg-dir': [ '4.2.0' ],
136 silly audit   plist: [ '3.1.0' ],
136 silly audit   'possible-typed-array-names': [ '1.1.0' ],
136 silly audit   'pretty-bytes': [ '5.6.0' ],
136 silly audit   prompts: [ '2.4.2' ],
136 silly audit   punycode: [ '2.3.1' ],
136 silly audit   'queue-microtask': [ '1.2.3' ],
136 silly audit   randombytes: [ '2.1.0' ],
136 silly audit   react: [ '19.1.0' ],
136 silly audit   'react-dom': [ '19.1.0' ],
136 silly audit   'react-hot-toast': [ '2.6.0' ],
136 silly audit   'readable-stream': [ '3.6.2' ],
136 silly audit   'reflect.getprototypeof': [ '1.0.10' ],
136 silly audit   regenerate: [ '1.4.2' ],
136 silly audit   'regenerate-unicode-properties': [ '10.2.2' ],
136 silly audit   'regexp.prototype.flags': [ '1.5.4' ],
136 silly audit   'regexpu-core': [ '6.4.0' ],
136 silly audit   regjsgen: [ '0.8.0' ],
136 silly audit   regjsparser: [ '0.13.0' ],
136 silly audit   'require-from-string': [ '2.0.2' ],
136 silly audit   resolve: [ '1.22.10' ],
136 silly audit   reusify: [ '1.1.0' ],
136 silly audit   rollup: [ '2.79.2' ],
136 silly audit   'rollup-plugin-terser': [ '7.0.2' ],
136 silly audit   'serialize-javascript': [ '4.0.0', '6.0.2' ],
136 silly audit   'supports-color': [ '7.2.0', '8.1.1' ],
136 silly audit   'run-parallel': [ '1.2.0' ],
136 silly audit   'safe-array-concat': [ '1.1.3' ],
136 silly audit   'safe-buffer': [ '5.2.1' ],
136 silly audit   'safe-push-apply': [ '1.0.0' ],
136 silly audit   'safe-regex-test': [ '1.1.0' ],
136 silly audit   sax: [ '1.1.4' ],
136 silly audit   scheduler: [ '0.26.0' ],
136 silly audit   'schema-utils': [ '2.7.1', '4.3.3' ],
136 silly audit   'set-function-length': [ '1.2.2' ],
136 silly audit   'set-function-name': [ '2.0.2' ],
136 silly audit   'set-proto': [ '1.0.0' ],
136 silly audit   sharp: [ '0.34.4' ],
136 silly audit   'shebang-command': [ '2.0.0' ],
136 silly audit   'shebang-regex': [ '3.0.0' ],
136 silly audit   'side-channel': [ '1.1.0' ],
136 silly audit   'side-channel-list': [ '1.0.0' ],
136 silly audit   'side-channel-map': [ '1.0.1' ],
136 silly audit   'side-channel-weakmap': [ '1.0.2' ],
136 silly audit   sift: [ '17.1.3' ],
136 silly audit   sisteransi: [ '1.0.5' ],
136 silly audit   slash: [ '3.0.0' ],
136 silly audit   'slice-ansi': [ '4.0.0' ],
136 silly audit   'source-list-map': [ '2.0.1' ],
136 silly audit   'source-map': [ '0.6.1', '0.8.0-beta.0' ],
136 silly audit   'source-map-js': [ '1.2.1' ],
136 silly audit   'source-map-support': [ '0.5.21' ],
136 silly audit   'sourcemap-codec': [ '1.4.8' ],
136 silly audit   'sparse-bitfield': [ '3.0.3' ],
136 silly audit   split2: [ '4.2.0' ],
136 silly audit   'stop-iteration-iterator': [ '1.1.0' ],
136 silly audit   string_decoder: [ '1.3.0' ],
136 silly audit   'string.prototype.matchall': [ '4.0.12' ],
136 silly audit   'string.prototype.trim': [ '1.2.10' ],
136 silly audit   'string.prototype.trimend': [ '1.0.9' ],
136 silly audit   'string.prototype.trimstart': [ '1.0.8' ],
136 silly audit   'stringify-object': [ '3.3.0' ],
136 silly audit   'strip-comments': [ '2.0.1' ],
136 silly audit   'styled-jsx': [ '5.1.6' ],
136 silly audit   'supports-preserve-symlinks-flag': [ '1.0.0' ],
136 silly audit   tailwindcss: [ '4.1.14' ],
136 silly audit   tapable: [ '2.3.0' ],
136 silly audit   'temp-dir': [ '2.0.0' ],
136 silly audit   tempy: [ '0.6.0' ],
136 silly audit   terser: [ '5.44.0' ],
136 silly audit   'terser-webpack-plugin': [ '5.3.14' ],
136 silly audit   through2: [ '4.0.2' ],
136 silly audit   'to-regex-range': [ '5.0.1' ],
136 silly audit   'tree-kill': [ '1.2.2' ],
136 silly audit   tslib: [ '2.8.1' ],
136 silly audit   'type-fest': [ '0.16.0' ],
136 silly audit   'typed-array-buffer': [ '1.0.3' ],
136 silly audit   'typed-array-byte-length': [ '1.0.3' ],
136 silly audit   'typed-array-byte-offset': [ '1.0.4' ],
136 silly audit   'typed-array-length': [ '1.0.7' ],
136 silly audit   typescript: [ '5.9.3' ],
136 silly audit   'unbox-primitive': [ '1.1.0' ],
136 silly audit   'undici-types': [ '6.21.0' ],
136 silly audit   'unicode-canonical-property-names-ecmascript': [ '2.0.1' ],
136 silly audit   'unicode-match-property-ecmascript': [ '2.0.0' ],
136 silly audit   'unicode-match-property-value-ecmascript': [ '2.2.1' ],
136 silly audit   'unicode-property-aliases-ecmascript': [ '2.2.0' ],
136 silly audit   'unique-string': [ '2.0.0' ],
136 silly audit   universalify: [ '2.0.1' ],
136 silly audit   untildify: [ '4.0.0' ],
136 silly audit   upath: [ '1.2.0' ],
136 silly audit   'update-browserslist-db': [ '1.1.3' ],
136 silly audit   'uri-js': [ '4.4.1' ],
136 silly audit   'util-deprecate': [ '1.0.2' ],
136 silly audit   watchpack: [ '2.4.4' ],
136 silly audit   webpack: [ '5.102.1' ],
136 silly audit   'webpack-sources': [ '3.3.3', '1.4.3' ],
136 silly audit   which: [ '2.0.2' ],
136 silly audit   'which-boxed-primitive': [ '1.1.1' ],
136 silly audit   'which-builtin-type': [ '1.2.1' ],
136 silly audit   'which-collection': [ '1.0.2' ],
136 silly audit   'which-typed-array': [ '1.1.19' ],
136 silly audit   'workbox-background-sync': [ '6.6.0', '7.1.0' ],
136 silly audit   'workbox-broadcast-update': [ '6.6.0', '7.1.0' ],
136 silly audit   'workbox-build': [ '6.6.0', '7.1.1', '7.1.0' ],
136 silly audit   '@apideck/better-ajv-errors': [ '0.3.6' ],
136 silly audit   'workbox-cacheable-response': [ '6.6.0', '7.1.0' ],
136 silly audit   'workbox-core': [ '6.6.0', '7.1.0' ],
136 silly audit   'workbox-expiration': [ '6.6.0', '7.1.0' ],
136 silly audit   'workbox-google-analytics': [ '6.6.0', '7.1.0' ],
136 silly audit   'workbox-navigation-preload': [ '6.6.0', '7.1.0' ],
136 silly audit   'workbox-precaching': [ '6.6.0', '7.1.0' ],
136 silly audit   'workbox-range-requests': [ '6.6.0', '7.1.0' ],
136 silly audit   'workbox-recipes': [ '6.6.0', '7.1.0' ],
136 silly audit   'workbox-routing': [ '6.6.0', '7.1.0' ],
136 silly audit   'workbox-strategies': [ '6.6.0', '7.1.0' ],
136 silly audit   'workbox-streams': [ '6.6.0', '7.1.0' ],
136 silly audit   'workbox-sw': [ '6.6.0', '7.1.0' ],
136 silly audit   'workbox-webpack-plugin': [ '6.6.0', '7.1.0' ],
136 silly audit   'workbox-window': [ '6.6.0', '7.1.0' ],
136 silly audit   wrappy: [ '1.0.2' ],
136 silly audit   xml2js: [ '0.6.2' ],
136 silly audit   xmlbuilder: [ '11.0.1', '15.1.1' ],
136 silly audit   yauzl: [ '2.10.0' ],
136 silly audit   '@ducanh2912/next-pwa': [ '10.2.9' ],
136 silly audit   '@rollup/plugin-terser': [ '0.4.4' ],
136 silly audit   smob: [ '1.5.0' ],
136 silly audit   '@tailwindcss/oxide-wasm32-wasi': [ '4.1.14' ]
136 silly audit }
137 verbose reify failed optional dependency D:\fairproject\fair_app\node_modules\lightningcss-win32-arm64-msvc
138 silly reify mark deleted [
138 silly reify   'D:\\fairproject\\fair_app\\node_modules\\lightningcss-win32-arm64-msvc'
138 silly reify ]
139 verbose reify failed optional dependency D:\fairproject\fair_app\node_modules\lightningcss-linux-x64-musl
140 silly reify mark deleted [
140 silly reify   'D:\\fairproject\\fair_app\\node_modules\\lightningcss-linux-x64-musl'
140 silly reify ]
141 verbose reify failed optional dependency D:\fairproject\fair_app\node_modules\lightningcss-linux-x64-gnu
142 silly reify mark deleted [
142 silly reify   'D:\\fairproject\\fair_app\\node_modules\\lightningcss-linux-x64-gnu'
142 silly reify ]
143 verbose reify failed optional dependency D:\fairproject\fair_app\node_modules\lightningcss-linux-arm64-musl
144 silly reify mark deleted [
144 silly reify   'D:\\fairproject\\fair_app\\node_modules\\lightningcss-linux-arm64-musl'
144 silly reify ]
145 verbose reify failed optional dependency D:\fairproject\fair_app\node_modules\lightningcss-linux-arm64-gnu
146 silly reify mark deleted [
146 silly reify   'D:\\fairproject\\fair_app\\node_modules\\lightningcss-linux-arm64-gnu'
146 silly reify ]
147 verbose reify failed optional dependency D:\fairproject\fair_app\node_modules\lightningcss-linux-arm-gnueabihf
148 silly reify mark deleted [
148 silly reify   'D:\\fairproject\\fair_app\\node_modules\\lightningcss-linux-arm-gnueabihf'
148 silly reify ]
149 verbose reify failed optional dependency D:\fairproject\fair_app\node_modules\lightningcss-freebsd-x64
150 silly reify mark deleted [ 'D:\\fairproject\\fair_app\\node_modules\\lightningcss-freebsd-x64' ]
151 verbose reify failed optional dependency D:\fairproject\fair_app\node_modules\lightningcss-darwin-x64
152 silly reify mark deleted [ 'D:\\fairproject\\fair_app\\node_modules\\lightningcss-darwin-x64' ]
153 verbose reify failed optional dependency D:\fairproject\fair_app\node_modules\lightningcss-darwin-arm64
154 silly reify mark deleted [
154 silly reify   'D:\\fairproject\\fair_app\\node_modules\\lightningcss-darwin-arm64'
154 silly reify ]
155 verbose reify failed optional dependency D:\fairproject\fair_app\node_modules\fsevents
156 silly reify mark deleted [ 'D:\\fairproject\\fair_app\\node_modules\\fsevents' ]
157 verbose reify failed optional dependency D:\fairproject\fair_app\node_modules\@tailwindcss\oxide-win32-arm64-msvc
158 silly reify mark deleted [
158 silly reify   'D:\\fairproject\\fair_app\\node_modules\\@tailwindcss\\oxide-win32-arm64-msvc'
158 silly reify ]
159 verbose reify failed optional dependency D:\fairproject\fair_app\node_modules\@tailwindcss\oxide-linux-x64-musl
160 silly reify mark deleted [
160 silly reify   'D:\\fairproject\\fair_app\\node_modules\\@tailwindcss\\oxide-linux-x64-musl'
160 silly reify ]
161 verbose reify failed optional dependency D:\fairproject\fair_app\node_modules\@tailwindcss\oxide-linux-x64-gnu
162 silly reify mark deleted [
162 silly reify   'D:\\fairproject\\fair_app\\node_modules\\@tailwindcss\\oxide-linux-x64-gnu'
162 silly reify ]
163 verbose reify failed optional dependency D:\fairproject\fair_app\node_modules\@tailwindcss\oxide-linux-arm64-musl
164 silly reify mark deleted [
164 silly reify   'D:\\fairproject\\fair_app\\node_modules\\@tailwindcss\\oxide-linux-arm64-musl'
164 silly reify ]
165 verbose reify failed optional dependency D:\fairproject\fair_app\node_modules\@tailwindcss\oxide-linux-arm64-gnu
166 silly reify mark deleted [
166 silly reify   'D:\\fairproject\\fair_app\\node_modules\\@tailwindcss\\oxide-linux-arm64-gnu'
166 silly reify ]
167 verbose reify failed optional dependency D:\fairproject\fair_app\node_modules\@tailwindcss\oxide-linux-arm-gnueabihf
168 silly reify mark deleted [
168 silly reify   'D:\\fairproject\\fair_app\\node_modules\\@tailwindcss\\oxide-linux-arm-gnueabihf'
168 silly reify ]
169 verbose reify failed optional dependency D:\fairproject\fair_app\node_modules\@tailwindcss\oxide-freebsd-x64
170 silly reify mark deleted [
170 silly reify   'D:\\fairproject\\fair_app\\node_modules\\@tailwindcss\\oxide-freebsd-x64'
170 silly reify ]
171 verbose reify failed optional dependency D:\fairproject\fair_app\node_modules\@tailwindcss\oxide-darwin-x64
172 silly reify mark deleted [
172 silly reify   'D:\\fairproject\\fair_app\\node_modules\\@tailwindcss\\oxide-darwin-x64'
172 silly reify ]
173 verbose reify failed optional dependency D:\fairproject\fair_app\node_modules\@tailwindcss\oxide-darwin-arm64
174 silly reify mark deleted [
174 silly reify   'D:\\fairproject\\fair_app\\node_modules\\@tailwindcss\\oxide-darwin-arm64'
174 silly reify ]
175 verbose reify failed optional dependency D:\fairproject\fair_app\node_modules\@tailwindcss\oxide-android-arm64
176 silly reify mark deleted [
176 silly reify   'D:\\fairproject\\fair_app\\node_modules\\@tailwindcss\\oxide-android-arm64'
176 silly reify ]
177 verbose reify failed optional dependency D:\fairproject\fair_app\node_modules\@next\swc-win32-arm64-msvc
178 silly reify mark deleted [
178 silly reify   'D:\\fairproject\\fair_app\\node_modules\\@next\\swc-win32-arm64-msvc'
178 silly reify ]
179 verbose reify failed optional dependency D:\fairproject\fair_app\node_modules\@next\swc-linux-x64-musl
180 silly reify mark deleted [
180 silly reify   'D:\\fairproject\\fair_app\\node_modules\\@next\\swc-linux-x64-musl'
180 silly reify ]
181 verbose reify failed optional dependency D:\fairproject\fair_app\node_modules\@next\swc-linux-x64-gnu
182 silly reify mark deleted [ 'D:\\fairproject\\fair_app\\node_modules\\@next\\swc-linux-x64-gnu' ]
183 verbose reify failed optional dependency D:\fairproject\fair_app\node_modules\@next\swc-linux-arm64-musl
184 silly reify mark deleted [
184 silly reify   'D:\\fairproject\\fair_app\\node_modules\\@next\\swc-linux-arm64-musl'
184 silly reify ]
185 verbose reify failed optional dependency D:\fairproject\fair_app\node_modules\@next\swc-linux-arm64-gnu
186 silly reify mark deleted [
186 silly reify   'D:\\fairproject\\fair_app\\node_modules\\@next\\swc-linux-arm64-gnu'
186 silly reify ]
187 verbose reify failed optional dependency D:\fairproject\fair_app\node_modules\@next\swc-darwin-x64
188 silly reify mark deleted [ 'D:\\fairproject\\fair_app\\node_modules\\@next\\swc-darwin-x64' ]
189 verbose reify failed optional dependency D:\fairproject\fair_app\node_modules\@next\swc-darwin-arm64
190 silly reify mark deleted [ 'D:\\fairproject\\fair_app\\node_modules\\@next\\swc-darwin-arm64' ]
191 verbose reify failed optional dependency D:\fairproject\fair_app\node_modules\@img\sharp-win32-ia32
192 silly reify mark deleted [ 'D:\\fairproject\\fair_app\\node_modules\\@img\\sharp-win32-ia32' ]
193 verbose reify failed optional dependency D:\fairproject\fair_app\node_modules\@img\sharp-win32-arm64
194 silly reify mark deleted [ 'D:\\fairproject\\fair_app\\node_modules\\@img\\sharp-win32-arm64' ]
195 verbose reify failed optional dependency D:\fairproject\fair_app\node_modules\@img\sharp-wasm32
196 silly reify mark deleted [ 'D:\\fairproject\\fair_app\\node_modules\\@img\\sharp-wasm32' ]
197 verbose reify failed optional dependency D:\fairproject\fair_app\node_modules\@img\sharp-linuxmusl-x64
198 silly reify mark deleted [
198 silly reify   'D:\\fairproject\\fair_app\\node_modules\\@img\\sharp-linuxmusl-x64'
198 silly reify ]
199 verbose reify failed optional dependency D:\fairproject\fair_app\node_modules\@img\sharp-linuxmusl-arm64
200 silly reify mark deleted [
200 silly reify   'D:\\fairproject\\fair_app\\node_modules\\@img\\sharp-linuxmusl-arm64'
200 silly reify ]
201 verbose reify failed optional dependency D:\fairproject\fair_app\node_modules\@img\sharp-linux-x64
202 silly reify mark deleted [ 'D:\\fairproject\\fair_app\\node_modules\\@img\\sharp-linux-x64' ]
203 verbose reify failed optional dependency D:\fairproject\fair_app\node_modules\@img\sharp-linux-s390x
204 silly reify mark deleted [ 'D:\\fairproject\\fair_app\\node_modules\\@img\\sharp-linux-s390x' ]
205 verbose reify failed optional dependency D:\fairproject\fair_app\node_modules\@img\sharp-linux-ppc64
206 silly reify mark deleted [ 'D:\\fairproject\\fair_app\\node_modules\\@img\\sharp-linux-ppc64' ]
207 verbose reify failed optional dependency D:\fairproject\fair_app\node_modules\@img\sharp-linux-arm64
208 silly reify mark deleted [ 'D:\\fairproject\\fair_app\\node_modules\\@img\\sharp-linux-arm64' ]
209 verbose reify failed optional dependency D:\fairproject\fair_app\node_modules\@img\sharp-linux-arm
210 silly reify mark deleted [ 'D:\\fairproject\\fair_app\\node_modules\\@img\\sharp-linux-arm' ]
211 verbose reify failed optional dependency D:\fairproject\fair_app\node_modules\@img\sharp-libvips-linuxmusl-x64
212 silly reify mark deleted [
212 silly reify   'D:\\fairproject\\fair_app\\node_modules\\@img\\sharp-libvips-linuxmusl-x64'
212 silly reify ]
213 verbose reify failed optional dependency D:\fairproject\fair_app\node_modules\@img\sharp-libvips-linuxmusl-arm64
214 silly reify mark deleted [
214 silly reify   'D:\\fairproject\\fair_app\\node_modules\\@img\\sharp-libvips-linuxmusl-arm64'
214 silly reify ]
215 verbose reify failed optional dependency D:\fairproject\fair_app\node_modules\@img\sharp-libvips-linux-x64
216 silly reify mark deleted [
216 silly reify   'D:\\fairproject\\fair_app\\node_modules\\@img\\sharp-libvips-linux-x64'
216 silly reify ]
217 verbose reify failed optional dependency D:\fairproject\fair_app\node_modules\@img\sharp-libvips-linux-s390x
218 silly reify mark deleted [
218 silly reify   'D:\\fairproject\\fair_app\\node_modules\\@img\\sharp-libvips-linux-s390x'
218 silly reify ]
219 verbose reify failed optional dependency D:\fairproject\fair_app\node_modules\@img\sharp-libvips-linux-ppc64
220 silly reify mark deleted [
220 silly reify   'D:\\fairproject\\fair_app\\node_modules\\@img\\sharp-libvips-linux-ppc64'
220 silly reify ]
221 verbose reify failed optional dependency D:\fairproject\fair_app\node_modules\@img\sharp-libvips-linux-arm64
222 silly reify mark deleted [
222 silly reify   'D:\\fairproject\\fair_app\\node_modules\\@img\\sharp-libvips-linux-arm64'
222 silly reify ]
223 verbose reify failed optional dependency D:\fairproject\fair_app\node_modules\@img\sharp-libvips-linux-arm
224 silly reify mark deleted [
224 silly reify   'D:\\fairproject\\fair_app\\node_modules\\@img\\sharp-libvips-linux-arm'
224 silly reify ]
225 verbose reify failed optional dependency D:\fairproject\fair_app\node_modules\@img\sharp-libvips-darwin-x64
226 silly reify mark deleted [
226 silly reify   'D:\\fairproject\\fair_app\\node_modules\\@img\\sharp-libvips-darwin-x64'
226 silly reify ]
227 verbose reify failed optional dependency D:\fairproject\fair_app\node_modules\@img\sharp-libvips-darwin-arm64
228 silly reify mark deleted [
228 silly reify   'D:\\fairproject\\fair_app\\node_modules\\@img\\sharp-libvips-darwin-arm64'
228 silly reify ]
229 verbose reify failed optional dependency D:\fairproject\fair_app\node_modules\@img\sharp-darwin-x64
230 silly reify mark deleted [ 'D:\\fairproject\\fair_app\\node_modules\\@img\\sharp-darwin-x64' ]
231 verbose reify failed optional dependency D:\fairproject\fair_app\node_modules\@img\sharp-darwin-arm64
232 silly reify mark deleted [ 'D:\\fairproject\\fair_app\\node_modules\\@img\\sharp-darwin-arm64' ]
233 silly tarball no local data for picomatch@https://registry.npmjs.org/picomatch/-/picomatch-4.0.3.tgz. Extracting by manifest.
234 silly tarball no local data for @rollup/plugin-terser@https://registry.npmjs.org/@rollup/plugin-terser/-/plugin-terser-0.4.4.tgz. Extracting by manifest.
235 silly tarball no local data for @ducanh2912/next-pwa@https://registry.npmjs.org/@ducanh2912/next-pwa/-/next-pwa-10.2.9.tgz. Extracting by manifest.
236 silly tarball no local data for smob@https://registry.npmjs.org/smob/-/smob-1.5.0.tgz. Extracting by manifest.
237 silly tarball no local data for workbox-streams@https://registry.npmjs.org/workbox-streams/-/workbox-streams-7.1.0.tgz. Extracting by manifest.
238 silly tarball no local data for workbox-sw@https://registry.npmjs.org/workbox-sw/-/workbox-sw-7.1.0.tgz. Extracting by manifest.
239 silly tarball no local data for @types/resolve@https://registry.npmjs.org/@types/resolve/-/resolve-1.20.2.tgz. Extracting by manifest.
240 silly tarball no local data for workbox-recipes@https://registry.npmjs.org/workbox-recipes/-/workbox-recipes-7.1.0.tgz. Extracting by manifest.
241 silly tarball no local data for estree-walker@https://registry.npmjs.org/estree-walker/-/estree-walker-2.0.2.tgz. Extracting by manifest.
242 silly tarball no local data for workbox-routing@https://registry.npmjs.org/workbox-routing/-/workbox-routing-7.1.0.tgz. Extracting by manifest.
243 silly tarball no local data for workbox-strategies@https://registry.npmjs.org/workbox-strategies/-/workbox-strategies-7.1.0.tgz. Extracting by manifest.
244 silly tarball no local data for workbox-precaching@https://registry.npmjs.org/workbox-precaching/-/workbox-precaching-7.1.0.tgz. Extracting by manifest.
245 silly tarball no local data for workbox-navigation-preload@https://registry.npmjs.org/workbox-navigation-preload/-/workbox-navigation-preload-7.1.0.tgz. Extracting by manifest.
246 silly tarball no local data for workbox-cacheable-response@https://registry.npmjs.org/workbox-cacheable-response/-/workbox-cacheable-response-7.1.0.tgz. Extracting by manifest.
247 silly tarball no local data for workbox-expiration@https://registry.npmjs.org/workbox-expiration/-/workbox-expiration-7.1.0.tgz. Extracting by manifest.
248 silly tarball no local data for workbox-google-analytics@https://registry.npmjs.org/workbox-google-analytics/-/workbox-google-analytics-7.1.0.tgz. Extracting by manifest.
249 silly tarball no local data for workbox-background-sync@https://registry.npmjs.org/workbox-background-sync/-/workbox-background-sync-7.1.0.tgz. Extracting by manifest.
250 silly tarball no local data for @rollup/pluginutils@https://registry.npmjs.org/@rollup/pluginutils/-/pluginutils-5.3.0.tgz. Extracting by manifest.
251 silly tarball no local data for workbox-range-requests@https://registry.npmjs.org/workbox-range-requests/-/workbox-range-requests-7.1.0.tgz. Extracting by manifest.
252 silly tarball no local data for workbox-broadcast-update@https://registry.npmjs.org/workbox-broadcast-update/-/workbox-broadcast-update-7.1.0.tgz. Extracting by manifest.
253 silly tarball no local data for semver@https://registry.npmjs.org/semver/-/semver-7.6.3.tgz. Extracting by manifest.
254 silly tarball no local data for workbox-build@https://registry.npmjs.org/workbox-build/-/workbox-build-7.1.0.tgz. Extracting by manifest.
255 silly tarball no local data for @rollup/plugin-node-resolve@https://registry.npmjs.org/@rollup/plugin-node-resolve/-/plugin-node-resolve-15.3.1.tgz. Extracting by manifest.
256 silly tarball no local data for workbox-webpack-plugin@https://registry.npmjs.org/workbox-webpack-plugin/-/workbox-webpack-plugin-7.1.0.tgz. Extracting by manifest.
257 silly tarball no local data for workbox-window@https://registry.npmjs.org/workbox-window/-/workbox-window-7.1.0.tgz. Extracting by manifest.
258 silly tarball no local data for workbox-core@https://registry.npmjs.org/workbox-core/-/workbox-core-7.1.0.tgz. Extracting by manifest.
259 silly tarball no local data for fast-glob@https://registry.npmjs.org/fast-glob/-/fast-glob-3.3.2.tgz. Extracting by manifest.
260 silly tarball no local data for workbox-build@https://registry.npmjs.org/workbox-build/-/workbox-build-7.1.1.tgz. Extracting by manifest.
261 http fetch GET 200 https://registry.npmjs.org/@types/resolve/-/resolve-1.20.2.tgz 150ms (cache miss)
262 http fetch POST 200 https://registry.npmjs.org/-/npm/v1/security/advisories/bulk 239ms
263 silly audit report {
263 silly audit report   glob: [
263 silly audit report     {
263 silly audit report       id: 1109809,
263 silly audit report       url: 'https://github.com/advisories/GHSA-5j98-mcp5-4vw2',
263 silly audit report       title: 'glob CLI: Command injection via -c/--cmd executes matches with shell:true',
263 silly audit report       severity: 'high',
263 silly audit report       vulnerable_versions: '>=10.3.7 <=11.0.3',
263 silly audit report       cwe: [Array],
263 silly audit report       cvss: [Object]
263 silly audit report     }
263 silly audit report   ],
263 silly audit report   tar: [
263 silly audit report     {
263 silly audit report       id: 1109463,
263 silly audit report       url: 'https://github.com/advisories/GHSA-29xp-372q-xqph',
263 silly audit report       title: 'node-tar has a race condition leading to uninitialized memory exposure',
263 silly audit report       severity: 'moderate',
263 silly audit report       vulnerable_versions: '=7.5.1',
263 silly audit report       cwe: [Array],
263 silly audit report       cvss: [Object]
263 silly audit report     }
263 silly audit report   ]
263 silly audit report }
264 http fetch GET 200 https://registry.npmjs.org/workbox-sw/-/workbox-sw-7.1.0.tgz 222ms (cache miss)
265 http fetch GET 200 https://registry.npmjs.org/@rollup/pluginutils/-/pluginutils-5.3.0.tgz 298ms (cache miss)
266 http fetch GET 200 https://registry.npmjs.org/@rollup/plugin-terser/-/plugin-terser-0.4.4.tgz 320ms (cache miss)
267 http fetch GET 200 https://registry.npmjs.org/picomatch/-/picomatch-4.0.3.tgz 335ms (cache miss)
268 http fetch GET 200 https://registry.npmjs.org/tar 126ms (cache revalidated)
269 http fetch GET 200 https://registry.npmjs.org/smob/-/smob-1.5.0.tgz 359ms (cache miss)
270 http fetch GET 200 https://registry.npmjs.org/estree-walker/-/estree-walker-2.0.2.tgz 373ms (cache miss)
271 http fetch GET 200 https://registry.npmjs.org/@rollup/plugin-node-resolve/-/plugin-node-resolve-15.3.1.tgz 369ms (cache miss)
272 warn deprecated source-map@0.8.0-beta.0: The work that was done in this beta branch won't be included in future versions
273 http fetch GET 200 https://registry.npmjs.org/glob 171ms (cache miss)
274 http fetch GET 200 https://registry.npmjs.org/workbox-cacheable-response/-/workbox-cacheable-response-7.1.0.tgz 434ms (cache miss)
275 http fetch GET 200 https://registry.npmjs.org/workbox-navigation-preload/-/workbox-navigation-preload-7.1.0.tgz 462ms (cache miss)
276 http fetch GET 200 https://registry.npmjs.org/workbox-google-analytics/-/workbox-google-analytics-7.1.0.tgz 475ms (cache miss)
277 http fetch GET 200 https://registry.npmjs.org/workbox-webpack-plugin/-/workbox-webpack-plugin-7.1.0.tgz 478ms (cache miss)
278 http fetch GET 200 https://registry.npmjs.org/workbox-range-requests/-/workbox-range-requests-7.1.0.tgz 512ms (cache miss)
279 http fetch GET 200 https://registry.npmjs.org/workbox-streams/-/workbox-streams-7.1.0.tgz 522ms (cache miss)
280 http fetch GET 200 https://registry.npmjs.org/workbox-expiration/-/workbox-expiration-7.1.0.tgz 519ms (cache miss)
281 http fetch GET 200 https://registry.npmjs.org/workbox-recipes/-/workbox-recipes-7.1.0.tgz 523ms (cache miss)
282 http fetch GET 200 https://registry.npmjs.org/workbox-broadcast-update/-/workbox-broadcast-update-7.1.0.tgz 519ms (cache miss)
283 http fetch GET 200 https://registry.npmjs.org/rimraf 115ms (cache miss)
284 http fetch GET 200 https://registry.npmjs.org/workbox-background-sync/-/workbox-background-sync-7.1.0.tgz 596ms (cache miss)
285 http fetch GET 200 https://registry.npmjs.org/workbox-window/-/workbox-window-7.1.0.tgz 601ms (cache miss)
286 http fetch GET 200 https://registry.npmjs.org/semver/-/semver-7.6.3.tgz 608ms (cache miss)
287 http fetch GET 200 https://registry.npmjs.org/fast-glob/-/fast-glob-3.3.2.tgz 611ms (cache miss)
288 http fetch GET 200 https://registry.npmjs.org/workbox-strategies/-/workbox-strategies-7.1.0.tgz 629ms (cache miss)
289 http fetch GET 200 https://registry.npmjs.org/workbox-routing/-/workbox-routing-7.1.0.tgz 648ms (cache miss)
290 http fetch GET 200 https://registry.npmjs.org/@tailwindcss%2foxide 115ms (cache updated)
291 http fetch GET 200 https://registry.npmjs.org/@ducanh2912/next-pwa/-/next-pwa-10.2.9.tgz 741ms (cache miss)
292 http fetch GET 200 https://registry.npmjs.org/workbox-precaching/-/workbox-precaching-7.1.0.tgz 776ms (cache miss)
293 http fetch GET 200 https://registry.npmjs.org/workbox-build/-/workbox-build-7.1.0.tgz 785ms (cache miss)
294 http fetch GET 200 https://registry.npmjs.org/workbox-build/-/workbox-build-7.1.1.tgz 789ms (cache miss)
295 http fetch GET 200 https://registry.npmjs.org/workbox-core/-/workbox-core-7.1.0.tgz 802ms (cache miss)
296 silly ADD node_modules/smob
297 silly ADD node_modules/@rollup/plugin-terser
298 silly ADD node_modules/@ducanh2912/next-pwa
299 silly ADD node_modules/@ducanh2912/next-pwa/node_modules/picomatch
300 silly ADD node_modules/@ducanh2912/next-pwa/node_modules/estree-walker
301 silly ADD node_modules/@ducanh2912/next-pwa/node_modules/webpack-sources
302 silly ADD node_modules/@ducanh2912/next-pwa/node_modules/webpack-sources/node_modules/source-map
303 silly ADD node_modules/@ducanh2912/next-pwa/node_modules/json-schema-traverse
304 silly ADD node_modules/@ducanh2912/next-pwa/node_modules/@types/resolve
305 silly ADD node_modules/@ducanh2912/next-pwa/node_modules/workbox-sw
306 silly ADD node_modules/@ducanh2912/next-pwa/node_modules/workbox-streams
307 silly ADD node_modules/@ducanh2912/next-pwa/node_modules/workbox-strategies
308 silly ADD node_modules/@ducanh2912/next-pwa/node_modules/workbox-routing
309 silly ADD node_modules/@ducanh2912/next-pwa/node_modules/workbox-recipes
310 silly ADD node_modules/@ducanh2912/next-pwa/node_modules/workbox-range-requests
311 silly ADD node_modules/@ducanh2912/next-pwa/node_modules/workbox-precaching
312 silly ADD node_modules/@ducanh2912/next-pwa/node_modules/workbox-navigation-preload
313 silly ADD node_modules/@ducanh2912/next-pwa/node_modules/workbox-google-analytics
314 silly ADD node_modules/@ducanh2912/next-pwa/node_modules/workbox-expiration
315 silly ADD node_modules/@ducanh2912/next-pwa/node_modules/workbox-cacheable-response
316 silly ADD node_modules/@ducanh2912/next-pwa/node_modules/workbox-broadcast-update
317 silly ADD node_modules/@ducanh2912/next-pwa/node_modules/workbox-background-sync
318 silly ADD node_modules/@ducanh2912/next-pwa/node_modules/source-map
319 silly ADD node_modules/@ducanh2912/next-pwa/node_modules/@rollup/plugin-node-resolve
320 silly ADD node_modules/@ducanh2912/next-pwa/node_modules/@rollup/plugin-node-resolve/node_modules/@rollup/pluginutils
321 silly ADD node_modules/@ducanh2912/next-pwa/node_modules/ajv
322 silly ADD node_modules/@ducanh2912/next-pwa/node_modules/@apideck/better-ajv-errors
323 silly ADD node_modules/@ducanh2912/next-pwa/node_modules/workbox-window
324 silly ADD node_modules/@ducanh2912/next-pwa/node_modules/workbox-webpack-plugin
325 silly ADD node_modules/@ducanh2912/next-pwa/node_modules/workbox-webpack-plugin/node_modules/workbox-build
326 silly ADD node_modules/@ducanh2912/next-pwa/node_modules/workbox-core
327 silly ADD node_modules/@ducanh2912/next-pwa/node_modules/workbox-build
328 silly ADD node_modules/@ducanh2912/next-pwa/node_modules/semver
329 silly ADD node_modules/@ducanh2912/next-pwa/node_modules/fast-glob
330 silly ADD
331 silly ADD
332 silly ADD
333 silly ADD
334 silly ADD
335 silly ADD
336 silly ADD
337 silly ADD
338 silly ADD
339 silly ADD
340 silly ADD
341 silly ADD
342 silly ADD
343 silly ADD
344 silly ADD
345 silly ADD
346 silly ADD
347 silly ADD
348 silly ADD
349 silly ADD
350 silly ADD
351 silly ADD
352 silly ADD
353 silly ADD
354 silly ADD
355 silly ADD
356 silly ADD
357 silly ADD
358 silly ADD
359 silly ADD
360 silly ADD
361 silly ADD
362 silly ADD
363 silly ADD
364 silly ADD
365 silly ADD
366 silly ADD
367 silly ADD
368 silly ADD
369 silly ADD
370 silly ADD
371 silly ADD
372 silly ADD
373 silly ADD
374 silly ADD
375 silly ADD
376 silly ADD
377 silly ADD
378 silly ADD
379 verbose exit 0
380 info ok
